<?xml version="1.0" encoding="UTF-8"?>
<coverage generated="1750255304391" clover="3.2.0">
  <project timestamp="1750255304391" name="All files">
    <metrics statements="1414" coveredstatements="740" conditionals="714" coveredconditionals="259" methods="194" coveredmethods="113" elements="2322" coveredelements="1112" complexity="0" loc="1414" ncloc="1414" packages="2" files="10" classes="10"/>
    <package name="nip46">
      <metrics statements="1154" coveredstatements="591" conditionals="544" coveredconditionals="179" methods="155" coveredmethods="85"/>
      <file name="bunker.ts" path="/Users/plebdev/Desktop/code/snstr/src/nip46/bunker.ts">
        <metrics statements="298" coveredstatements="172" conditionals="160" coveredconditionals="69" methods="38" coveredmethods="23"/>
        <line num="1" count="11" type="stmt"/>
        <line num="2" count="11" type="stmt"/>
        <line num="3" count="11" type="stmt"/>
        <line num="5" count="11" type="stmt"/>
        <line num="6" count="11" type="stmt"/>
        <line num="7" count="11" type="stmt"/>
        <line num="23" count="11" type="stmt"/>
        <line num="25" count="11" type="stmt"/>
        <line num="34" count="5" type="stmt"/>
        <line num="35" count="5" type="stmt"/>
        <line num="36" count="5" type="stmt"/>
        <line num="39" count="5" type="stmt"/>
        <line num="40" count="5" type="cond" truecount="1" falsecount="1"/>
        <line num="41" count="5" type="stmt"/>
        <line num="42" count="5" type="stmt"/>
        <line num="43" count="5" type="stmt"/>
        <line num="44" count="5" type="cond" truecount="1" falsecount="1"/>
        <line num="47" count="5" type="cond" truecount="0" falsecount="1"/>
        <line num="48" count="0" type="stmt"/>
        <line num="52" count="5" type="stmt"/>
        <line num="59" count="5" type="stmt"/>
        <line num="64" count="5" type="cond" truecount="1" falsecount="0"/>
        <line num="65" count="5" type="stmt"/>
        <line num="69" count="5" type="stmt"/>
        <line num="73" count="5" type="stmt"/>
        <line num="74" count="5" type="stmt"/>
        <line num="85" count="0" type="stmt"/>
        <line num="89" count="2" type="cond" truecount="1" falsecount="0"/>
        <line num="91" count="2" type="cond" truecount="0" falsecount="1"/>
        <line num="92" count="0" type="stmt"/>
        <line num="93" count="0" type="stmt"/>
        <line num="97" count="2" type="stmt"/>
        <line num="98" count="2" type="cond" truecount="1" falsecount="0"/>
        <line num="99" count="2" type="stmt"/>
        <line num="102" count="2" type="stmt"/>
        <line num="108" count="2" type="cond" truecount="0" falsecount="1"/>
        <line num="109" count="0" type="stmt"/>
        <line num="113" count="2" type="stmt"/>
        <line num="114" count="15" type="stmt"/>
        <line num="118" count="2" type="cond" truecount="0" falsecount="1"/>
        <line num="119" count="0" type="stmt"/>
        <line num="123" count="2" type="stmt"/>
        <line num="127" count="5" type="cond" truecount="1" falsecount="0"/>
        <line num="130" count="5" type="cond" truecount="1" falsecount="0"/>
        <line num="131" count="2" type="stmt"/>
        <line num="132" count="2" type="stmt"/>
        <line num="135" count="5" type="cond" truecount="1" falsecount="0"/>
        <line num="136" count="2" type="stmt"/>
        <line num="137" count="2" type="stmt"/>
        <line num="140" count="5" type="cond" truecount="1" falsecount="0"/>
        <line num="141" count="5" type="stmt"/>
        <line num="144" count="5" type="stmt"/>
        <line num="145" count="5" type="stmt"/>
        <line num="146" count="5" type="stmt"/>
        <line num="153" count="4" type="stmt"/>
        <line num="160" count="4" type="stmt"/>
        <line num="167" count="0" type="stmt"/>
        <line num="168" count="0" type="cond" truecount="0" falsecount="2"/>
        <line num="181" count="3" type="stmt"/>
        <line num="188" count="1" type="stmt"/>
        <line num="196" count="15" type="stmt"/>
        <line num="197" count="15" type="stmt"/>
        <line num="199" count="15" type="cond" truecount="0" falsecount="1"/>
        <line num="201" count="0" type="cond" truecount="0" falsecount="1"/>
        <line num="202" count="0" type="stmt"/>
        <line num="204" count="0" type="stmt"/>
        <line num="208" count="15" type="stmt"/>
        <line num="210" count="15" type="stmt"/>
        <line num="218" count="0" type="stmt"/>
        <line num="219" count="0" type="stmt"/>
        <line num="221" count="0" type="stmt"/>
        <line num="222" count="0" type="stmt"/>
        <line num="223" count="0" type="cond" truecount="0" falsecount="1"/>
        <line num="224" count="0" type="stmt"/>
        <line num="225" count="0" type="stmt"/>
        <line num="229" count="0" type="cond" truecount="0" falsecount="3"/>
        <line num="230" count="0" type="stmt"/>
        <line num="240" count="2" type="cond" truecount="1" falsecount="0"/>
        <line num="241" count="2" type="stmt"/>
        <line num="245" count="2" type="stmt"/>
        <line num="248" count="2" type="stmt"/>
        <line num="249" count="1" type="cond" truecount="1" falsecount="0"/>
        <line num="251" count="1" type="stmt"/>
        <line num="253" count="1" type="cond" truecount="1" falsecount="0"/>
        <line num="255" count="1" type="stmt"/>
        <line num="262" count="1" type="cond" truecount="1" falsecount="0"/>
        <line num="263" count="1" type="cond" truecount="1" falsecount="0"/>
        <line num="264" count="1" type="stmt"/>
        <line num="268" count="1" type="stmt"/>
        <line num="269" count="2" type="stmt"/>
        <line num="274" count="1" type="cond" truecount="0" falsecount="1"/>
        <line num="275" count="0" type="stmt"/>
        <line num="276" count="0" type="stmt"/>
        <line num="281" count="1" type="stmt"/>
        <line num="284" count="1" type="stmt"/>
        <line num="287" count="0" type="cond" truecount="0" falsecount="2"/>
        <line num="288" count="0" type="stmt"/>
        <line num="296" count="1" type="stmt"/>
        <line num="297" count="1" type="stmt"/>
        <line num="301" count="2" type="stmt"/>
        <line num="305" count="0" type="stmt"/>
        <line num="306" count="0" type="stmt"/>
        <line num="307" count="0" type="stmt"/>
        <line num="310" count="0" type="stmt"/>
        <line num="311" count="0" type="cond" truecount="0" falsecount="1"/>
        <line num="313" count="0" type="stmt"/>
        <line num="314" count="0" type="stmt"/>
        <line num="319" count="0" type="stmt"/>
        <line num="320" count="0" type="cond" truecount="0" falsecount="3"/>
        <line num="321" count="0" type="stmt"/>
        <line num="322" count="0" type="stmt"/>
        <line num="327" count="0" type="stmt"/>
        <line num="329" count="0" type="cond" truecount="0" falsecount="4"/>
        <line num="330" count="0" type="stmt"/>
        <line num="340" count="15" type="cond" truecount="1" falsecount="0"/>
        <line num="341" count="15" type="stmt"/>
        <line num="349" count="15" type="stmt"/>
        <line num="351" count="15" type="stmt"/>
        <line num="353" count="15" type="stmt"/>
        <line num="355" count="15" type="cond" truecount="0" falsecount="1"/>
        <line num="356" count="0" type="cond" truecount="0" falsecount="1"/>
        <line num="357" count="0" type="stmt"/>
        <line num="361" count="0" type="stmt"/>
        <line num="366" count="15" type="stmt"/>
        <line num="367" count="15" type="stmt"/>
        <line num="368" count="15" type="cond" truecount="1" falsecount="0"/>
        <line num="369" count="15" type="stmt"/>
        <line num="375" count="0" type="cond" truecount="0" falsecount="2"/>
        <line num="376" count="0" type="stmt"/>
        <line num="380" count="0" type="stmt"/>
        <line num="384" count="15" type="cond" truecount="2" falsecount="1"/>
        <line num="385" count="0" type="cond" truecount="0" falsecount="1"/>
        <line num="386" count="0" type="stmt"/>
        <line num="388" count="0" type="stmt"/>
        <line num="395" count="15" type="stmt"/>
        <line num="397" count="15" type="cond" truecount="2" falsecount="0"/>
        <line num="398" count="3" type="stmt"/>
        <line num="399" count="12" type="cond" truecount="2" falsecount="0"/>
        <line num="400" count="6" type="stmt"/>
        <line num="401" count="6" type="cond" truecount="2" falsecount="0"/>
        <line num="402" count="3" type="stmt"/>
        <line num="403" count="3" type="cond" truecount="1" falsecount="1"/>
        <line num="404" count="0" type="stmt"/>
        <line num="408" count="3" type="cond" truecount="1" falsecount="1"/>
        <line num="414" count="0" type="stmt"/>
        <line num="415" count="3" type="cond" truecount="1" falsecount="1"/>
        <line num="416" count="0" type="stmt"/>
        <line num="420" count="3" type="cond" truecount="1" falsecount="1"/>
        <line num="421" count="3" type="stmt"/>
        <line num="423" count="0" type="stmt"/>
        <line num="424" count="0" type="stmt"/>
        <line num="431" count="15" type="stmt"/>
        <line num="440" count="0" type="cond" truecount="0" falsecount="2"/>
        <line num="441" count="0" type="stmt"/>
        <line num="453" count="4" type="stmt"/>
        <line num="454" count="4" type="cond" truecount="2" falsecount="1"/>
        <line num="455" count="0" type="stmt"/>
        <line num="464" count="4" type="cond" truecount="2" falsecount="0"/>
        <line num="467" count="4" type="cond" truecount="0" falsecount="1"/>
        <line num="468" count="0" type="cond" truecount="0" falsecount="2"/>
        <line num="470" count="0" type="stmt"/>
        <line num="474" count="0" type="cond" truecount="0" falsecount="1"/>
        <line num="475" count="0" type="stmt"/>
        <line num="484" count="4" type="stmt"/>
        <line num="485" count="4" type="cond" truecount="1" falsecount="0"/>
        <line num="486" count="1" type="stmt"/>
        <line num="490" count="4" type="cond" truecount="1" falsecount="0"/>
        <line num="492" count="1" type="stmt"/>
        <line num="493" count="1" type="stmt"/>
        <line num="500" count="1" type="stmt"/>
        <line num="503" count="1" type="stmt"/>
        <line num="504" count="1" type="cond" truecount="1" falsecount="0"/>
        <line num="505" count="1" type="stmt"/>
        <line num="509" count="1" type="stmt"/>
        <line num="518" count="3" type="cond" truecount="2" falsecount="0"/>
        <line num="524" count="3" type="stmt"/>
        <line num="527" count="3" type="cond" truecount="1" falsecount="0"/>
        <line num="528" count="3" type="stmt"/>
        <line num="529" count="9" type="stmt"/>
        <line num="534" count="3" type="stmt"/>
        <line num="535" count="3" type="stmt"/>
        <line num="537" count="3" type="cond" truecount="1" falsecount="0"/>
        <line num="538" count="3" type="stmt"/>
        <line num="539" count="3" type="stmt"/>
        <line num="546" count="3" type="stmt"/>
        <line num="559" count="6" type="cond" truecount="1" falsecount="0"/>
        <line num="560" count="2" type="stmt"/>
        <line num="566" count="4" type="cond" truecount="0" falsecount="1"/>
        <line num="567" count="0" type="stmt"/>
        <line num="568" count="0" type="stmt"/>
        <line num="574" count="4" type="stmt"/>
        <line num="576" count="4" type="stmt"/>
        <line num="581" count="4" type="cond" truecount="1" falsecount="0"/>
        <line num="584" count="2" type="stmt"/>
        <line num="591" count="2" type="stmt"/>
        <line num="600" count="2" type="stmt"/>
        <line num="606" count="0" type="cond" truecount="0" falsecount="2"/>
        <line num="607" count="0" type="stmt"/>
        <line num="608" count="0" type="stmt"/>
        <line num="621" count="3" type="stmt"/>
        <line num="635" count="3" type="cond" truecount="1" falsecount="0"/>
        <line num="636" count="2" type="stmt"/>
        <line num="637" count="2" type="cond" truecount="1" falsecount="0"/>
        <line num="638" count="2" type="stmt"/>
        <line num="643" count="3" type="stmt"/>
        <line num="644" count="3" type="stmt"/>
        <line num="645" count="0" type="cond" truecount="0" falsecount="1"/>
        <line num="646" count="0" type="stmt"/>
        <line num="649" count="3" type="stmt"/>
        <line num="651" count="3" type="stmt"/>
        <line num="664" count="0" type="cond" truecount="0" falsecount="1"/>
        <line num="665" count="0" type="stmt"/>
        <line num="672" count="0" type="cond" truecount="0" falsecount="1"/>
        <line num="673" count="0" type="stmt"/>
        <line num="680" count="0" type="cond" truecount="0" falsecount="1"/>
        <line num="681" count="0" type="stmt"/>
        <line num="682" count="0" type="stmt"/>
        <line num="688" count="0" type="stmt"/>
        <line num="689" count="0" type="stmt"/>
        <line num="690" count="0" type="stmt"/>
        <line num="692" count="0" type="cond" truecount="0" falsecount="3"/>
        <line num="693" count="0" type="stmt"/>
        <line num="702" count="0" type="cond" truecount="0" falsecount="5"/>
        <line num="704" count="0" type="stmt"/>
        <line num="709" count="0" type="stmt"/>
        <line num="712" count="0" type="stmt"/>
        <line num="717" count="0" type="stmt"/>
        <line num="720" count="0" type="stmt"/>
        <line num="725" count="0" type="stmt"/>
        <line num="728" count="0" type="stmt"/>
        <line num="733" count="0" type="stmt"/>
        <line num="736" count="0" type="stmt"/>
        <line num="744" count="0" type="stmt"/>
        <line num="750" count="0" type="cond" truecount="0" falsecount="2"/>
        <line num="751" count="0" type="stmt"/>
        <line num="752" count="0" type="stmt"/>
        <line num="769" count="16" type="cond" truecount="0" falsecount="1"/>
        <line num="770" count="0" type="stmt"/>
        <line num="774" count="16" type="stmt"/>
        <line num="776" count="16" type="cond" truecount="3" falsecount="0"/>
        <line num="777" count="12" type="stmt"/>
        <line num="780" count="16" type="cond" truecount="1" falsecount="0"/>
        <line num="781" count="4" type="stmt"/>
        <line num="784" count="16" type="cond" truecount="0" falsecount="1"/>
        <line num="785" count="0" type="stmt"/>
        <line num="788" count="16" type="stmt"/>
        <line num="790" count="16" type="stmt"/>
        <line num="791" count="16" type="stmt"/>
        <line num="798" count="16" type="stmt"/>
        <line num="810" count="16" type="stmt"/>
        <line num="813" count="0" type="cond" truecount="0" falsecount="2"/>
        <line num="814" count="0" type="stmt"/>
        <line num="815" count="0" type="stmt"/>
        <line num="822" count="6" type="stmt"/>
        <line num="831" count="2" type="stmt"/>
        <line num="836" count="2" type="cond" truecount="3" falsecount="0"/>
        <line num="837" count="2" type="stmt"/>
        <line num="841" count="2" type="cond" truecount="0" falsecount="1"/>
        <line num="842" count="0" type="stmt"/>
        <line num="845" count="2" type="stmt"/>
        <line num="851" count="0" type="stmt"/>
        <line num="853" count="0" type="cond" truecount="0" falsecount="3"/>
        <line num="854" count="0" type="stmt"/>
        <line num="858" count="0" type="stmt"/>
        <line num="865" count="0" type="stmt"/>
        <line num="878" count="0" type="stmt"/>
        <line num="879" count="0" type="stmt"/>
        <line num="882" count="0" type="cond" truecount="0" falsecount="2"/>
        <line num="883" count="0" type="stmt"/>
        <line num="884" count="0" type="stmt"/>
        <line num="896" count="15" type="cond" truecount="0" falsecount="1"/>
        <line num="897" count="0" type="stmt"/>
        <line num="905" count="15" type="stmt"/>
        <line num="906" count="15" type="stmt"/>
        <line num="911" count="15" type="stmt"/>
        <line num="917" count="0" type="cond" truecount="0" falsecount="2"/>
        <line num="918" count="0" type="cond" truecount="0" falsecount="1"/>
        <line num="919" count="0" type="stmt"/>
        <line num="920" count="0" type="stmt"/>
        <line num="934" count="4" type="cond" truecount="3" falsecount="0"/>
        <line num="935" count="4" type="cond" truecount="1" falsecount="1"/>
        <line num="936" count="4" type="cond" truecount="1" falsecount="0"/>
        <line num="937" count="4" type="cond" truecount="1" falsecount="0"/>
        <line num="938" count="4" type="stmt"/>
        <line num="940" count="4" type="stmt"/>
        <line num="944" count="0" type="stmt"/>
        <line num="945" count="0" type="cond" truecount="0" falsecount="1"/>
        <line num="946" count="0" type="stmt"/>
        <line num="950" count="0" type="cond" truecount="0" falsecount="1"/>
        <line num="951" count="0" type="stmt"/>
        <line num="955" count="0" type="cond" truecount="0" falsecount="1"/>
        <line num="959" count="0" type="stmt"/>
        <line num="963" count="0" type="stmt"/>
        <line num="964" count="0" type="cond" truecount="0" falsecount="1"/>
        <line num="965" count="0" type="stmt"/>
        <line num="966" count="0" type="cond" truecount="0" falsecount="1"/>
        <line num="967" count="0" type="stmt"/>
        <line num="972" count="0" type="stmt"/>
      </file>
      <file name="client.ts" path="/Users/plebdev/Desktop/code/snstr/src/nip46/client.ts">
        <metrics statements="352" coveredstatements="22" conditionals="196" coveredconditionals="13" methods="38" coveredmethods="2"/>
        <line num="1" count="11" type="stmt"/>
        <line num="2" count="11" type="stmt"/>
        <line num="3" count="11" type="stmt"/>
        <line num="4" count="11" type="stmt"/>
        <line num="6" count="11" type="stmt"/>
        <line num="7" count="11" type="stmt"/>
        <line num="8" count="11" type="stmt"/>
        <line num="24" count="11" type="stmt"/>
        <line num="26" count="11" type="stmt"/>
        <line num="28" count="0" type="stmt"/>
        <line num="29" count="0" type="stmt"/>
        <line num="30" count="0" type="stmt"/>
        <line num="31" count="0" type="stmt"/>
        <line num="41" count="0" type="stmt"/>
        <line num="42" count="0" type="stmt"/>
        <line num="44" count="0" type="stmt"/>
        <line num="52" count="0" type="stmt"/>
        <line num="62" count="0" type="stmt"/>
        <line num="63" count="0" type="stmt"/>
        <line num="64" count="0" type="cond" truecount="0" falsecount="2"/>
        <line num="71" count="0" type="cond" truecount="0" falsecount="1"/>
        <line num="73" count="0" type="cond" truecount="0" falsecount="1"/>
        <line num="74" count="0" type="cond" truecount="0" falsecount="1"/>
        <line num="75" count="0" type="stmt"/>
        <line num="79" count="0" type="stmt"/>
        <line num="82" count="0" type="cond" truecount="0" falsecount="1"/>
        <line num="83" count="0" type="stmt"/>
        <line num="86" count="0" type="stmt"/>
        <line num="92" count="0" type="cond" truecount="0" falsecount="1"/>
        <line num="93" count="0" type="stmt"/>
        <line num="96" count="0" type="cond" truecount="0" falsecount="1"/>
        <line num="97" count="0" type="stmt"/>
        <line num="101" count="0" type="stmt"/>
        <line num="107" count="0" type="stmt"/>
        <line num="108" count="0" type="stmt"/>
        <line num="111" count="0" type="cond" truecount="0" falsecount="1"/>
        <line num="112" count="0" type="stmt"/>
        <line num="119" count="0" type="cond" truecount="0" falsecount="1"/>
        <line num="120" count="0" type="stmt"/>
        <line num="121" count="0" type="stmt"/>
        <line num="124" count="0" type="stmt"/>
        <line num="126" count="0" type="stmt"/>
        <line num="127" count="0" type="stmt"/>
        <line num="128" count="0" type="stmt"/>
        <line num="130" count="0" type="stmt"/>
        <line num="131" count="0" type="stmt"/>
        <line num="132" count="0" type="stmt"/>
        <line num="134" count="0" type="stmt"/>
        <line num="137" count="0" type="stmt"/>
        <line num="138" count="0" type="stmt"/>
        <line num="140" count="0" type="stmt"/>
        <line num="143" count="0" type="cond" truecount="0" falsecount="3"/>
        <line num="144" count="0" type="stmt"/>
        <line num="145" count="0" type="stmt"/>
        <line num="154" count="0" type="cond" truecount="0" falsecount="1"/>
        <line num="155" count="0" type="stmt"/>
        <line num="159" count="0" type="stmt"/>
        <line num="161" count="0" type="cond" truecount="0" falsecount="1"/>
        <line num="162" count="0" type="stmt"/>
        <line num="163" count="0" type="cond" truecount="0" falsecount="1"/>
        <line num="164" count="0" type="stmt"/>
        <line num="171" count="0" type="cond" truecount="0" falsecount="1"/>
        <line num="172" count="0" type="stmt"/>
        <line num="176" count="0" type="stmt"/>
        <line num="177" count="0" type="cond" truecount="0" falsecount="1"/>
        <line num="180" count="0" type="stmt"/>
        <line num="181" count="0" type="stmt"/>
        <line num="182" count="0" type="cond" truecount="0" falsecount="1"/>
        <line num="183" count="0" type="stmt"/>
        <line num="184" count="0" type="stmt"/>
        <line num="196" count="0" type="cond" truecount="0" falsecount="1"/>
        <line num="197" count="0" type="cond" truecount="0" falsecount="1"/>
        <line num="198" count="0" type="stmt"/>
        <line num="202" count="0" type="stmt"/>
        <line num="203" count="0" type="stmt"/>
        <line num="204" count="0" type="stmt"/>
        <line num="205" count="0" type="cond" truecount="0" falsecount="1"/>
        <line num="206" count="0" type="stmt"/>
        <line num="210" count="0" type="stmt"/>
        <line num="213" count="0" type="cond" truecount="0" falsecount="1"/>
        <line num="214" count="0" type="stmt"/>
        <line num="215" count="0" type="stmt"/>
        <line num="221" count="0" type="cond" truecount="0" falsecount="1"/>
        <line num="222" count="0" type="stmt"/>
        <line num="224" count="0" type="stmt"/>
        <line num="230" count="0" type="cond" truecount="0" falsecount="1"/>
        <line num="231" count="0" type="stmt"/>
        <line num="237" count="0" type="cond" truecount="0" falsecount="2"/>
        <line num="238" count="0" type="cond" truecount="0" falsecount="1"/>
        <line num="239" count="0" type="stmt"/>
        <line num="244" count="0" type="cond" truecount="0" falsecount="2"/>
        <line num="245" count="0" type="stmt"/>
        <line num="246" count="0" type="stmt"/>
        <line num="247" count="0" type="stmt"/>
        <line num="251" count="0" type="stmt"/>
        <line num="252" count="0" type="stmt"/>
        <line num="253" count="0" type="cond" truecount="0" falsecount="1"/>
        <line num="254" count="0" type="stmt"/>
        <line num="255" count="0" type="stmt"/>
        <line num="259" count="0" type="stmt"/>
        <line num="260" count="0" type="stmt"/>
        <line num="261" count="0" type="stmt"/>
        <line num="269" count="0" type="cond" truecount="0" falsecount="1"/>
        <line num="270" count="0" type="stmt"/>
        <line num="271" count="0" type="stmt"/>
        <line num="277" count="0" type="cond" truecount="0" falsecount="7"/>
        <line num="278" count="0" type="cond" truecount="0" falsecount="1"/>
        <line num="279" count="0" type="stmt"/>
        <line num="281" count="0" type="stmt"/>
        <line num="287" count="0" type="stmt"/>
        <line num="288" count="0" type="cond" truecount="0" falsecount="1"/>
        <line num="293" count="0" type="stmt"/>
        <line num="294" count="0" type="cond" truecount="0" falsecount="1"/>
        <line num="295" count="0" type="stmt"/>
        <line num="296" count="0" type="cond" truecount="0" falsecount="1"/>
        <line num="297" count="0" type="stmt"/>
        <line num="300" count="0" type="cond" truecount="0" falsecount="2"/>
        <line num="301" count="0" type="stmt"/>
        <line num="305" count="0" type="stmt"/>
        <line num="310" count="0" type="stmt"/>
        <line num="312" count="0" type="stmt"/>
        <line num="314" count="0" type="stmt"/>
        <line num="315" count="0" type="cond" truecount="0" falsecount="2"/>
        <line num="316" count="0" type="stmt"/>
        <line num="319" count="0" type="cond" truecount="0" falsecount="2"/>
        <line num="320" count="0" type="stmt"/>
        <line num="331" count="0" type="cond" truecount="0" falsecount="4"/>
        <line num="332" count="0" type="stmt"/>
        <line num="333" count="0" type="stmt"/>
        <line num="334" count="0" type="cond" truecount="0" falsecount="1"/>
        <line num="335" count="0" type="stmt"/>
        <line num="338" count="0" type="cond" truecount="0" falsecount="1"/>
        <line num="339" count="0" type="stmt"/>
        <line num="345" count="0" type="stmt"/>
        <line num="352" count="0" type="cond" truecount="0" falsecount="4"/>
        <line num="353" count="0" type="stmt"/>
        <line num="356" count="0" type="stmt"/>
        <line num="360" count="0" type="cond" truecount="0" falsecount="1"/>
        <line num="361" count="0" type="stmt"/>
        <line num="364" count="0" type="cond" truecount="0" falsecount="1"/>
        <line num="365" count="0" type="stmt"/>
        <line num="370" count="0" type="stmt"/>
        <line num="377" count="0" type="cond" truecount="0" falsecount="4"/>
        <line num="378" count="0" type="stmt"/>
        <line num="381" count="0" type="stmt"/>
        <line num="382" count="0" type="cond" truecount="0" falsecount="1"/>
        <line num="383" count="0" type="stmt"/>
        <line num="387" count="0" type="stmt"/>
        <line num="394" count="0" type="cond" truecount="0" falsecount="4"/>
        <line num="395" count="0" type="stmt"/>
        <line num="398" count="0" type="stmt"/>
        <line num="399" count="0" type="cond" truecount="0" falsecount="1"/>
        <line num="400" count="0" type="stmt"/>
        <line num="402" count="0" type="stmt"/>
        <line num="412" count="0" type="cond" truecount="0" falsecount="4"/>
        <line num="413" count="0" type="stmt"/>
        <line num="416" count="0" type="stmt"/>
        <line num="421" count="0" type="cond" truecount="0" falsecount="1"/>
        <line num="422" count="0" type="stmt"/>
        <line num="427" count="0" type="stmt"/>
        <line num="437" count="0" type="cond" truecount="0" falsecount="4"/>
        <line num="438" count="0" type="stmt"/>
        <line num="441" count="0" type="stmt"/>
        <line num="446" count="0" type="cond" truecount="0" falsecount="1"/>
        <line num="447" count="0" type="stmt"/>
        <line num="452" count="0" type="stmt"/>
        <line num="459" count="0" type="cond" truecount="0" falsecount="4"/>
        <line num="460" count="0" type="stmt"/>
        <line num="463" count="0" type="stmt"/>
        <line num="465" count="0" type="cond" truecount="0" falsecount="1"/>
        <line num="466" count="0" type="stmt"/>
        <line num="469" count="0" type="stmt"/>
        <line num="479" count="0" type="cond" truecount="0" falsecount="4"/>
        <line num="480" count="0" type="stmt"/>
        <line num="483" count="0" type="stmt"/>
        <line num="488" count="0" type="cond" truecount="0" falsecount="1"/>
        <line num="489" count="0" type="stmt"/>
        <line num="492" count="0" type="stmt"/>
        <line num="502" count="0" type="cond" truecount="0" falsecount="4"/>
        <line num="503" count="0" type="stmt"/>
        <line num="506" count="0" type="stmt"/>
        <line num="511" count="0" type="cond" truecount="0" falsecount="1"/>
        <line num="512" count="0" type="stmt"/>
        <line num="515" count="0" type="stmt"/>
        <line num="525" count="0" type="cond" truecount="0" falsecount="1"/>
        <line num="526" count="0" type="stmt"/>
        <line num="527" count="0" type="stmt"/>
        <line num="530" count="0" type="cond" truecount="0" falsecount="3"/>
        <line num="531" count="0" type="stmt"/>
        <line num="535" count="0" type="stmt"/>
        <line num="536" count="0" type="cond" truecount="0" falsecount="1"/>
        <line num="538" count="0" type="stmt"/>
        <line num="544" count="0" type="stmt"/>
        <line num="546" count="0" type="stmt"/>
        <line num="547" count="0" type="cond" truecount="0" falsecount="1"/>
        <line num="548" count="0" type="stmt"/>
        <line num="549" count="0" type="stmt"/>
        <line num="550" count="0" type="stmt"/>
        <line num="554" count="0" type="cond" truecount="0" falsecount="1"/>
        <line num="555" count="0" type="stmt"/>
        <line num="562" count="0" type="stmt"/>
        <line num="565" count="0" type="cond" truecount="0" falsecount="1"/>
        <line num="566" count="0" type="cond" truecount="0" falsecount="1"/>
        <line num="567" count="0" type="stmt"/>
        <line num="568" count="0" type="stmt"/>
        <line num="569" count="0" type="stmt"/>
        <line num="570" count="0" type="stmt"/>
        <line num="575" count="0" type="cond" truecount="0" falsecount="1"/>
        <line num="576" count="0" type="stmt"/>
        <line num="577" count="0" type="stmt"/>
        <line num="578" count="0" type="stmt"/>
        <line num="579" count="0" type="stmt"/>
        <line num="586" count="0" type="cond" truecount="0" falsecount="1"/>
        <line num="587" count="0" type="stmt"/>
        <line num="588" count="0" type="stmt"/>
        <line num="589" count="0" type="cond" truecount="0" falsecount="1"/>
        <line num="590" count="0" type="stmt"/>
        <line num="591" count="0" type="stmt"/>
        <line num="592" count="0" type="stmt"/>
        <line num="593" count="0" type="stmt"/>
        <line num="607" count="0" type="cond" truecount="0" falsecount="3"/>
        <line num="608" count="0" type="stmt"/>
        <line num="611" count="0" type="stmt"/>
        <line num="614" count="0" type="cond" truecount="0" falsecount="1"/>
        <line num="615" count="0" type="stmt"/>
        <line num="621" count="0" type="stmt"/>
        <line num="622" count="0" type="stmt"/>
        <line num="628" count="0" type="cond" truecount="0" falsecount="2"/>
        <line num="629" count="0" type="stmt"/>
        <line num="633" count="0" type="stmt"/>
        <line num="644" count="0" type="cond" truecount="0" falsecount="1"/>
        <line num="645" count="0" type="stmt"/>
        <line num="657" count="0" type="stmt"/>
        <line num="661" count="0" type="stmt"/>
        <line num="663" count="0" type="cond" truecount="0" falsecount="1"/>
        <line num="664" count="0" type="stmt"/>
        <line num="672" count="0" type="cond" truecount="0" falsecount="1"/>
        <line num="673" count="0" type="stmt"/>
        <line num="682" count="0" type="stmt"/>
        <line num="684" count="0" type="cond" truecount="0" falsecount="1"/>
        <line num="685" count="0" type="cond" truecount="0" falsecount="1"/>
        <line num="686" count="0" type="stmt"/>
        <line num="689" count="0" type="stmt"/>
        <line num="693" count="0" type="cond" truecount="0" falsecount="3"/>
        <line num="694" count="0" type="cond" truecount="0" falsecount="1"/>
        <line num="695" count="0" type="stmt"/>
        <line num="701" count="0" type="stmt"/>
        <line num="705" count="0" type="cond" truecount="0" falsecount="1"/>
        <line num="706" count="0" type="stmt"/>
        <line num="707" count="0" type="stmt"/>
        <line num="711" count="0" type="cond" truecount="0" falsecount="1"/>
        <line num="713" count="0" type="cond" truecount="0" falsecount="1"/>
        <line num="714" count="0" type="stmt"/>
        <line num="718" count="0" type="stmt"/>
        <line num="721" count="0" type="cond" truecount="0" falsecount="1"/>
        <line num="722" count="0" type="stmt"/>
        <line num="726" count="0" type="stmt"/>
        <line num="727" count="0" type="cond" truecount="0" falsecount="1"/>
        <line num="729" count="0" type="stmt"/>
        <line num="730" count="0" type="cond" truecount="0" falsecount="1"/>
        <line num="731" count="0" type="stmt"/>
        <line num="737" count="0" type="cond" truecount="0" falsecount="1"/>
        <line num="738" count="0" type="cond" truecount="0" falsecount="1"/>
        <line num="739" count="0" type="stmt"/>
        <line num="742" count="0" type="stmt"/>
        <line num="743" count="0" type="cond" truecount="0" falsecount="1"/>
        <line num="744" count="0" type="stmt"/>
        <line num="745" count="0" type="stmt"/>
        <line num="746" count="0" type="stmt"/>
        <line num="749" count="0" type="stmt"/>
        <line num="750" count="0" type="stmt"/>
        <line num="754" count="0" type="stmt"/>
        <line num="755" count="0" type="cond" truecount="0" falsecount="1"/>
        <line num="757" count="0" type="cond" truecount="0" falsecount="1"/>
        <line num="758" count="0" type="stmt"/>
        <line num="762" count="0" type="stmt"/>
        <line num="765" count="0" type="cond" truecount="0" falsecount="1"/>
        <line num="766" count="0" type="stmt"/>
        <line num="772" count="0" type="stmt"/>
        <line num="773" count="0" type="stmt"/>
        <line num="776" count="0" type="stmt"/>
        <line num="779" count="0" type="cond" truecount="0" falsecount="2"/>
        <line num="780" count="0" type="stmt"/>
        <line num="792" count="0" type="cond" truecount="0" falsecount="1"/>
        <line num="793" count="0" type="stmt"/>
        <line num="801" count="0" type="stmt"/>
        <line num="802" count="0" type="stmt"/>
        <line num="807" count="0" type="stmt"/>
        <line num="813" count="0" type="cond" truecount="0" falsecount="2"/>
        <line num="814" count="0" type="stmt"/>
        <line num="827" count="0" type="cond" truecount="0" falsecount="1"/>
        <line num="828" count="0" type="stmt"/>
        <line num="829" count="0" type="stmt"/>
        <line num="833" count="0" type="cond" truecount="0" falsecount="1"/>
        <line num="834" count="0" type="stmt"/>
        <line num="835" count="0" type="stmt"/>
        <line num="838" count="0" type="cond" truecount="0" falsecount="1"/>
        <line num="839" count="0" type="stmt"/>
        <line num="843" count="0" type="cond" truecount="0" falsecount="2"/>
        <line num="844" count="0" type="stmt"/>
        <line num="845" count="0" type="stmt"/>
        <line num="849" count="0" type="stmt"/>
        <line num="857" count="0" type="cond" truecount="0" falsecount="2"/>
        <line num="858" count="0" type="cond" truecount="0" falsecount="3"/>
        <line num="859" count="0" type="stmt"/>
        <line num="862" count="0" type="stmt"/>
        <line num="865" count="0" type="stmt"/>
        <line num="874" count="0" type="stmt"/>
        <line num="875" count="0" type="stmt"/>
        <line num="878" count="0" type="cond" truecount="0" falsecount="3"/>
        <line num="880" count="0" type="stmt"/>
        <line num="884" count="0" type="cond" truecount="0" falsecount="3"/>
        <line num="885" count="0" type="stmt"/>
        <line num="888" count="0" type="stmt"/>
        <line num="890" count="0" type="stmt"/>
        <line num="899" count="0" type="cond" truecount="0" falsecount="1"/>
        <line num="901" count="0" type="stmt"/>
        <line num="902" count="0" type="cond" truecount="0" falsecount="1"/>
        <line num="903" count="0" type="stmt"/>
        <line num="905" count="0" type="stmt"/>
        <line num="906" count="0" type="cond" truecount="0" falsecount="1"/>
        <line num="907" count="0" type="stmt"/>
        <line num="908" count="0" type="stmt"/>
        <line num="915" count="0" type="stmt"/>
        <line num="916" count="0" type="stmt"/>
        <line num="925" count="0" type="stmt"/>
        <line num="926" count="0" type="cond" truecount="0" falsecount="1"/>
        <line num="927" count="0" type="stmt"/>
        <line num="928" count="0" type="stmt"/>
        <line num="930" count="0" type="cond" truecount="0" falsecount="1"/>
        <line num="931" count="0" type="stmt"/>
        <line num="935" count="0" type="stmt"/>
        <line num="936" count="0" type="cond" truecount="0" falsecount="1"/>
        <line num="937" count="0" type="stmt"/>
        <line num="938" count="0" type="stmt"/>
        <line num="939" count="0" type="stmt"/>
        <line num="944" count="0" type="cond" truecount="0" falsecount="3"/>
        <line num="945" count="0" type="stmt"/>
        <line num="946" count="0" type="stmt"/>
        <line num="957" count="4" type="cond" truecount="1" falsecount="0"/>
        <line num="958" count="1" type="stmt"/>
        <line num="961" count="3" type="stmt"/>
        <line num="964" count="3" type="cond" truecount="3" falsecount="0"/>
        <line num="965" count="3" type="stmt"/>
        <line num="970" count="3" type="cond" truecount="2" falsecount="0"/>
        <line num="971" count="3" type="stmt"/>
        <line num="974" count="3" type="cond" truecount="1" falsecount="0"/>
        <line num="975" count="3" type="cond" truecount="1" falsecount="0"/>
        <line num="976" count="3" type="cond" truecount="1" falsecount="0"/>
        <line num="979" count="3" type="cond" truecount="3" falsecount="0"/>
        <line num="980" count="2" type="stmt"/>
        <line num="983" count="3" type="stmt"/>
      </file>
      <file name="index.ts" path="/Users/plebdev/Desktop/code/snstr/src/nip46/index.ts">
        <metrics statements="14" coveredstatements="14" conditionals="0" coveredconditionals="0" methods="15" coveredmethods="5"/>
        <line num="33" count="11" type="stmt"/>
        <line num="36" count="15" type="stmt"/>
        <line num="37" count="16" type="stmt"/>
        <line num="40" count="101" type="stmt"/>
        <line num="41" count="90" type="stmt"/>
        <line num="44" count="117" type="stmt"/>
        <line num="46" count="11" type="stmt"/>
        <line num="47" count="11" type="stmt"/>
        <line num="48" count="11" type="stmt"/>
        <line num="49" count="11" type="stmt"/>
        <line num="50" count="11" type="stmt"/>
        <line num="52" count="11" type="stmt"/>
        <line num="53" count="11" type="stmt"/>
        <line num="56" count="11" type="stmt"/>
      </file>
      <file name="simple-bunker.ts" path="/Users/plebdev/Desktop/code/snstr/src/nip46/simple-bunker.ts">
        <metrics statements="253" coveredstatements="182" conditionals="114" coveredconditionals="54" methods="23" coveredmethods="20"/>
        <line num="2" count="11" type="stmt"/>
        <line num="3" count="11" type="stmt"/>
        <line num="4" count="11" type="stmt"/>
        <line num="5" count="11" type="stmt"/>
        <line num="6" count="11" type="stmt"/>
        <line num="7" count="11" type="stmt"/>
        <line num="17" count="11" type="stmt"/>
        <line num="18" count="11" type="stmt"/>
        <line num="22" count="11" type="stmt"/>
        <line num="36" count="11" type="stmt"/>
        <line num="62" count="79" type="stmt"/>
        <line num="63" count="79" type="stmt"/>
        <line num="64" count="79" type="stmt"/>
        <line num="65" count="79" type="cond" truecount="2" falsecount="0"/>
        <line num="66" count="79" type="stmt"/>
        <line num="67" count="79" type="cond" truecount="2" falsecount="0"/>
        <line num="68" count="79" type="stmt"/>
        <line num="69" count="79" type="stmt"/>
        <line num="70" count="79" type="cond" truecount="2" falsecount="0"/>
        <line num="74" count="79" type="cond" truecount="3" falsecount="1"/>
        <line num="76" count="79" type="stmt"/>
        <line num="87" count="79" type="cond" truecount="0" falsecount="1"/>
        <line num="88" count="0" type="stmt"/>
        <line num="91" count="79" type="cond" truecount="0" falsecount="1"/>
        <line num="92" count="0" type="stmt"/>
        <line num="96" count="79" type="cond" truecount="0" falsecount="1"/>
        <line num="97" count="0" type="stmt"/>
        <line num="100" count="79" type="stmt"/>
        <line num="102" count="79" type="stmt"/>
        <line num="105" count="79" type="stmt"/>
        <line num="110" count="79" type="stmt"/>
        <line num="111" count="1508" type="stmt"/>
        <line num="113" count="79" type="stmt"/>
        <line num="115" count="79" type="stmt"/>
        <line num="118" count="79" type="stmt"/>
        <line num="121" count="0" type="cond" truecount="0" falsecount="2"/>
        <line num="122" count="0" type="stmt"/>
        <line num="123" count="0" type="cond" truecount="0" falsecount="2"/>
        <line num="133" count="86" type="cond" truecount="1" falsecount="0"/>
        <line num="134" count="79" type="stmt"/>
        <line num="135" count="79" type="stmt"/>
        <line num="139" count="79" type="stmt"/>
        <line num="142" count="86" type="stmt"/>
        <line num="143" count="86" type="stmt"/>
        <line num="144" count="86" type="stmt"/>
        <line num="147" count="0" type="cond" truecount="0" falsecount="2"/>
        <line num="148" count="0" type="stmt"/>
        <line num="153" count="86" type="stmt"/>
        <line num="160" count="62" type="stmt"/>
        <line num="171" count="78" type="stmt"/>
        <line num="178" count="78" type="stmt"/>
        <line num="185" count="76" type="stmt"/>
        <line num="192" count="6" type="stmt"/>
        <line num="193" count="6" type="cond" truecount="1" falsecount="0"/>
        <line num="194" count="6" type="stmt"/>
        <line num="195" count="6" type="stmt"/>
        <line num="197" count="0" type="stmt"/>
        <line num="204" count="0" type="stmt"/>
        <line num="205" count="0" type="cond" truecount="0" falsecount="1"/>
        <line num="206" count="0" type="stmt"/>
        <line num="208" count="0" type="stmt"/>
        <line num="215" count="1508" type="stmt"/>
        <line num="216" count="1508" type="stmt"/>
        <line num="219" count="1508" type="cond" truecount="0" falsecount="1"/>
        <line num="220" count="0" type="stmt"/>
        <line num="221" count="0" type="stmt"/>
        <line num="225" count="1508" type="stmt"/>
        <line num="226" count="1508" type="stmt"/>
        <line num="232" count="1508" type="stmt"/>
        <line num="235" count="1508" type="stmt"/>
        <line num="236" count="1508" type="stmt"/>
        <line num="238" count="1508" type="stmt"/>
        <line num="245" count="1508" type="cond" truecount="10" falsecount="1"/>
        <line num="247" count="293" type="stmt"/>
        <line num="248" count="293" type="stmt"/>
        <line num="251" count="332" type="cond" truecount="2" falsecount="0"/>
        <line num="252" count="170" type="stmt"/>
        <line num="254" count="162" type="stmt"/>
        <line num="255" count="162" type="stmt"/>
        <line num="260" count="332" type="stmt"/>
        <line num="263" count="234" type="cond" truecount="2" falsecount="0"/>
        <line num="264" count="146" type="stmt"/>
        <line num="266" count="88" type="stmt"/>
        <line num="267" count="88" type="stmt"/>
        <line num="269" count="234" type="stmt"/>
        <line num="272" count="253" type="stmt"/>
        <line num="273" count="253" type="stmt"/>
        <line num="276" count="57" type="stmt"/>
        <line num="277" count="57" type="stmt"/>
        <line num="280" count="29" type="stmt"/>
        <line num="281" count="29" type="stmt"/>
        <line num="284" count="18" type="stmt"/>
        <line num="285" count="18" type="stmt"/>
        <line num="288" count="19" type="stmt"/>
        <line num="289" count="19" type="stmt"/>
        <line num="292" count="4" type="stmt"/>
        <line num="293" count="4" type="stmt"/>
        <line num="296" count="269" type="stmt"/>
        <line num="297" count="269" type="stmt"/>
        <line num="300" count="0" type="stmt"/>
        <line num="307" count="1508" type="stmt"/>
        <line num="310" count="0" type="cond" truecount="0" falsecount="2"/>
        <line num="311" count="0" type="stmt"/>
        <line num="314" count="0" type="stmt"/>
        <line num="318" count="0" type="stmt"/>
        <line num="322" count="0" type="cond" truecount="0" falsecount="2"/>
        <line num="323" count="0" type="stmt"/>
        <line num="325" count="0" type="stmt"/>
        <line num="327" count="0" type="stmt"/>
        <line num="331" count="0" type="stmt"/>
        <line num="334" count="0" type="cond" truecount="0" falsecount="2"/>
        <line num="335" count="0" type="stmt"/>
        <line num="348" count="293" type="cond" truecount="2" falsecount="1"/>
        <line num="349" count="0" type="stmt"/>
        <line num="357" count="293" type="stmt"/>
        <line num="360" count="293" type="cond" truecount="0" falsecount="1"/>
        <line num="361" count="0" type="stmt"/>
        <line num="364" count="0" type="stmt"/>
        <line num="371" count="293" type="cond" truecount="1" falsecount="2"/>
        <line num="372" count="0" type="stmt"/>
        <line num="373" count="0" type="stmt"/>
        <line num="377" count="293" type="stmt"/>
        <line num="383" count="293" type="cond" truecount="1" falsecount="2"/>
        <line num="384" count="0" type="stmt"/>
        <line num="385" count="0" type="stmt"/>
        <line num="390" count="293" type="stmt"/>
        <line num="392" count="293" type="stmt"/>
        <line num="393" count="293" type="stmt"/>
        <line num="398" count="293" type="cond" truecount="2" falsecount="0"/>
        <line num="409" count="253" type="cond" truecount="1" falsecount="0"/>
        <line num="410" count="183" type="stmt"/>
        <line num="414" count="70" type="cond" truecount="0" falsecount="1"/>
        <line num="415" count="0" type="stmt"/>
        <line num="419" count="70" type="cond" truecount="0" falsecount="1"/>
        <line num="420" count="0" type="stmt"/>
        <line num="423" count="70" type="stmt"/>
        <line num="425" count="70" type="stmt"/>
        <line num="428" count="70" type="stmt"/>
        <line num="429" count="70" type="stmt"/>
        <line num="431" count="70" type="cond" truecount="1" falsecount="0"/>
        <line num="436" count="2" type="stmt"/>
        <line num="442" count="68" type="stmt"/>
        <line num="445" count="68" type="stmt"/>
        <line num="454" count="68" type="stmt"/>
        <line num="457" count="68" type="stmt"/>
        <line num="462" count="60" type="stmt"/>
        <line num="465" count="60" type="stmt"/>
        <line num="468" count="8" type="cond" truecount="1" falsecount="1"/>
        <line num="469" count="8" type="stmt"/>
        <line num="481" count="57" type="cond" truecount="1" falsecount="0"/>
        <line num="482" count="32" type="stmt"/>
        <line num="486" count="25" type="cond" truecount="0" falsecount="1"/>
        <line num="487" count="0" type="stmt"/>
        <line num="491" count="25" type="stmt"/>
        <line num="493" count="25" type="cond" truecount="0" falsecount="1"/>
        <line num="494" count="0" type="stmt"/>
        <line num="497" count="25" type="cond" truecount="0" falsecount="1"/>
        <line num="498" count="0" type="stmt"/>
        <line num="504" count="25" type="stmt"/>
        <line num="505" count="25" type="stmt"/>
        <line num="507" count="25" type="cond" truecount="3" falsecount="0"/>
        <line num="508" count="1" type="stmt"/>
        <line num="514" count="24" type="stmt"/>
        <line num="516" count="17" type="stmt"/>
        <line num="521" count="7" type="cond" truecount="1" falsecount="1"/>
        <line num="522" count="7" type="stmt"/>
        <line num="523" count="7" type="stmt"/>
        <line num="535" count="29" type="cond" truecount="1" falsecount="0"/>
        <line num="536" count="18" type="stmt"/>
        <line num="540" count="11" type="cond" truecount="0" falsecount="1"/>
        <line num="541" count="0" type="stmt"/>
        <line num="545" count="11" type="stmt"/>
        <line num="547" count="11" type="cond" truecount="0" falsecount="1"/>
        <line num="548" count="0" type="stmt"/>
        <line num="551" count="11" type="cond" truecount="0" falsecount="1"/>
        <line num="552" count="0" type="stmt"/>
        <line num="558" count="11" type="stmt"/>
        <line num="559" count="11" type="stmt"/>
        <line num="561" count="11" type="cond" truecount="2" falsecount="1"/>
        <line num="562" count="0" type="stmt"/>
        <line num="568" count="11" type="stmt"/>
        <line num="570" count="11" type="stmt"/>
        <line num="575" count="0" type="cond" truecount="0" falsecount="2"/>
        <line num="576" count="0" type="stmt"/>
        <line num="577" count="0" type="stmt"/>
        <line num="589" count="18" type="cond" truecount="1" falsecount="0"/>
        <line num="590" count="13" type="stmt"/>
        <line num="594" count="5" type="cond" truecount="0" falsecount="1"/>
        <line num="595" count="0" type="stmt"/>
        <line num="599" count="5" type="stmt"/>
        <line num="601" count="5" type="cond" truecount="0" falsecount="1"/>
        <line num="602" count="0" type="stmt"/>
        <line num="605" count="5" type="cond" truecount="0" falsecount="1"/>
        <line num="606" count="0" type="stmt"/>
        <line num="612" count="5" type="stmt"/>
        <line num="613" count="5" type="stmt"/>
        <line num="615" count="5" type="cond" truecount="2" falsecount="1"/>
        <line num="616" count="0" type="stmt"/>
        <line num="622" count="5" type="stmt"/>
        <line num="624" count="5" type="stmt"/>
        <line num="629" count="0" type="cond" truecount="0" falsecount="2"/>
        <line num="630" count="0" type="stmt"/>
        <line num="631" count="0" type="stmt"/>
        <line num="643" count="19" type="cond" truecount="1" falsecount="0"/>
        <line num="644" count="14" type="stmt"/>
        <line num="648" count="5" type="cond" truecount="0" falsecount="1"/>
        <line num="649" count="0" type="stmt"/>
        <line num="653" count="5" type="stmt"/>
        <line num="655" count="5" type="cond" truecount="0" falsecount="1"/>
        <line num="656" count="0" type="stmt"/>
        <line num="659" count="5" type="cond" truecount="0" falsecount="1"/>
        <line num="660" count="0" type="stmt"/>
        <line num="666" count="5" type="stmt"/>
        <line num="667" count="5" type="stmt"/>
        <line num="669" count="5" type="cond" truecount="2" falsecount="1"/>
        <line num="670" count="0" type="stmt"/>
        <line num="676" count="5" type="stmt"/>
        <line num="678" count="5" type="stmt"/>
        <line num="683" count="0" type="cond" truecount="0" falsecount="2"/>
        <line num="684" count="0" type="stmt"/>
        <line num="685" count="0" type="stmt"/>
        <line num="697" count="4" type="cond" truecount="1" falsecount="0"/>
        <line num="698" count="3" type="stmt"/>
        <line num="702" count="1" type="stmt"/>
        <line num="704" count="1" type="cond" truecount="0" falsecount="1"/>
        <line num="705" count="0" type="stmt"/>
        <line num="708" count="1" type="cond" truecount="0" falsecount="1"/>
        <line num="709" count="0" type="stmt"/>
        <line num="715" count="1" type="stmt"/>
        <line num="717" count="1" type="stmt"/>
        <line num="722" count="0" type="cond" truecount="0" falsecount="2"/>
        <line num="723" count="0" type="stmt"/>
        <line num="724" count="0" type="stmt"/>
        <line num="736" count="269" type="cond" truecount="1" falsecount="0"/>
        <line num="737" count="202" type="stmt"/>
        <line num="740" count="67" type="stmt"/>
        <line num="742" count="67" type="stmt"/>
        <line num="744" count="67" type="stmt"/>
        <line num="746" count="67" type="stmt"/>
        <line num="751" count="0" type="cond" truecount="0" falsecount="2"/>
        <line num="752" count="0" type="stmt"/>
        <line num="753" count="0" type="stmt"/>
        <line num="767" count="1508" type="stmt"/>
        <line num="768" count="1508" type="stmt"/>
        <line num="774" count="1508" type="stmt"/>
        <line num="781" count="1508" type="stmt"/>
        <line num="790" count="1508" type="stmt"/>
        <line num="796" count="1508" type="stmt"/>
        <line num="798" count="1484" type="stmt"/>
        <line num="801" count="0" type="cond" truecount="0" falsecount="2"/>
        <line num="802" count="0" type="stmt"/>
        <line num="810" count="1215" type="stmt"/>
        <line num="817" count="0" type="stmt"/>
      </file>
      <file name="simple-client.ts" path="/Users/plebdev/Desktop/code/snstr/src/nip46/simple-client.ts">
        <metrics statements="178" coveredstatements="151" conditionals="68" coveredconditionals="38" methods="27" coveredmethods="26"/>
        <line num="2" count="11" type="stmt"/>
        <line num="3" count="11" type="stmt"/>
        <line num="4" count="11" type="stmt"/>
        <line num="5" count="11" type="stmt"/>
        <line num="6" count="11" type="stmt"/>
        <line num="7" count="11" type="stmt"/>
        <line num="8" count="11" type="stmt"/>
        <line num="9" count="11" type="stmt"/>
        <line num="10" count="11" type="stmt"/>
        <line num="31" count="11" type="stmt"/>
        <line num="37" count="90" type="stmt"/>
        <line num="49" count="90" type="stmt"/>
        <line num="50" count="90" type="stmt"/>
        <line num="51" count="90" type="stmt"/>
        <line num="52" count="90" type="stmt"/>
        <line num="53" count="90" type="stmt"/>
        <line num="54" count="90" type="cond" truecount="2" falsecount="0"/>
        <line num="55" count="90" type="cond" truecount="2" falsecount="0"/>
        <line num="59" count="90" type="cond" truecount="4" falsecount="0"/>
        <line num="61" count="90" type="stmt"/>
        <line num="74" count="97" type="stmt"/>
        <line num="76" count="97" type="stmt"/>
        <line num="77" count="75" type="stmt"/>
        <line num="78" count="75" type="stmt"/>
        <line num="81" count="75" type="cond" truecount="3" falsecount="0"/>
        <line num="82" count="72" type="stmt"/>
        <line num="83" count="72" type="stmt"/>
        <line num="84" count="72" type="stmt"/>
        <line num="85" count="72" type="stmt"/>
        <line num="87" count="0" type="cond" truecount="0" falsecount="2"/>
        <line num="93" count="75" type="stmt"/>
        <line num="94" count="75" type="stmt"/>
        <line num="99" count="75" type="stmt"/>
        <line num="102" count="75" type="stmt"/>
        <line num="103" count="75" type="stmt"/>
        <line num="106" count="75" type="stmt"/>
        <line num="111" count="75" type="stmt"/>
        <line num="112" count="296" type="stmt"/>
        <line num="114" count="75" type="stmt"/>
        <line num="115" count="75" type="stmt"/>
        <line num="121" count="75" type="cond" truecount="0" falsecount="1"/>
        <line num="122" count="0" type="stmt"/>
        <line num="125" count="75" type="stmt"/>
        <line num="131" count="75" type="stmt"/>
        <line num="132" count="64" type="stmt"/>
        <line num="136" count="64" type="cond" truecount="0" falsecount="1"/>
        <line num="137" count="0" type="stmt"/>
        <line num="140" count="64" type="cond" truecount="0" falsecount="1"/>
        <line num="142" count="0" type="stmt"/>
        <line num="143" count="0" type="cond" truecount="0" falsecount="3"/>
        <line num="144" count="0" type="stmt"/>
        <line num="149" count="64" type="stmt"/>
        <line num="150" count="64" type="stmt"/>
        <line num="151" count="64" type="stmt"/>
        <line num="152" count="64" type="stmt"/>
        <line num="155" count="0" type="cond" truecount="0" falsecount="2"/>
        <line num="156" count="0" type="stmt"/>
        <line num="157" count="0" type="stmt"/>
        <line num="163" count="33" type="stmt"/>
        <line num="164" count="33" type="cond" truecount="1" falsecount="1"/>
        <line num="165" count="33" type="stmt"/>
        <line num="168" count="0" type="cond" truecount="0" falsecount="2"/>
        <line num="169" count="0" type="stmt"/>
        <line num="178" count="74" type="stmt"/>
        <line num="179" count="71" type="stmt"/>
        <line num="187" count="52" type="cond" truecount="3" falsecount="0"/>
        <line num="188" count="3" type="stmt"/>
        <line num="191" count="49" type="stmt"/>
        <line num="193" count="49" type="stmt"/>
        <line num="194" count="49" type="stmt"/>
        <line num="195" count="46" type="stmt"/>
        <line num="200" count="49" type="stmt"/>
        <line num="201" count="48" type="stmt"/>
        <line num="205" count="49" type="stmt"/>
        <line num="208" count="1" type="cond" truecount="0" falsecount="1"/>
        <line num="209" count="0" type="stmt"/>
        <line num="211" count="1" type="stmt"/>
        <line num="221" count="46" type="stmt"/>
        <line num="226" count="36" type="cond" truecount="0" falsecount="1"/>
        <line num="227" count="0" type="stmt"/>
        <line num="231" count="36" type="stmt"/>
        <line num="238" count="15" type="stmt"/>
        <line num="243" count="7" type="cond" truecount="0" falsecount="1"/>
        <line num="244" count="0" type="stmt"/>
        <line num="247" count="7" type="stmt"/>
        <line num="254" count="7" type="stmt"/>
        <line num="259" count="7" type="cond" truecount="0" falsecount="1"/>
        <line num="260" count="0" type="stmt"/>
        <line num="263" count="7" type="stmt"/>
        <line num="270" count="5" type="stmt"/>
        <line num="275" count="5" type="cond" truecount="0" falsecount="1"/>
        <line num="276" count="0" type="stmt"/>
        <line num="279" count="5" type="stmt"/>
        <line num="286" count="5" type="stmt"/>
        <line num="291" count="5" type="cond" truecount="0" falsecount="1"/>
        <line num="292" count="0" type="stmt"/>
        <line num="295" count="5" type="stmt"/>
        <line num="302" count="1" type="stmt"/>
        <line num="303" count="1" type="stmt"/>
        <line num="311" count="142" type="cond" truecount="3" falsecount="0"/>
        <line num="312" count="75" type="stmt"/>
        <line num="313" count="75" type="stmt"/>
        <line num="314" count="41" type="stmt"/>
        <line num="317" count="34" type="cond" truecount="1" falsecount="1"/>
        <line num="322" count="142" type="cond" truecount="1" falsecount="0"/>
        <line num="323" count="72" type="stmt"/>
        <line num="324" count="72" type="stmt"/>
        <line num="328" count="72" type="stmt"/>
        <line num="332" count="142" type="stmt"/>
        <line num="333" count="2" type="stmt"/>
        <line num="334" count="2" type="stmt"/>
        <line num="342" count="142" type="stmt"/>
        <line num="344" count="142" type="stmt"/>
        <line num="346" count="142" type="stmt"/>
        <line num="348" count="0" type="cond" truecount="0" falsecount="2"/>
        <line num="349" count="0" type="stmt"/>
        <line num="354" count="142" type="stmt"/>
        <line num="355" count="142" type="stmt"/>
        <line num="358" count="142" type="stmt"/>
        <line num="372" count="352" type="stmt"/>
        <line num="374" count="352" type="cond" truecount="1" falsecount="0"/>
        <line num="375" count="3" type="stmt"/>
        <line num="376" count="3" type="stmt"/>
        <line num="379" count="349" type="cond" truecount="1" falsecount="0"/>
        <line num="380" count="4" type="stmt"/>
        <line num="381" count="4" type="stmt"/>
        <line num="385" count="345" type="stmt"/>
        <line num="391" count="345" type="stmt"/>
        <line num="392" count="345" type="stmt"/>
        <line num="395" count="345" type="stmt"/>
        <line num="396" count="27" type="stmt"/>
        <line num="397" count="27" type="stmt"/>
        <line num="401" count="345" type="stmt"/>
        <line num="402" count="298" type="stmt"/>
        <line num="403" count="298" type="cond" truecount="2" falsecount="0"/>
        <line num="404" count="13" type="stmt"/>
        <line num="406" count="285" type="stmt"/>
        <line num="411" count="345" type="stmt"/>
        <line num="412" count="345" type="stmt"/>
        <line num="419" count="336" type="stmt"/>
        <line num="428" count="336" type="stmt"/>
        <line num="431" count="336" type="stmt"/>
        <line num="434" count="336" type="cond" truecount="1" falsecount="0"/>
        <line num="435" count="11" type="stmt"/>
        <line num="436" count="11" type="cond" truecount="1" falsecount="0"/>
        <line num="437" count="11" type="stmt"/>
        <line num="438" count="9" type="cond" truecount="3" falsecount="0"/>
        <line num="439" count="9" type="stmt"/>
        <line num="440" count="9" type="stmt"/>
        <line num="444" count="11" type="stmt"/>
        <line num="450" count="11" type="stmt"/>
        <line num="451" count="11" type="stmt"/>
        <line num="453" count="11" type="cond" truecount="1" falsecount="1"/>
        <line num="454" count="11" type="stmt"/>
        <line num="461" count="9" type="stmt"/>
        <line num="462" count="9" type="stmt"/>
        <line num="464" count="9" type="cond" truecount="1" falsecount="1"/>
        <line num="465" count="9" type="stmt"/>
        <line num="480" count="296" type="stmt"/>
        <line num="483" count="296" type="cond" truecount="2" falsecount="1"/>
        <line num="484" count="0" type="stmt"/>
        <line num="487" count="0" type="stmt"/>
        <line num="491" count="296" type="cond" truecount="0" falsecount="1"/>
        <line num="492" count="0" type="stmt"/>
        <line num="493" count="0" type="stmt"/>
        <line num="496" count="296" type="stmt"/>
        <line num="498" count="296" type="stmt"/>
        <line num="503" count="296" type="stmt"/>
        <line num="506" count="296" type="stmt"/>
        <line num="509" count="296" type="stmt"/>
        <line num="510" count="296" type="cond" truecount="1" falsecount="1"/>
        <line num="511" count="296" type="stmt"/>
        <line num="514" count="296" type="stmt"/>
        <line num="517" count="296" type="stmt"/>
        <line num="519" count="0" type="stmt"/>
        <line num="525" count="0" type="cond" truecount="0" falsecount="2"/>
        <line num="526" count="0" type="stmt"/>
        <line num="534" count="0" type="stmt"/>
      </file>
      <file name="types.ts" path="/Users/plebdev/Desktop/code/snstr/src/nip46/types.ts">
        <metrics statements="59" coveredstatements="50" conditionals="6" coveredconditionals="5" methods="14" coveredmethods="9"/>
        <line num="24" count="11" type="cond" truecount="2" falsecount="0"/>
        <line num="26" count="11" type="stmt"/>
        <line num="27" count="11" type="stmt"/>
        <line num="28" count="11" type="stmt"/>
        <line num="29" count="11" type="stmt"/>
        <line num="30" count="11" type="stmt"/>
        <line num="33" count="11" type="stmt"/>
        <line num="34" count="11" type="stmt"/>
        <line num="37" count="11" type="stmt"/>
        <line num="38" count="11" type="stmt"/>
        <line num="41" count="11" type="stmt"/>
        <line num="42" count="11" type="stmt"/>
        <line num="45" count="11" type="stmt"/>
        <line num="46" count="11" type="stmt"/>
        <line num="47" count="11" type="stmt"/>
        <line num="62" count="11" type="cond" truecount="2" falsecount="0"/>
        <line num="63" count="11" type="stmt"/>
        <line num="64" count="11" type="stmt"/>
        <line num="65" count="11" type="stmt"/>
        <line num="66" count="11" type="stmt"/>
        <line num="67" count="11" type="stmt"/>
        <line num="68" count="11" type="stmt"/>
        <line num="69" count="11" type="stmt"/>
        <line num="70" count="11" type="stmt"/>
        <line num="71" count="11" type="stmt"/>
        <line num="72" count="11" type="stmt"/>
        <line num="187" count="11" type="stmt"/>
        <line num="189" count="157" type="stmt"/>
        <line num="190" count="157" type="stmt"/>
        <line num="194" count="11" type="stmt"/>
        <line num="196" count="55" type="stmt"/>
        <line num="197" count="55" type="stmt"/>
        <line num="201" count="11" type="stmt"/>
        <line num="203" count="73" type="stmt"/>
        <line num="204" count="73" type="stmt"/>
        <line num="208" count="11" type="stmt"/>
        <line num="210" count="0" type="stmt"/>
        <line num="211" count="0" type="stmt"/>
        <line num="215" count="11" type="stmt"/>
        <line num="217" count="9" type="stmt"/>
        <line num="218" count="9" type="stmt"/>
        <line num="222" count="11" type="stmt"/>
        <line num="224" count="0" type="stmt"/>
        <line num="225" count="0" type="stmt"/>
        <line num="229" count="11" type="stmt"/>
        <line num="231" count="0" type="stmt"/>
        <line num="232" count="0" type="stmt"/>
        <line num="236" count="11" type="stmt"/>
        <line num="238" count="7" type="stmt"/>
        <line num="239" count="7" type="stmt"/>
        <line num="243" count="11" type="stmt"/>
        <line num="245" count="0" type="stmt"/>
        <line num="246" count="0" type="stmt"/>
        <line num="253" count="11" type="stmt"/>
        <line num="263" count="1" type="stmt"/>
        <line num="264" count="1" type="stmt"/>
        <line num="274" count="0" type="stmt"/>
        <line num="284" count="1" type="stmt"/>
        <line num="300" count="1" type="cond" truecount="1" falsecount="1"/>
      </file>
    </package>
    <package name="nip46.utils">
      <metrics statements="260" coveredstatements="149" conditionals="170" coveredconditionals="80" methods="39" coveredmethods="28"/>
      <file name="connection.ts" path="/Users/plebdev/Desktop/code/snstr/src/nip46/utils/connection.ts">
        <metrics statements="60" coveredstatements="56" conditionals="39" coveredconditionals="34" methods="7" coveredmethods="7"/>
        <line num="10" count="11" type="stmt"/>
        <line num="11" count="64" type="stmt"/>
        <line num="12" count="64" type="stmt"/>
        <line num="13" count="64" type="cond" truecount="0" falsecount="1"/>
        <line num="14" count="0" type="stmt"/>
        <line num="16" count="64" type="stmt"/>
        <line num="17" count="64" type="cond" truecount="1" falsecount="1"/>
        <line num="20" count="11" type="stmt"/>
        <line num="22" count="11" type="stmt"/>
        <line num="27" count="11" type="stmt"/>
        <line num="29" count="109" type="cond" truecount="3" falsecount="0"/>
        <line num="30" count="2" type="stmt"/>
        <line num="34" count="107" type="cond" truecount="1" falsecount="0"/>
        <line num="35" count="1" type="stmt"/>
        <line num="39" count="106" type="cond" truecount="3" falsecount="0"/>
        <line num="40" count="5" type="stmt"/>
        <line num="46" count="101" type="cond" truecount="5" falsecount="0"/>
        <line num="47" count="4" type="stmt"/>
        <line num="51" count="97" type="cond" truecount="2" falsecount="0"/>
        <line num="52" count="97" type="cond" truecount="2" falsecount="0"/>
        <line num="53" count="97" type="stmt"/>
        <line num="58" count="97" type="stmt"/>
        <line num="59" count="97" type="stmt"/>
        <line num="60" count="97" type="stmt"/>
        <line num="63" count="291" type="stmt"/>
        <line num="64" count="97" type="cond" truecount="2" falsecount="0"/>
        <line num="66" count="97" type="cond" truecount="2" falsecount="0"/>
        <line num="69" count="97" type="cond" truecount="1" falsecount="0"/>
        <line num="70" count="15" type="stmt"/>
        <line num="75" count="82" type="stmt"/>
        <line num="76" count="82" type="stmt"/>
        <line num="79" count="82" type="stmt"/>
        <line num="80" count="82" type="stmt"/>
        <line num="82" count="74" type="stmt"/>
        <line num="86" count="82" type="cond" truecount="2" falsecount="0"/>
        <line num="87" count="82" type="cond" truecount="4" falsecount="0"/>
        <line num="88" count="2" type="stmt"/>
        <line num="92" count="80" type="stmt"/>
        <line num="94" count="80" type="cond" truecount="1" falsecount="0"/>
        <line num="95" count="6" type="stmt"/>
        <line num="96" count="6" type="stmt"/>
        <line num="101" count="80" type="stmt"/>
        <line num="102" count="80" type="stmt"/>
        <line num="103" count="80" type="stmt"/>
        <line num="104" count="80" type="stmt"/>
        <line num="106" count="80" type="cond" truecount="1" falsecount="0"/>
        <line num="107" count="1" type="stmt"/>
        <line num="109" count="80" type="cond" truecount="1" falsecount="0"/>
        <line num="111" count="1" type="stmt"/>
        <line num="112" count="1" type="stmt"/>
        <line num="113" count="0" type="stmt"/>
        <line num="118" count="80" type="cond" truecount="1" falsecount="0"/>
        <line num="120" count="1" type="stmt"/>
        <line num="121" count="1" type="stmt"/>
        <line num="122" count="1" type="stmt"/>
        <line num="128" count="80" type="stmt"/>
        <line num="130" count="2" type="cond" truecount="2" falsecount="1"/>
        <line num="131" count="2" type="stmt"/>
        <line num="133" count="0" type="cond" truecount="0" falsecount="2"/>
        <line num="134" count="0" type="stmt"/>
      </file>
      <file name="logger.ts" path="/Users/plebdev/Desktop/code/snstr/src/nip46/utils/logger.ts">
        <metrics statements="28" coveredstatements="25" conditionals="16" coveredconditionals="11" methods="9" coveredmethods="8"/>
        <line num="5" count="11" type="cond" truecount="2" falsecount="0"/>
        <line num="6" count="11" type="stmt"/>
        <line num="7" count="11" type="stmt"/>
        <line num="8" count="11" type="stmt"/>
        <line num="9" count="11" type="stmt"/>
        <line num="10" count="11" type="stmt"/>
        <line num="11" count="11" type="stmt"/>
        <line num="23" count="11" type="stmt"/>
        <line num="29" count="169" type="cond" truecount="1" falsecount="1"/>
        <line num="30" count="169" type="cond" truecount="1" falsecount="1"/>
        <line num="31" count="169" type="cond" truecount="2" falsecount="0"/>
        <line num="35" count="6200" type="stmt"/>
        <line num="37" count="6200" type="cond" truecount="0" falsecount="1"/>
        <line num="38" count="0" type="stmt"/>
        <line num="41" count="6200" type="cond" truecount="1" falsecount="0"/>
        <line num="42" count="6200" type="stmt"/>
        <line num="45" count="6200" type="stmt"/>
        <line num="49" count="7" type="cond" truecount="1" falsecount="0"/>
        <line num="50" count="7" type="stmt"/>
        <line num="55" count="34" type="cond" truecount="1" falsecount="0"/>
        <line num="56" count="34" type="stmt"/>
        <line num="61" count="2172" type="cond" truecount="1" falsecount="0"/>
        <line num="62" count="2172" type="stmt"/>
        <line num="67" count="8314" type="cond" truecount="1" falsecount="0"/>
        <line num="68" count="3987" type="stmt"/>
        <line num="73" count="345" type="cond" truecount="0" falsecount="1"/>
        <line num="74" count="0" type="stmt"/>
        <line num="79" count="0" type="stmt"/>
      </file>
      <file name="request-response.ts" path="/Users/plebdev/Desktop/code/snstr/src/nip46/utils/request-response.ts">
        <metrics statements="11" coveredstatements="10" conditionals="0" coveredconditionals="0" methods="5" coveredmethods="3"/>
        <line num="6" count="11" type="stmt"/>
        <line num="12" count="11" type="stmt"/>
        <line num="13" count="345" type="stmt"/>
        <line num="14" count="345" type="stmt"/>
        <line num="20" count="11" type="stmt"/>
        <line num="24" count="0" type="stmt"/>
        <line num="34" count="11" type="stmt"/>
        <line num="38" count="603" type="stmt"/>
        <line num="44" count="11" type="stmt"/>
        <line num="45" count="791" type="stmt"/>
        <line num="50" count="11" type="stmt"/>
      </file>
      <file name="validator.ts" path="/Users/plebdev/Desktop/code/snstr/src/nip46/utils/validator.ts">
        <metrics statements="161" coveredstatements="58" conditionals="115" coveredconditionals="35" methods="18" coveredmethods="10"/>
        <line num="1" count="11" type="stmt"/>
        <line num="6" count="11" type="stmt"/>
        <line num="8" count="11" type="stmt"/>
        <line num="9" count="11" type="stmt"/>
        <line num="10" count="11" type="stmt"/>
        <line num="11" count="11" type="stmt"/>
        <line num="12" count="11" type="stmt"/>
        <line num="13" count="11" type="stmt"/>
        <line num="19" count="0" type="cond" truecount="0" falsecount="3"/>
        <line num="20" count="0" type="stmt"/>
        <line num="24" count="0" type="cond" truecount="0" falsecount="1"/>
        <line num="25" count="0" type="stmt"/>
        <line num="29" count="0" type="stmt"/>
        <line num="30" count="0" type="stmt"/>
        <line num="31" count="0" type="stmt"/>
        <line num="34" count="0" type="cond" truecount="0" falsecount="2"/>
        <line num="35" count="0" type="stmt"/>
        <line num="46" count="0" type="stmt"/>
        <line num="54" count="0" type="cond" truecount="0" falsecount="3"/>
        <line num="55" count="0" type="stmt"/>
        <line num="58" count="0" type="stmt"/>
        <line num="61" count="0" type="stmt"/>
        <line num="62" count="0" type="stmt"/>
        <line num="63" count="0" type="cond" truecount="0" falsecount="1"/>
        <line num="64" count="0" type="stmt"/>
        <line num="69" count="0" type="cond" truecount="0" falsecount="4"/>
        <line num="72" count="0" type="stmt"/>
        <line num="76" count="0" type="cond" truecount="0" falsecount="3"/>
        <line num="77" count="0" type="stmt"/>
        <line num="81" count="0" type="stmt"/>
        <line num="82" count="0" type="stmt"/>
        <line num="83" count="0" type="cond" truecount="0" falsecount="1"/>
        <line num="84" count="0" type="stmt"/>
        <line num="88" count="0" type="cond" truecount="0" falsecount="3"/>
        <line num="89" count="0" type="stmt"/>
        <line num="92" count="0" type="stmt"/>
        <line num="99" count="0" type="cond" truecount="0" falsecount="1"/>
        <line num="100" count="0" type="stmt"/>
        <line num="104" count="0" type="cond" truecount="0" falsecount="1"/>
        <line num="105" count="0" type="stmt"/>
        <line num="108" count="0" type="stmt"/>
        <line num="109" count="0" type="cond" truecount="0" falsecount="3"/>
        <line num="110" count="0" type="stmt"/>
        <line num="114" count="0" type="stmt"/>
        <line num="115" count="0" type="cond" truecount="0" falsecount="1"/>
        <line num="116" count="0" type="stmt"/>
        <line num="120" count="0" type="cond" truecount="0" falsecount="1"/>
        <line num="121" count="0" type="stmt"/>
        <line num="126" count="0" type="stmt"/>
        <line num="133" count="97" type="cond" truecount="3" falsecount="0"/>
        <line num="134" count="3" type="stmt"/>
        <line num="138" count="94" type="stmt"/>
        <line num="145" count="7" type="cond" truecount="3" falsecount="0"/>
        <line num="146" count="1" type="stmt"/>
        <line num="150" count="6" type="stmt"/>
        <line num="157" count="7" type="cond" truecount="3" falsecount="0"/>
        <line num="158" count="1" type="stmt"/>
        <line num="162" count="6" type="stmt"/>
        <line num="169" count="0" type="cond" truecount="0" falsecount="3"/>
        <line num="170" count="0" type="stmt"/>
        <line num="174" count="0" type="stmt"/>
        <line num="181" count="0" type="cond" truecount="0" falsecount="3"/>
        <line num="182" count="0" type="stmt"/>
        <line num="186" count="0" type="cond" truecount="0" falsecount="4"/>
        <line num="187" count="0" type="stmt"/>
        <line num="191" count="0" type="cond" truecount="0" falsecount="4"/>
        <line num="194" count="0" type="stmt"/>
        <line num="198" count="0" type="cond" truecount="0" falsecount="1"/>
        <line num="199" count="0" type="stmt"/>
        <line num="203" count="0" type="cond" truecount="0" falsecount="1"/>
        <line num="204" count="0" type="stmt"/>
        <line num="208" count="0" type="cond" truecount="0" falsecount="3"/>
        <line num="209" count="0" type="stmt"/>
        <line num="212" count="0" type="stmt"/>
        <line num="219" count="0" type="stmt"/>
        <line num="226" count="0" type="cond" truecount="0" falsecount="1"/>
        <line num="227" count="0" type="stmt"/>
        <line num="231" count="0" type="cond" truecount="0" falsecount="1"/>
        <line num="232" count="0" type="stmt"/>
        <line num="236" count="0" type="stmt"/>
        <line num="237" count="0" type="cond" truecount="0" falsecount="1"/>
        <line num="238" count="0" type="stmt"/>
        <line num="242" count="0" type="cond" truecount="0" falsecount="1"/>
        <line num="243" count="0" type="stmt"/>
        <line num="247" count="0" type="stmt"/>
        <line num="254" count="74" type="cond" truecount="2" falsecount="1"/>
        <line num="255" count="0" type="stmt"/>
        <line num="258" count="74" type="stmt"/>
        <line num="259" count="74" type="stmt"/>
        <line num="262" count="73" type="cond" truecount="3" falsecount="0"/>
        <line num="263" count="1" type="stmt"/>
        <line num="267" count="72" type="cond" truecount="1" falsecount="2"/>
        <line num="268" count="0" type="stmt"/>
        <line num="272" count="72" type="cond" truecount="2" falsecount="1"/>
        <line num="273" count="0" type="stmt"/>
        <line num="276" count="72" type="stmt"/>
        <line num="279" count="1" type="cond" truecount="1" falsecount="1"/>
        <line num="280" count="1" type="stmt"/>
        <line num="291" count="1" type="stmt"/>
        <line num="299" count="6" type="cond" truecount="2" falsecount="1"/>
        <line num="300" count="0" type="stmt"/>
        <line num="303" count="6" type="stmt"/>
        <line num="317" count="6" type="cond" truecount="1" falsecount="0"/>
        <line num="318" count="3" type="stmt"/>
        <line num="322" count="3" type="stmt"/>
        <line num="323" count="3" type="cond" truecount="1" falsecount="0"/>
        <line num="324" count="2" type="stmt"/>
        <line num="325" count="2" type="cond" truecount="2" falsecount="0"/>
        <line num="328" count="1" type="stmt"/>
        <line num="335" count="0" type="cond" truecount="0" falsecount="3"/>
        <line num="336" count="0" type="stmt"/>
        <line num="340" count="0" type="cond" truecount="0" falsecount="3"/>
        <line num="342" count="0" type="stmt"/>
        <line num="345" count="0" type="stmt"/>
        <line num="346" count="0" type="stmt"/>
        <line num="349" count="0" type="stmt"/>
        <line num="350" count="0" type="cond" truecount="0" falsecount="1"/>
        <line num="351" count="0" type="stmt"/>
        <line num="355" count="0" type="stmt"/>
        <line num="356" count="0" type="stmt"/>
        <line num="357" count="0" type="cond" truecount="0" falsecount="1"/>
        <line num="358" count="0" type="stmt"/>
        <line num="363" count="0" type="stmt"/>
        <line num="364" count="0" type="cond" truecount="0" falsecount="1"/>
        <line num="365" count="0" type="stmt"/>
        <line num="366" count="0" type="stmt"/>
        <line num="367" count="0" type="cond" truecount="0" falsecount="1"/>
        <line num="368" count="0" type="stmt"/>
        <line num="373" count="0" type="stmt"/>
        <line num="376" count="0" type="cond" truecount="0" falsecount="2"/>
        <line num="377" count="0" type="stmt"/>
        <line num="388" count="0" type="stmt"/>
        <line num="396" count="3" type="cond" truecount="2" falsecount="1"/>
        <line num="397" count="0" type="stmt"/>
        <line num="401" count="3" type="cond" truecount="1" falsecount="0"/>
        <line num="402" count="1" type="stmt"/>
        <line num="405" count="2" type="stmt"/>
        <line num="406" count="2" type="stmt"/>
        <line num="407" count="1" type="stmt"/>
        <line num="409" count="1" type="cond" truecount="1" falsecount="1"/>
        <line num="410" count="1" type="stmt"/>
        <line num="418" count="3" type="cond" truecount="2" falsecount="1"/>
        <line num="419" count="0" type="stmt"/>
        <line num="422" count="3" type="stmt"/>
        <line num="432" count="3" type="cond" truecount="2" falsecount="1"/>
        <line num="433" count="0" type="stmt"/>
        <line num="436" count="3" type="stmt"/>
        <line num="437" count="3" type="stmt"/>
        <line num="440" count="3" type="cond" truecount="2" falsecount="0"/>
        <line num="447" count="11" type="stmt"/>
        <line num="452" count="1" type="stmt"/>
        <line num="465" count="1" type="cond" truecount="0" falsecount="1"/>
        <line num="466" count="0" type="stmt"/>
        <line num="467" count="0" type="stmt"/>
        <line num="468" count="0" type="cond" truecount="0" falsecount="2"/>
        <line num="472" count="1" type="stmt"/>
        <line num="479" count="1" type="stmt"/>
        <line num="482" count="1" type="stmt"/>
        <line num="483" count="0" type="cond" truecount="0" falsecount="1"/>
        <line num="484" count="0" type="stmt"/>
        <line num="488" count="1" type="stmt"/>
      </file>
    </package>
  </project>
</coverage>
