{"/Users/plebdev/Desktop/code/snstr/src/nip46/bunker.ts": {"path":"/Users/plebdev/Desktop/code/snstr/src/nip46/bunker.ts","statementMap":{"0":{"start":{"line":1,"column":0},"end":{"line":1,"column":39}},"1":{"start":{"line":2,"column":0},"end":{"line":2,"column":76}},"2":{"start":{"line":3,"column":0},"end":{"line":3,"column":76}},"3":{"start":{"line":5,"column":0},"end":{"line":5,"column":51}},"4":{"start":{"line":6,"column":0},"end":{"line":6,"column":44}},"5":{"start":{"line":7,"column":0},"end":{"line":7,"column":null}},"6":{"start":{"line":23,"column":0},"end":{"line":23,"column":59}},"7":{"start":{"line":34,"column":10},"end":{"line":34,"column":120}},"8":{"start":{"line":35,"column":10},"end":{"line":35,"column":58}},"9":{"start":{"line":36,"column":10},"end":{"line":36,"column":56}},"10":{"start":{"line":39,"column":4},"end":{"line":39,"column":27}},"11":{"start":{"line":40,"column":4},"end":{"line":40,"column":49}},"12":{"start":{"line":41,"column":4},"end":{"line":41,"column":38}},"13":{"start":{"line":42,"column":4},"end":{"line":42,"column":43}},"14":{"start":{"line":43,"column":4},"end":{"line":43,"column":22}},"15":{"start":{"line":44,"column":4},"end":{"line":44,"column":40}},"16":{"start":{"line":47,"column":4},"end":{"line":49,"column":5}},"17":{"start":{"line":48,"column":6},"end":{"line":48,"column":68}},"18":{"start":{"line":52,"column":4},"end":{"line":55,"column":6}},"19":{"start":{"line":59,"column":4},"end":{"line":62,"column":6}},"20":{"start":{"line":64,"column":4},"end":{"line":78,"column":5}},"21":{"start":{"line":65,"column":6},"end":{"line":68,"column":8}},"22":{"start":{"line":69,"column":6},"end":{"line":72,"column":8}},"23":{"start":{"line":73,"column":6},"end":{"line":73,"column":66}},"24":{"start":{"line":74,"column":6},"end":{"line":77,"column":8}},"25":{"start":{"line":85,"column":4},"end":{"line":85,"column":40}},"26":{"start":{"line":89,"column":4},"end":{"line":89,"column":66}},"27":{"start":{"line":89,"column":20},"end":{"line":89,"column":66}},"28":{"start":{"line":91,"column":4},"end":{"line":94,"column":5}},"29":{"start":{"line":92,"column":6},"end":{"line":92,"column":72}},"30":{"start":{"line":93,"column":6},"end":{"line":93,"column":67}},"31":{"start":{"line":97,"column":4},"end":{"line":97,"column":39}},"32":{"start":{"line":98,"column":4},"end":{"line":99,"column":69}},"33":{"start":{"line":99,"column":6},"end":{"line":99,"column":69}},"34":{"start":{"line":102,"column":32},"end":{"line":105,"column":6}},"35":{"start":{"line":108,"column":4},"end":{"line":110,"column":5}},"36":{"start":{"line":109,"column":6},"end":{"line":109,"column":43}},"37":{"start":{"line":113,"column":4},"end":{"line":115,"column":9}},"38":{"start":{"line":114,"column":6},"end":{"line":114,"column":31}},"39":{"start":{"line":118,"column":4},"end":{"line":120,"column":5}},"40":{"start":{"line":119,"column":6},"end":{"line":119,"column":56}},"41":{"start":{"line":123,"column":4},"end":{"line":123,"column":69}},"42":{"start":{"line":123,"column":45},"end":{"line":123,"column":59}},"43":{"start":{"line":127,"column":4},"end":{"line":127,"column":66}},"44":{"start":{"line":127,"column":20},"end":{"line":127,"column":66}},"45":{"start":{"line":130,"column":4},"end":{"line":133,"column":5}},"46":{"start":{"line":131,"column":6},"end":{"line":131,"column":42}},"47":{"start":{"line":132,"column":6},"end":{"line":132,"column":34}},"48":{"start":{"line":135,"column":4},"end":{"line":138,"column":5}},"49":{"start":{"line":136,"column":6},"end":{"line":136,"column":43}},"50":{"start":{"line":137,"column":6},"end":{"line":137,"column":24}},"51":{"start":{"line":140,"column":4},"end":{"line":142,"column":5}},"52":{"start":{"line":141,"column":6},"end":{"line":141,"column":40}},"53":{"start":{"line":144,"column":4},"end":{"line":144,"column":34}},"54":{"start":{"line":145,"column":4},"end":{"line":145,"column":39}},"55":{"start":{"line":146,"column":4},"end":{"line":146,"column":32}},"56":{"start":{"line":153,"column":4},"end":{"line":153,"column":45}},"57":{"start":{"line":160,"column":4},"end":{"line":160,"column":47}},"58":{"start":{"line":167,"column":4},"end":{"line":167,"column":43}},"59":{"start":{"line":168,"column":4},"end":{"line":168,"column":65}},"60":{"start":{"line":181,"column":4},"end":{"line":181,"column":37}},"61":{"start":{"line":188,"column":4},"end":{"line":188,"column":34}},"62":{"start":{"line":196,"column":16},"end":{"line":196,"column":26}},"63":{"start":{"line":197,"column":24},"end":{"line":197,"column":58}},"64":{"start":{"line":199,"column":4},"end":{"line":205,"column":5}},"65":{"start":{"line":201,"column":6},"end":{"line":203,"column":7}},"66":{"start":{"line":202,"column":8},"end":{"line":202,"column":127}},"67":{"start":{"line":204,"column":6},"end":{"line":204,"column":18}},"68":{"start":{"line":208,"column":4},"end":{"line":208,"column":44}},"69":{"start":{"line":210,"column":4},"end":{"line":210,"column":17}},"70":{"start":{"line":218,"column":16},"end":{"line":218,"column":26}},"71":{"start":{"line":219,"column":19},"end":{"line":219,"column":25}},"72":{"start":{"line":221,"column":18},"end":{"line":221,"column":19}},"73":{"start":{"line":222,"column":4},"end":{"line":227,"column":5}},"74":{"start":{"line":223,"column":6},"end":{"line":226,"column":7}},"75":{"start":{"line":224,"column":8},"end":{"line":224,"column":46}},"76":{"start":{"line":225,"column":8},"end":{"line":225,"column":18}},"77":{"start":{"line":229,"column":4},"end":{"line":231,"column":5}},"78":{"start":{"line":230,"column":6},"end":{"line":230,"column":74}},"79":{"start":{"line":240,"column":4},"end":{"line":244,"column":8}},"80":{"start":{"line":241,"column":6},"end":{"line":244,"column":8}},"81":{"start":{"line":245,"column":19},"end":{"line":245,"column":24}},"82":{"start":{"line":248,"column":4},"end":{"line":299,"column":7}},"83":{"start":{"line":249,"column":6},"end":{"line":298,"column":7}},"84":{"start":{"line":251,"column":28},"end":{"line":251,"column":61}},"85":{"start":{"line":253,"column":8},"end":{"line":259,"column":9}},"86":{"start":{"line":255,"column":10},"end":{"line":258,"column":12}},"87":{"start":{"line":262,"column":8},"end":{"line":271,"column":9}},"88":{"start":{"line":263,"column":10},"end":{"line":267,"column":14}},"89":{"start":{"line":264,"column":12},"end":{"line":267,"column":14}},"90":{"start":{"line":268,"column":10},"end":{"line":270,"column":13}},"91":{"start":{"line":269,"column":12},"end":{"line":269,"column":55}},"92":{"start":{"line":274,"column":8},"end":{"line":278,"column":9}},"93":{"start":{"line":275,"column":10},"end":{"line":277,"column":13}},"94":{"start":{"line":276,"column":12},"end":{"line":276,"column":55}},"95":{"start":{"line":281,"column":8},"end":{"line":281,"column":57}},"96":{"start":{"line":284,"column":8},"end":{"line":293,"column":10}},"97":{"start":{"line":287,"column":14},"end":{"line":287,"column":62}},"98":{"start":{"line":288,"column":12},"end":{"line":291,"column":14}},"99":{"start":{"line":296,"column":8},"end":{"line":296,"column":46}},"100":{"start":{"line":297,"column":8},"end":{"line":297,"column":24}},"101":{"start":{"line":301,"column":4},"end":{"line":301,"column":20}},"102":{"start":{"line":305,"column":16},"end":{"line":305,"column":26}},"103":{"start":{"line":306,"column":25},"end":{"line":306,"column":26}},"104":{"start":{"line":307,"column":28},"end":{"line":307,"column":29}},"105":{"start":{"line":310,"column":4},"end":{"line":316,"column":7}},"106":{"start":{"line":311,"column":6},"end":{"line":315,"column":7}},"107":{"start":{"line":313,"column":8},"end":{"line":313,"column":51}},"108":{"start":{"line":314,"column":8},"end":{"line":314,"column":25}},"109":{"start":{"line":319,"column":4},"end":{"line":324,"column":7}},"110":{"start":{"line":320,"column":6},"end":{"line":323,"column":7}},"111":{"start":{"line":321,"column":8},"end":{"line":321,"column":46}},"112":{"start":{"line":322,"column":8},"end":{"line":322,"column":28}},"113":{"start":{"line":327,"column":4},"end":{"line":327,"column":32}},"114":{"start":{"line":329,"column":4},"end":{"line":333,"column":5}},"115":{"start":{"line":330,"column":6},"end":{"line":332,"column":8}},"116":{"start":{"line":340,"column":4},"end":{"line":347,"column":5}},"117":{"start":{"line":341,"column":6},"end":{"line":346,"column":9}},"118":{"start":{"line":349,"column":25},"end":{"line":349,"column":37}},"119":{"start":{"line":351,"column":4},"end":{"line":442,"column":5}},"120":{"start":{"line":353,"column":21},"end":{"line":353,"column":75}},"121":{"start":{"line":355,"column":6},"end":{"line":362,"column":7}},"122":{"start":{"line":356,"column":8},"end":{"line":360,"column":12}},"123":{"start":{"line":357,"column":10},"end":{"line":360,"column":12}},"124":{"start":{"line":361,"column":8},"end":{"line":361,"column":15}},"125":{"start":{"line":366,"column":6},"end":{"line":381,"column":7}},"126":{"start":{"line":367,"column":8},"end":{"line":367,"column":42}},"127":{"start":{"line":368,"column":8},"end":{"line":373,"column":12}},"128":{"start":{"line":369,"column":10},"end":{"line":373,"column":12}},"129":{"start":{"line":375,"column":29},"end":{"line":375,"column":71}},"130":{"start":{"line":376,"column":8},"end":{"line":379,"column":10}},"131":{"start":{"line":380,"column":8},"end":{"line":380,"column":15}},"132":{"start":{"line":384,"column":6},"end":{"line":389,"column":7}},"133":{"start":{"line":385,"column":8},"end":{"line":387,"column":9}},"134":{"start":{"line":386,"column":10},"end":{"line":386,"column":93}},"135":{"start":{"line":388,"column":8},"end":{"line":388,"column":15}},"136":{"start":{"line":395,"column":21},"end":{"line":395,"column":46}},"137":{"start":{"line":397,"column":6},"end":{"line":428,"column":7}},"138":{"start":{"line":398,"column":8},"end":{"line":398,"column":67}},"139":{"start":{"line":399,"column":13},"end":{"line":428,"column":7}},"140":{"start":{"line":400,"column":8},"end":{"line":400,"column":69}},"141":{"start":{"line":401,"column":13},"end":{"line":428,"column":7}},"142":{"start":{"line":402,"column":8},"end":{"line":402,"column":58}},"143":{"start":{"line":403,"column":13},"end":{"line":428,"column":7}},"144":{"start":{"line":404,"column":8},"end":{"line":407,"column":10}},"145":{"start":{"line":408,"column":13},"end":{"line":428,"column":7}},"146":{"start":{"line":414,"column":8},"end":{"line":414,"column":70}},"147":{"start":{"line":415,"column":13},"end":{"line":428,"column":7}},"148":{"start":{"line":416,"column":8},"end":{"line":419,"column":10}},"149":{"start":{"line":420,"column":13},"end":{"line":428,"column":7}},"150":{"start":{"line":421,"column":8},"end":{"line":421,"column":70}},"151":{"start":{"line":423,"column":8},"end":{"line":423,"column":62}},"152":{"start":{"line":424,"column":8},"end":{"line":427,"column":10}},"153":{"start":{"line":431,"column":6},"end":{"line":437,"column":8}},"154":{"start":{"line":440,"column":8},"end":{"line":440,"column":62}},"155":{"start":{"line":441,"column":6},"end":{"line":441,"column":76}},"156":{"start":{"line":453,"column":25},"end":{"line":453,"column":42}},"157":{"start":{"line":454,"column":4},"end":{"line":461,"column":5}},"158":{"start":{"line":455,"column":6},"end":{"line":460,"column":8}},"159":{"start":{"line":464,"column":19},"end":{"line":464,"column":42}},"160":{"start":{"line":467,"column":4},"end":{"line":481,"column":5}},"161":{"start":{"line":468,"column":6},"end":{"line":480,"column":9}},"162":{"start":{"line":470,"column":8},"end":{"line":473,"column":10}},"163":{"start":{"line":474,"column":21},"end":{"line":480,"column":9}},"164":{"start":{"line":475,"column":10},"end":{"line":479,"column":12}},"165":{"start":{"line":484,"column":32},"end":{"line":484,"column":34}},"166":{"start":{"line":485,"column":4},"end":{"line":487,"column":5}},"167":{"start":{"line":486,"column":6},"end":{"line":486,"column":65}},"168":{"start":{"line":490,"column":4},"end":{"line":514,"column":5}},"169":{"start":{"line":492,"column":26},"end":{"line":492,"column":69}},"170":{"start":{"line":493,"column":44},"end":{"line":498,"column":8}},"171":{"start":{"line":500,"column":6},"end":{"line":500,"column":61}},"172":{"start":{"line":503,"column":20},"end":{"line":503,"column":22}},"173":{"start":{"line":504,"column":6},"end":{"line":506,"column":7}},"174":{"start":{"line":505,"column":8},"end":{"line":505,"column":39}},"175":{"start":{"line":509,"column":6},"end":{"line":513,"column":8}},"176":{"start":{"line":518,"column":26},"end":{"line":521,"column":6}},"177":{"start":{"line":524,"column":4},"end":{"line":524,"column":71}},"178":{"start":{"line":524,"column":34},"end":{"line":524,"column":69}},"179":{"start":{"line":527,"column":4},"end":{"line":531,"column":5}},"180":{"start":{"line":528,"column":6},"end":{"line":530,"column":8}},"181":{"start":{"line":529,"column":8},"end":{"line":529,"column":43}},"182":{"start":{"line":534,"column":4},"end":{"line":534,"column":40}},"183":{"start":{"line":535,"column":4},"end":{"line":535,"column":59}},"184":{"start":{"line":537,"column":4},"end":{"line":543,"column":5}},"185":{"start":{"line":538,"column":6},"end":{"line":538,"column":68}},"186":{"start":{"line":539,"column":6},"end":{"line":542,"column":8}},"187":{"start":{"line":546,"column":4},"end":{"line":549,"column":6}},"188":{"start":{"line":559,"column":4},"end":{"line":564,"column":5}},"189":{"start":{"line":560,"column":6},"end":{"line":563,"column":8}},"190":{"start":{"line":566,"column":4},"end":{"line":572,"column":5}},"191":{"start":{"line":567,"column":6},"end":{"line":567,"column":76}},"192":{"start":{"line":568,"column":6},"end":{"line":571,"column":8}},"193":{"start":{"line":574,"column":4},"end":{"line":612,"column":5}},"194":{"start":{"line":576,"column":52},"end":{"line":577,"column":null}},"195":{"start":{"line":581,"column":6},"end":{"line":588,"column":7}},"196":{"start":{"line":584,"column":8},"end":{"line":587,"column":10}},"197":{"start":{"line":591,"column":26},"end":{"line":597,"column":null}},"198":{"start":{"line":600,"column":6},"end":{"line":603,"column":8}},"199":{"start":{"line":606,"column":8},"end":{"line":606,"column":62}},"200":{"start":{"line":607,"column":6},"end":{"line":607,"column":73}},"201":{"start":{"line":608,"column":6},"end":{"line":611,"column":8}},"202":{"start":{"line":621,"column":4},"end":{"line":624,"column":6}},"203":{"start":{"line":635,"column":4},"end":{"line":640,"column":5}},"204":{"start":{"line":636,"column":6},"end":{"line":636,"column":49}},"205":{"start":{"line":637,"column":6},"end":{"line":639,"column":7}},"206":{"start":{"line":638,"column":8},"end":{"line":638,"column":73}},"207":{"start":{"line":643,"column":41},"end":{"line":643,"column":43}},"208":{"start":{"line":644,"column":4},"end":{"line":648,"column":7}},"209":{"start":{"line":645,"column":6},"end":{"line":647,"column":7}},"210":{"start":{"line":646,"column":8},"end":{"line":646,"column":45}},"211":{"start":{"line":649,"column":4},"end":{"line":649,"column":76}},"212":{"start":{"line":649,"column":37},"end":{"line":649,"column":74}},"213":{"start":{"line":651,"column":4},"end":{"line":654,"column":6}},"214":{"start":{"line":664,"column":4},"end":{"line":669,"column":5}},"215":{"start":{"line":665,"column":6},"end":{"line":668,"column":8}},"216":{"start":{"line":672,"column":4},"end":{"line":677,"column":5}},"217":{"start":{"line":673,"column":6},"end":{"line":676,"column":8}},"218":{"start":{"line":680,"column":4},"end":{"line":686,"column":5}},"219":{"start":{"line":681,"column":6},"end":{"line":681,"column":63}},"220":{"start":{"line":682,"column":6},"end":{"line":685,"column":8}},"221":{"start":{"line":688,"column":4},"end":{"line":756,"column":5}},"222":{"start":{"line":689,"column":31},"end":{"line":689,"column":48}},"223":{"start":{"line":690,"column":22},"end":{"line":690,"column":39}},"224":{"start":{"line":692,"column":6},"end":{"line":697,"column":7}},"225":{"start":{"line":693,"column":8},"end":{"line":696,"column":10}},"226":{"start":{"line":702,"column":6},"end":{"line":742,"column":7}},"227":{"start":{"line":704,"column":10},"end":{"line":708,"column":12}},"228":{"start":{"line":709,"column":10},"end":{"line":709,"column":16}},"229":{"start":{"line":712,"column":10},"end":{"line":716,"column":12}},"230":{"start":{"line":717,"column":10},"end":{"line":717,"column":16}},"231":{"start":{"line":720,"column":10},"end":{"line":724,"column":12}},"232":{"start":{"line":725,"column":10},"end":{"line":725,"column":16}},"233":{"start":{"line":728,"column":10},"end":{"line":732,"column":12}},"234":{"start":{"line":733,"column":10},"end":{"line":733,"column":16}},"235":{"start":{"line":736,"column":10},"end":{"line":741,"column":12}},"236":{"start":{"line":744,"column":6},"end":{"line":747,"column":8}},"237":{"start":{"line":750,"column":8},"end":{"line":750,"column":62}},"238":{"start":{"line":751,"column":6},"end":{"line":751,"column":77}},"239":{"start":{"line":752,"column":6},"end":{"line":755,"column":8}},"240":{"start":{"line":769,"column":4},"end":{"line":771,"column":5}},"241":{"start":{"line":770,"column":6},"end":{"line":770,"column":67}},"242":{"start":{"line":774,"column":36},"end":{"line":774,"column":42}},"243":{"start":{"line":776,"column":4},"end":{"line":778,"column":5}},"244":{"start":{"line":777,"column":6},"end":{"line":777,"column":31}},"245":{"start":{"line":780,"column":4},"end":{"line":782,"column":5}},"246":{"start":{"line":781,"column":6},"end":{"line":781,"column":29}},"247":{"start":{"line":784,"column":4},"end":{"line":786,"column":5}},"248":{"start":{"line":785,"column":6},"end":{"line":785,"column":35}},"249":{"start":{"line":788,"column":4},"end":{"line":818,"column":5}},"250":{"start":{"line":790,"column":27},"end":{"line":790,"column":51}},"251":{"start":{"line":791,"column":31},"end":{"line":794,"column":null}},"252":{"start":{"line":798,"column":28},"end":{"line":806,"column":null}},"253":{"start":{"line":810,"column":6},"end":{"line":810,"column":51}},"254":{"start":{"line":813,"column":8},"end":{"line":813,"column":62}},"255":{"start":{"line":814,"column":6},"end":{"line":814,"column":77}},"256":{"start":{"line":815,"column":6},"end":{"line":817,"column":8}},"257":{"start":{"line":822,"column":4},"end":{"line":822,"column":51}},"258":{"start":{"line":831,"column":8},"end":{"line":833,"column":6}},"259":{"start":{"line":836,"column":4},"end":{"line":838,"column":5}},"260":{"start":{"line":837,"column":6},"end":{"line":837,"column":53}},"261":{"start":{"line":841,"column":4},"end":{"line":843,"column":5}},"262":{"start":{"line":842,"column":6},"end":{"line":842,"column":53}},"263":{"start":{"line":845,"column":4},"end":{"line":845,"column":52}},"264":{"start":{"line":851,"column":4},"end":{"line":885,"column":5}},"265":{"start":{"line":853,"column":6},"end":{"line":855,"column":7}},"266":{"start":{"line":854,"column":8},"end":{"line":854,"column":46}},"267":{"start":{"line":858,"column":20},"end":{"line":874,"column":null}},"268":{"start":{"line":865,"column":45},"end":{"line":865,"column":59}},"269":{"start":{"line":878,"column":6},"end":{"line":878,"column":43}},"270":{"start":{"line":879,"column":6},"end":{"line":879,"column":19}},"271":{"start":{"line":882,"column":8},"end":{"line":882,"column":62}},"272":{"start":{"line":883,"column":6},"end":{"line":883,"column":65}},"273":{"start":{"line":884,"column":6},"end":{"line":884,"column":23}},"274":{"start":{"line":896,"column":4},"end":{"line":902,"column":5}},"275":{"start":{"line":897,"column":6},"end":{"line":901,"column":8}},"276":{"start":{"line":905,"column":4},"end":{"line":925,"column":5}},"277":{"start":{"line":906,"column":24},"end":{"line":909,"column":null}},"278":{"start":{"line":911,"column":6},"end":{"line":915,"column":8}},"279":{"start":{"line":917,"column":27},"end":{"line":917,"column":81}},"280":{"start":{"line":918,"column":6},"end":{"line":919,"column":78}},"281":{"start":{"line":919,"column":8},"end":{"line":919,"column":78}},"282":{"start":{"line":920,"column":6},"end":{"line":924,"column":8}},"283":{"start":{"line":934,"column":4},"end":{"line":942,"column":5}},"284":{"start":{"line":935,"column":27},"end":{"line":935,"column":85}},"285":{"start":{"line":936,"column":6},"end":{"line":941,"column":7}},"286":{"start":{"line":937,"column":8},"end":{"line":939,"column":9}},"287":{"start":{"line":938,"column":10},"end":{"line":938,"column":122}},"288":{"start":{"line":940,"column":8},"end":{"line":940,"column":28}},"289":{"start":{"line":944,"column":19},"end":{"line":944,"column":58}},"290":{"start":{"line":945,"column":4},"end":{"line":947,"column":5}},"291":{"start":{"line":946,"column":6},"end":{"line":946,"column":19}},"292":{"start":{"line":950,"column":4},"end":{"line":952,"column":5}},"293":{"start":{"line":951,"column":6},"end":{"line":951,"column":18}},"294":{"start":{"line":955,"column":4},"end":{"line":960,"column":5}},"295":{"start":{"line":959,"column":6},"end":{"line":959,"column":18}},"296":{"start":{"line":963,"column":4},"end":{"line":970,"column":5}},"297":{"start":{"line":964,"column":6},"end":{"line":969,"column":7}},"298":{"start":{"line":965,"column":25},"end":{"line":965,"column":40}},"299":{"start":{"line":966,"column":8},"end":{"line":968,"column":9}},"300":{"start":{"line":967,"column":10},"end":{"line":967,"column":22}},"301":{"start":{"line":972,"column":4},"end":{"line":972,"column":17}},"302":{"start":{"line":25,"column":0},"end":{"line":25,"column":13}}},"fnMap":{"0":{"name":"(anonymous_0)","decl":{"start":{"line":38,"column":2},"end":{"line":38,"column":14}},"loc":{"start":{"line":38,"column":41},"end":{"line":79,"column":3}}},"1":{"name":"(anonymous_1)","decl":{"start":{"line":84,"column":2},"end":{"line":84,"column":17}},"loc":{"start":{"line":84,"column":17},"end":{"line":86,"column":3}}},"2":{"name":"(anonymous_2)","decl":{"start":{"line":88,"column":9},"end":{"line":88,"column":14}},"loc":{"start":{"line":88,"column":20},"end":{"line":124,"column":3}}},"3":{"name":"(anonymous_3)","decl":{"start":{"line":113,"column":48},"end":{"line":113,"column":49}},"loc":{"start":{"line":114,"column":6},"end":{"line":114,"column":31}}},"4":{"name":"(anonymous_4)","decl":{"start":{"line":123,"column":39},"end":{"line":123,"column":42}},"loc":{"start":{"line":123,"column":45},"end":{"line":123,"column":59}}},"5":{"name":"(anonymous_5)","decl":{"start":{"line":126,"column":9},"end":{"line":126,"column":14}},"loc":{"start":{"line":126,"column":19},"end":{"line":147,"column":3}}},"6":{"name":"(anonymous_6)","decl":{"start":{"line":152,"column":2},"end":{"line":152,"column":19}},"loc":{"start":{"line":152,"column":38},"end":{"line":154,"column":3}}},"7":{"name":"(anonymous_7)","decl":{"start":{"line":159,"column":2},"end":{"line":159,"column":21}},"loc":{"start":{"line":159,"column":40},"end":{"line":161,"column":3}}},"8":{"name":"(anonymous_8)","decl":{"start":{"line":166,"column":2},"end":{"line":166,"column":16}},"loc":{"start":{"line":166,"column":66},"end":{"line":169,"column":3}}},"9":{"name":"(anonymous_9)","decl":{"start":{"line":178,"column":2},"end":{"line":178,"column":22}},"loc":{"start":{"line":179,"column":87},"end":{"line":182,"column":3}}},"10":{"name":"(anonymous_10)","decl":{"start":{"line":187,"column":2},"end":{"line":187,"column":24}},"loc":{"start":{"line":187,"column":24},"end":{"line":189,"column":3}}},"11":{"name":"(anonymous_11)","decl":{"start":{"line":195,"column":10},"end":{"line":195,"column":24}},"loc":{"start":{"line":195,"column":42},"end":{"line":211,"column":3}}},"12":{"name":"(anonymous_12)","decl":{"start":{"line":217,"column":10},"end":{"line":217,"column":30}},"loc":{"start":{"line":217,"column":30},"end":{"line":232,"column":3}}},"13":{"name":"(anonymous_13)","decl":{"start":{"line":239,"column":2},"end":{"line":239,"column":22}},"loc":{"start":{"line":239,"column":37},"end":{"line":302,"column":3}}},"14":{"name":"(anonymous_14)","decl":{"start":{"line":248,"column":39},"end":{"line":248,"column":40}},"loc":{"start":{"line":248,"column":57},"end":{"line":299,"column":5}}},"15":{"name":"(anonymous_15)","decl":{"start":{"line":268,"column":40},"end":{"line":268,"column":41}},"loc":{"start":{"line":268,"column":55},"end":{"line":270,"column":11}}},"16":{"name":"(anonymous_16)","decl":{"start":{"line":275,"column":50},"end":{"line":275,"column":51}},"loc":{"start":{"line":275,"column":65},"end":{"line":277,"column":11}}},"17":{"name":"(anonymous_17)","decl":{"start":{"line":285,"column":10},"end":{"line":285,"column":11}},"loc":{"start":{"line":285,"column":18},"end":{"line":292,"column":11}}},"18":{"name":"(anonymous_18)","decl":{"start":{"line":304,"column":10},"end":{"line":304,"column":17}},"loc":{"start":{"line":304,"column":17},"end":{"line":334,"column":3}}},"19":{"name":"(anonymous_19)","decl":{"start":{"line":310,"column":34},"end":{"line":310,"column":35}},"loc":{"start":{"line":310,"column":59},"end":{"line":316,"column":5}}},"20":{"name":"(anonymous_20)","decl":{"start":{"line":319,"column":39},"end":{"line":319,"column":40}},"loc":{"start":{"line":319,"column":57},"end":{"line":324,"column":5}}},"21":{"name":"(anonymous_21)","decl":{"start":{"line":339,"column":10},"end":{"line":339,"column":15}},"loc":{"start":{"line":339,"column":47},"end":{"line":443,"column":3}}},"22":{"name":"(anonymous_22)","decl":{"start":{"line":448,"column":10},"end":{"line":448,"column":15}},"loc":{"start":{"line":450,"column":24},"end":{"line":550,"column":3}}},"23":{"name":"(anonymous_23)","decl":{"start":{"line":524,"column":24},"end":{"line":524,"column":25}},"loc":{"start":{"line":524,"column":34},"end":{"line":524,"column":69}}},"24":{"name":"(anonymous_24)","decl":{"start":{"line":528,"column":46},"end":{"line":528,"column":47}},"loc":{"start":{"line":529,"column":8},"end":{"line":529,"column":43}}},"25":{"name":"(anonymous_25)","decl":{"start":{"line":555,"column":10},"end":{"line":555,"column":15}},"loc":{"start":{"line":557,"column":24},"end":{"line":613,"column":3}}},"26":{"name":"(anonymous_26)","decl":{"start":{"line":618,"column":10},"end":{"line":618,"column":15}},"loc":{"start":{"line":619,"column":25},"end":{"line":625,"column":3}}},"27":{"name":"(anonymous_27)","decl":{"start":{"line":630,"column":10},"end":{"line":630,"column":15}},"loc":{"start":{"line":632,"column":24},"end":{"line":655,"column":3}}},"28":{"name":"(anonymous_28)","decl":{"start":{"line":644,"column":39},"end":{"line":644,"column":40}},"loc":{"start":{"line":644,"column":66},"end":{"line":648,"column":5}}},"29":{"name":"(anonymous_29)","decl":{"start":{"line":649,"column":31},"end":{"line":649,"column":33}},"loc":{"start":{"line":649,"column":37},"end":{"line":649,"column":74}}},"30":{"name":"(anonymous_30)","decl":{"start":{"line":660,"column":10},"end":{"line":660,"column":15}},"loc":{"start":{"line":662,"column":24},"end":{"line":757,"column":3}}},"31":{"name":"(anonymous_31)","decl":{"start":{"line":762,"column":10},"end":{"line":762,"column":15}},"loc":{"start":{"line":767,"column":21},"end":{"line":819,"column":3}}},"32":{"name":"(anonymous_32)","decl":{"start":{"line":821,"column":10},"end":{"line":821,"column":28}},"loc":{"start":{"line":821,"column":49},"end":{"line":823,"column":3}}},"33":{"name":"(anonymous_33)","decl":{"start":{"line":825,"column":2},"end":{"line":825,"column":21}},"loc":{"start":{"line":825,"column":21},"end":{"line":846,"column":3}}},"34":{"name":"(anonymous_34)","decl":{"start":{"line":848,"column":2},"end":{"line":848,"column":7}},"loc":{"start":{"line":849,"column":27},"end":{"line":886,"column":3}}},"35":{"name":"(anonymous_35)","decl":{"start":{"line":865,"column":36},"end":{"line":865,"column":37}},"loc":{"start":{"line":865,"column":45},"end":{"line":865,"column":59}}},"36":{"name":"(anonymous_36)","decl":{"start":{"line":892,"column":10},"end":{"line":892,"column":15}},"loc":{"start":{"line":894,"column":24},"end":{"line":926,"column":3}}},"37":{"name":"(anonymous_37)","decl":{"start":{"line":932,"column":10},"end":{"line":932,"column":23}},"loc":{"start":{"line":932,"column":100},"end":{"line":973,"column":3}}}},"branchMap":{"0":{"loc":{"start":{"line":40,"column":27},"end":{"line":40,"column":47}},"type":"binary-expr","locations":[{"start":{"line":40,"column":27},"end":{"line":40,"column":41}},{"start":{"line":40,"column":45},"end":{"line":40,"column":47}}]},"1":{"loc":{"start":{"line":44,"column":17},"end":{"line":44,"column":39}},"type":"binary-expr","locations":[{"start":{"line":44,"column":17},"end":{"line":44,"column":30}},{"start":{"line":44,"column":34},"end":{"line":44,"column":39}}]},"2":{"loc":{"start":{"line":47,"column":4},"end":{"line":49,"column":5}},"type":"if","locations":[{"start":{"line":47,"column":4},"end":{"line":49,"column":5}}]},"3":{"loc":{"start":{"line":60,"column":17},"end":{"line":60,"column":59}},"type":"binary-expr","locations":[{"start":{"line":60,"column":17},"end":{"line":60,"column":37}},{"start":{"line":60,"column":41},"end":{"line":60,"column":59}}]},"4":{"loc":{"start":{"line":64,"column":4},"end":{"line":78,"column":5}},"type":"if","locations":[{"start":{"line":64,"column":4},"end":{"line":78,"column":5}}]},"5":{"loc":{"start":{"line":71,"column":8},"end":{"line":71,"column":50}},"type":"binary-expr","locations":[{"start":{"line":71,"column":8},"end":{"line":71,"column":28}},{"start":{"line":71,"column":32},"end":{"line":71,"column":50}}]},"6":{"loc":{"start":{"line":76,"column":8},"end":{"line":76,"column":44}},"type":"binary-expr","locations":[{"start":{"line":76,"column":8},"end":{"line":76,"column":34}},{"start":{"line":76,"column":38},"end":{"line":76,"column":44}}]},"7":{"loc":{"start":{"line":89,"column":4},"end":{"line":89,"column":66}},"type":"if","locations":[{"start":{"line":89,"column":4},"end":{"line":89,"column":66}}]},"8":{"loc":{"start":{"line":91,"column":4},"end":{"line":94,"column":5}},"type":"if","locations":[{"start":{"line":91,"column":4},"end":{"line":94,"column":5}}]},"9":{"loc":{"start":{"line":98,"column":4},"end":{"line":99,"column":69}},"type":"if","locations":[{"start":{"line":98,"column":4},"end":{"line":99,"column":69}}]},"10":{"loc":{"start":{"line":108,"column":4},"end":{"line":110,"column":5}},"type":"if","locations":[{"start":{"line":108,"column":4},"end":{"line":110,"column":5}}]},"11":{"loc":{"start":{"line":118,"column":4},"end":{"line":120,"column":5}},"type":"if","locations":[{"start":{"line":118,"column":4},"end":{"line":120,"column":5}}]},"12":{"loc":{"start":{"line":127,"column":4},"end":{"line":127,"column":66}},"type":"if","locations":[{"start":{"line":127,"column":4},"end":{"line":127,"column":66}}]},"13":{"loc":{"start":{"line":130,"column":4},"end":{"line":133,"column":5}},"type":"if","locations":[{"start":{"line":130,"column":4},"end":{"line":133,"column":5}}]},"14":{"loc":{"start":{"line":135,"column":4},"end":{"line":138,"column":5}},"type":"if","locations":[{"start":{"line":135,"column":4},"end":{"line":138,"column":5}}]},"15":{"loc":{"start":{"line":140,"column":4},"end":{"line":142,"column":5}},"type":"if","locations":[{"start":{"line":140,"column":4},"end":{"line":142,"column":5}}]},"16":{"loc":{"start":{"line":168,"column":29},"end":{"line":168,"column":63}},"type":"binary-expr","locations":[{"start":{"line":168,"column":29},"end":{"line":168,"column":45}},{"start":{"line":168,"column":49},"end":{"line":168,"column":63}}]},"17":{"loc":{"start":{"line":199,"column":4},"end":{"line":205,"column":5}},"type":"if","locations":[{"start":{"line":199,"column":4},"end":{"line":205,"column":5}}]},"18":{"loc":{"start":{"line":201,"column":6},"end":{"line":203,"column":7}},"type":"if","locations":[{"start":{"line":201,"column":6},"end":{"line":203,"column":7}}]},"19":{"loc":{"start":{"line":223,"column":6},"end":{"line":226,"column":7}},"type":"if","locations":[{"start":{"line":223,"column":6},"end":{"line":226,"column":7}}]},"20":{"loc":{"start":{"line":229,"column":4},"end":{"line":231,"column":5}},"type":"if","locations":[{"start":{"line":229,"column":4},"end":{"line":231,"column":5}}]},"21":{"loc":{"start":{"line":229,"column":8},"end":{"line":229,"column":33}},"type":"binary-expr","locations":[{"start":{"line":229,"column":8},"end":{"line":229,"column":18}},{"start":{"line":229,"column":22},"end":{"line":229,"column":33}}]},"22":{"loc":{"start":{"line":240,"column":4},"end":{"line":244,"column":8}},"type":"if","locations":[{"start":{"line":240,"column":4},"end":{"line":244,"column":8}}]},"23":{"loc":{"start":{"line":249,"column":6},"end":{"line":298,"column":7}},"type":"if","locations":[{"start":{"line":249,"column":6},"end":{"line":298,"column":7}}]},"24":{"loc":{"start":{"line":253,"column":8},"end":{"line":259,"column":9}},"type":"if","locations":[{"start":{"line":253,"column":8},"end":{"line":259,"column":9}}]},"25":{"loc":{"start":{"line":262,"column":8},"end":{"line":271,"column":9}},"type":"if","locations":[{"start":{"line":262,"column":8},"end":{"line":271,"column":9}}]},"26":{"loc":{"start":{"line":263,"column":10},"end":{"line":267,"column":14}},"type":"if","locations":[{"start":{"line":263,"column":10},"end":{"line":267,"column":14}}]},"27":{"loc":{"start":{"line":274,"column":8},"end":{"line":278,"column":9}},"type":"if","locations":[{"start":{"line":274,"column":8},"end":{"line":278,"column":9}}]},"28":{"loc":{"start":{"line":287,"column":14},"end":{"line":287,"column":62}},"type":"cond-expr","locations":[{"start":{"line":287,"column":37},"end":{"line":287,"column":48}},{"start":{"line":287,"column":51},"end":{"line":287,"column":62}}]},"29":{"loc":{"start":{"line":311,"column":6},"end":{"line":315,"column":7}},"type":"if","locations":[{"start":{"line":311,"column":6},"end":{"line":315,"column":7}}]},"30":{"loc":{"start":{"line":320,"column":6},"end":{"line":323,"column":7}},"type":"if","locations":[{"start":{"line":320,"column":6},"end":{"line":323,"column":7}}]},"31":{"loc":{"start":{"line":320,"column":39},"end":{"line":320,"column":73}},"type":"binary-expr","locations":[{"start":{"line":320,"column":39},"end":{"line":320,"column":63}},{"start":{"line":320,"column":67},"end":{"line":320,"column":73}}]},"32":{"loc":{"start":{"line":329,"column":4},"end":{"line":333,"column":5}},"type":"if","locations":[{"start":{"line":329,"column":4},"end":{"line":333,"column":5}}]},"33":{"loc":{"start":{"line":329,"column":8},"end":{"line":329,"column":67}},"type":"binary-expr","locations":[{"start":{"line":329,"column":8},"end":{"line":329,"column":18}},{"start":{"line":329,"column":23},"end":{"line":329,"column":41}},{"start":{"line":329,"column":45},"end":{"line":329,"column":66}}]},"34":{"loc":{"start":{"line":340,"column":4},"end":{"line":347,"column":5}},"type":"if","locations":[{"start":{"line":340,"column":4},"end":{"line":347,"column":5}}]},"35":{"loc":{"start":{"line":355,"column":6},"end":{"line":362,"column":7}},"type":"if","locations":[{"start":{"line":355,"column":6},"end":{"line":362,"column":7}}]},"36":{"loc":{"start":{"line":356,"column":8},"end":{"line":360,"column":12}},"type":"if","locations":[{"start":{"line":356,"column":8},"end":{"line":360,"column":12}}]},"37":{"loc":{"start":{"line":368,"column":8},"end":{"line":373,"column":12}},"type":"if","locations":[{"start":{"line":368,"column":8},"end":{"line":373,"column":12}}]},"38":{"loc":{"start":{"line":375,"column":29},"end":{"line":375,"column":71}},"type":"cond-expr","locations":[{"start":{"line":375,"column":50},"end":{"line":375,"column":59}},{"start":{"line":375,"column":62},"end":{"line":375,"column":71}}]},"39":{"loc":{"start":{"line":384,"column":6},"end":{"line":389,"column":7}},"type":"if","locations":[{"start":{"line":384,"column":6},"end":{"line":389,"column":7}}]},"40":{"loc":{"start":{"line":384,"column":10},"end":{"line":384,"column":70}},"type":"binary-expr","locations":[{"start":{"line":384,"column":10},"end":{"line":384,"column":35}},{"start":{"line":384,"column":39},"end":{"line":384,"column":70}}]},"41":{"loc":{"start":{"line":385,"column":8},"end":{"line":387,"column":9}},"type":"if","locations":[{"start":{"line":385,"column":8},"end":{"line":387,"column":9}}]},"42":{"loc":{"start":{"line":397,"column":6},"end":{"line":428,"column":7}},"type":"if","locations":[{"start":{"line":397,"column":6},"end":{"line":428,"column":7}},{"start":{"line":399,"column":13},"end":{"line":428,"column":7}}]},"43":{"loc":{"start":{"line":399,"column":13},"end":{"line":428,"column":7}},"type":"if","locations":[{"start":{"line":399,"column":13},"end":{"line":428,"column":7}},{"start":{"line":401,"column":13},"end":{"line":428,"column":7}}]},"44":{"loc":{"start":{"line":401,"column":13},"end":{"line":428,"column":7}},"type":"if","locations":[{"start":{"line":401,"column":13},"end":{"line":428,"column":7}},{"start":{"line":403,"column":13},"end":{"line":428,"column":7}}]},"45":{"loc":{"start":{"line":403,"column":13},"end":{"line":428,"column":7}},"type":"if","locations":[{"start":{"line":403,"column":13},"end":{"line":428,"column":7}},{"start":{"line":408,"column":13},"end":{"line":428,"column":7}}]},"46":{"loc":{"start":{"line":406,"column":33},"end":{"line":406,"column":58}},"type":"binary-expr","locations":[{"start":{"line":406,"column":33},"end":{"line":406,"column":52}},{"start":{"line":406,"column":56},"end":{"line":406,"column":58}}]},"47":{"loc":{"start":{"line":408,"column":13},"end":{"line":428,"column":7}},"type":"if","locations":[{"start":{"line":408,"column":13},"end":{"line":428,"column":7}},{"start":{"line":415,"column":13},"end":{"line":428,"column":7}}]},"48":{"loc":{"start":{"line":409,"column":8},"end":{"line":412,"column":34}},"type":"binary-expr","locations":[{"start":{"line":409,"column":8},"end":{"line":409,"column":34}},{"start":{"line":410,"column":8},"end":{"line":410,"column":34}},{"start":{"line":411,"column":8},"end":{"line":411,"column":34}},{"start":{"line":412,"column":8},"end":{"line":412,"column":34}}]},"49":{"loc":{"start":{"line":415,"column":13},"end":{"line":428,"column":7}},"type":"if","locations":[{"start":{"line":415,"column":13},"end":{"line":428,"column":7}},{"start":{"line":420,"column":13},"end":{"line":428,"column":7}}]},"50":{"loc":{"start":{"line":420,"column":13},"end":{"line":428,"column":7}},"type":"if","locations":[{"start":{"line":420,"column":13},"end":{"line":428,"column":7}},{"start":{"line":422,"column":13},"end":{"line":428,"column":7}}]},"51":{"loc":{"start":{"line":440,"column":8},"end":{"line":440,"column":62}},"type":"cond-expr","locations":[{"start":{"line":440,"column":33},"end":{"line":440,"column":46}},{"start":{"line":440,"column":49},"end":{"line":440,"column":62}}]},"52":{"loc":{"start":{"line":454,"column":4},"end":{"line":461,"column":5}},"type":"if","locations":[{"start":{"line":454,"column":4},"end":{"line":461,"column":5}}]},"53":{"loc":{"start":{"line":454,"column":8},"end":{"line":454,"column":69}},"type":"binary-expr","locations":[{"start":{"line":454,"column":8},"end":{"line":454,"column":20}},{"start":{"line":454,"column":24},"end":{"line":454,"column":69}}]},"54":{"loc":{"start":{"line":464,"column":19},"end":{"line":464,"column":42}},"type":"binary-expr","locations":[{"start":{"line":464,"column":19},"end":{"line":464,"column":36}},{"start":{"line":464,"column":40},"end":{"line":464,"column":42}}]},"55":{"loc":{"start":{"line":467,"column":4},"end":{"line":481,"column":5}},"type":"if","locations":[{"start":{"line":467,"column":4},"end":{"line":481,"column":5}}]},"56":{"loc":{"start":{"line":468,"column":6},"end":{"line":480,"column":9}},"type":"if","locations":[{"start":{"line":468,"column":6},"end":{"line":480,"column":9}},{"start":{"line":474,"column":21},"end":{"line":480,"column":9}}]},"57":{"loc":{"start":{"line":474,"column":21},"end":{"line":480,"column":9}},"type":"if","locations":[{"start":{"line":474,"column":21},"end":{"line":480,"column":9}}]},"58":{"loc":{"start":{"line":485,"column":4},"end":{"line":487,"column":5}},"type":"if","locations":[{"start":{"line":485,"column":4},"end":{"line":487,"column":5}}]},"59":{"loc":{"start":{"line":490,"column":4},"end":{"line":514,"column":5}},"type":"if","locations":[{"start":{"line":490,"column":4},"end":{"line":514,"column":5}}]},"60":{"loc":{"start":{"line":504,"column":6},"end":{"line":506,"column":7}},"type":"if","locations":[{"start":{"line":504,"column":6},"end":{"line":506,"column":7}}]},"61":{"loc":{"start":{"line":512,"column":15},"end":{"line":512,"column":47}},"type":"binary-expr","locations":[{"start":{"line":512,"column":15},"end":{"line":512,"column":22}},{"start":{"line":512,"column":26},"end":{"line":512,"column":47}}]},"62":{"loc":{"start":{"line":518,"column":26},"end":{"line":521,"column":6}},"type":"binary-expr","locations":[{"start":{"line":518,"column":26},"end":{"line":518,"column":65}},{"start":{"line":518,"column":69},"end":{"line":521,"column":6}}]},"63":{"loc":{"start":{"line":527,"column":4},"end":{"line":531,"column":5}},"type":"if","locations":[{"start":{"line":527,"column":4},"end":{"line":531,"column":5}}]},"64":{"loc":{"start":{"line":537,"column":4},"end":{"line":543,"column":5}},"type":"if","locations":[{"start":{"line":537,"column":4},"end":{"line":543,"column":5}}]},"65":{"loc":{"start":{"line":548,"column":14},"end":{"line":548,"column":29}},"type":"binary-expr","locations":[{"start":{"line":548,"column":14},"end":{"line":548,"column":20}},{"start":{"line":548,"column":24},"end":{"line":548,"column":29}}]},"66":{"loc":{"start":{"line":559,"column":4},"end":{"line":564,"column":5}},"type":"if","locations":[{"start":{"line":559,"column":4},"end":{"line":564,"column":5}}]},"67":{"loc":{"start":{"line":566,"column":4},"end":{"line":572,"column":5}},"type":"if","locations":[{"start":{"line":566,"column":4},"end":{"line":572,"column":5}}]},"68":{"loc":{"start":{"line":581,"column":6},"end":{"line":588,"column":7}},"type":"if","locations":[{"start":{"line":581,"column":6},"end":{"line":588,"column":7}}]},"69":{"loc":{"start":{"line":595,"column":16},"end":{"line":595,"column":40}},"type":"binary-expr","locations":[{"start":{"line":595,"column":16},"end":{"line":595,"column":34}},{"start":{"line":595,"column":38},"end":{"line":595,"column":40}}]},"70":{"loc":{"start":{"line":606,"column":8},"end":{"line":606,"column":62}},"type":"cond-expr","locations":[{"start":{"line":606,"column":33},"end":{"line":606,"column":46}},{"start":{"line":606,"column":49},"end":{"line":606,"column":62}}]},"71":{"loc":{"start":{"line":635,"column":4},"end":{"line":640,"column":5}},"type":"if","locations":[{"start":{"line":635,"column":4},"end":{"line":640,"column":5}}]},"72":{"loc":{"start":{"line":637,"column":6},"end":{"line":639,"column":7}},"type":"if","locations":[{"start":{"line":637,"column":6},"end":{"line":639,"column":7}}]},"73":{"loc":{"start":{"line":645,"column":6},"end":{"line":647,"column":7}},"type":"if","locations":[{"start":{"line":645,"column":6},"end":{"line":647,"column":7}}]},"74":{"loc":{"start":{"line":664,"column":4},"end":{"line":669,"column":5}},"type":"if","locations":[{"start":{"line":664,"column":4},"end":{"line":669,"column":5}}]},"75":{"loc":{"start":{"line":672,"column":4},"end":{"line":677,"column":5}},"type":"if","locations":[{"start":{"line":672,"column":4},"end":{"line":677,"column":5}}]},"76":{"loc":{"start":{"line":680,"column":4},"end":{"line":686,"column":5}},"type":"if","locations":[{"start":{"line":680,"column":4},"end":{"line":686,"column":5}}]},"77":{"loc":{"start":{"line":692,"column":6},"end":{"line":697,"column":7}},"type":"if","locations":[{"start":{"line":692,"column":6},"end":{"line":697,"column":7}}]},"78":{"loc":{"start":{"line":692,"column":10},"end":{"line":692,"column":39}},"type":"binary-expr","locations":[{"start":{"line":692,"column":10},"end":{"line":692,"column":27}},{"start":{"line":692,"column":31},"end":{"line":692,"column":39}}]},"79":{"loc":{"start":{"line":702,"column":6},"end":{"line":742,"column":7}},"type":"switch","locations":[{"start":{"line":703,"column":8},"end":{"line":709,"column":16}},{"start":{"line":711,"column":8},"end":{"line":717,"column":16}},{"start":{"line":719,"column":8},"end":{"line":725,"column":16}},{"start":{"line":727,"column":8},"end":{"line":733,"column":16}},{"start":{"line":735,"column":8},"end":{"line":741,"column":12}}]},"80":{"loc":{"start":{"line":750,"column":8},"end":{"line":750,"column":62}},"type":"cond-expr","locations":[{"start":{"line":750,"column":33},"end":{"line":750,"column":46}},{"start":{"line":750,"column":49},"end":{"line":750,"column":62}}]},"81":{"loc":{"start":{"line":765,"column":4},"end":{"line":765,"column":32}},"type":"default-arg","locations":[{"start":{"line":765,"column":28},"end":{"line":765,"column":32}}]},"82":{"loc":{"start":{"line":769,"column":4},"end":{"line":771,"column":5}},"type":"if","locations":[{"start":{"line":769,"column":4},"end":{"line":771,"column":5}}]},"83":{"loc":{"start":{"line":776,"column":4},"end":{"line":778,"column":5}},"type":"if","locations":[{"start":{"line":776,"column":4},"end":{"line":778,"column":5}}]},"84":{"loc":{"start":{"line":776,"column":8},"end":{"line":776,"column":47}},"type":"binary-expr","locations":[{"start":{"line":776,"column":8},"end":{"line":776,"column":28}},{"start":{"line":776,"column":32},"end":{"line":776,"column":47}}]},"85":{"loc":{"start":{"line":780,"column":4},"end":{"line":782,"column":5}},"type":"if","locations":[{"start":{"line":780,"column":4},"end":{"line":782,"column":5}}]},"86":{"loc":{"start":{"line":784,"column":4},"end":{"line":786,"column":5}},"type":"if","locations":[{"start":{"line":784,"column":4},"end":{"line":786,"column":5}}]},"87":{"loc":{"start":{"line":813,"column":8},"end":{"line":813,"column":62}},"type":"cond-expr","locations":[{"start":{"line":813,"column":33},"end":{"line":813,"column":46}},{"start":{"line":813,"column":49},"end":{"line":813,"column":62}}]},"88":{"loc":{"start":{"line":836,"column":4},"end":{"line":838,"column":5}},"type":"if","locations":[{"start":{"line":836,"column":4},"end":{"line":838,"column":5}}]},"89":{"loc":{"start":{"line":836,"column":8},"end":{"line":836,"column":61}},"type":"binary-expr","locations":[{"start":{"line":836,"column":8},"end":{"line":836,"column":27}},{"start":{"line":836,"column":31},"end":{"line":836,"column":61}}]},"90":{"loc":{"start":{"line":841,"column":4},"end":{"line":843,"column":5}},"type":"if","locations":[{"start":{"line":841,"column":4},"end":{"line":843,"column":5}}]},"91":{"loc":{"start":{"line":853,"column":6},"end":{"line":855,"column":7}},"type":"if","locations":[{"start":{"line":853,"column":6},"end":{"line":855,"column":7}}]},"92":{"loc":{"start":{"line":853,"column":10},"end":{"line":853,"column":49}},"type":"binary-expr","locations":[{"start":{"line":853,"column":10},"end":{"line":853,"column":26}},{"start":{"line":853,"column":30},"end":{"line":853,"column":49}}]},"93":{"loc":{"start":{"line":864,"column":16},"end":{"line":866,"column":18}},"type":"cond-expr","locations":[{"start":{"line":865,"column":16},"end":{"line":865,"column":60}},{"start":{"line":866,"column":16},"end":{"line":866,"column":18}}]},"94":{"loc":{"start":{"line":867,"column":16},"end":{"line":869,"column":18}},"type":"cond-expr","locations":[{"start":{"line":868,"column":16},"end":{"line":868,"column":65}},{"start":{"line":869,"column":16},"end":{"line":869,"column":18}}]},"95":{"loc":{"start":{"line":882,"column":8},"end":{"line":882,"column":62}},"type":"cond-expr","locations":[{"start":{"line":882,"column":33},"end":{"line":882,"column":46}},{"start":{"line":882,"column":49},"end":{"line":882,"column":62}}]},"96":{"loc":{"start":{"line":896,"column":4},"end":{"line":902,"column":5}},"type":"if","locations":[{"start":{"line":896,"column":4},"end":{"line":902,"column":5}}]},"97":{"loc":{"start":{"line":917,"column":27},"end":{"line":917,"column":81}},"type":"cond-expr","locations":[{"start":{"line":917,"column":52},"end":{"line":917,"column":65}},{"start":{"line":917,"column":68},"end":{"line":917,"column":81}}]},"98":{"loc":{"start":{"line":918,"column":6},"end":{"line":919,"column":78}},"type":"if","locations":[{"start":{"line":918,"column":6},"end":{"line":919,"column":78}}]},"99":{"loc":{"start":{"line":934,"column":4},"end":{"line":942,"column":5}},"type":"if","locations":[{"start":{"line":934,"column":4},"end":{"line":942,"column":5}}]},"100":{"loc":{"start":{"line":934,"column":8},"end":{"line":934,"column":40}},"type":"binary-expr","locations":[{"start":{"line":934,"column":8},"end":{"line":934,"column":30}},{"start":{"line":934,"column":34},"end":{"line":934,"column":40}}]},"101":{"loc":{"start":{"line":935,"column":72},"end":{"line":935,"column":84}},"type":"binary-expr","locations":[{"start":{"line":935,"column":72},"end":{"line":935,"column":78}},{"start":{"line":935,"column":82},"end":{"line":935,"column":84}}]},"102":{"loc":{"start":{"line":936,"column":6},"end":{"line":941,"column":7}},"type":"if","locations":[{"start":{"line":936,"column":6},"end":{"line":941,"column":7}}]},"103":{"loc":{"start":{"line":937,"column":8},"end":{"line":939,"column":9}},"type":"if","locations":[{"start":{"line":937,"column":8},"end":{"line":939,"column":9}}]},"104":{"loc":{"start":{"line":945,"column":4},"end":{"line":947,"column":5}},"type":"if","locations":[{"start":{"line":945,"column":4},"end":{"line":947,"column":5}}]},"105":{"loc":{"start":{"line":950,"column":4},"end":{"line":952,"column":5}},"type":"if","locations":[{"start":{"line":950,"column":4},"end":{"line":952,"column":5}}]},"106":{"loc":{"start":{"line":955,"column":4},"end":{"line":960,"column":5}},"type":"if","locations":[{"start":{"line":955,"column":4},"end":{"line":960,"column":5}}]},"107":{"loc":{"start":{"line":956,"column":6},"end":{"line":957,"column":42}},"type":"binary-expr","locations":[{"start":{"line":956,"column":6},"end":{"line":956,"column":42}},{"start":{"line":957,"column":6},"end":{"line":957,"column":42}}]},"108":{"loc":{"start":{"line":964,"column":6},"end":{"line":969,"column":7}},"type":"if","locations":[{"start":{"line":964,"column":6},"end":{"line":969,"column":7}}]},"109":{"loc":{"start":{"line":966,"column":8},"end":{"line":968,"column":9}},"type":"if","locations":[{"start":{"line":966,"column":8},"end":{"line":968,"column":9}}]}},"s":{"0":11,"1":11,"2":11,"3":11,"4":11,"5":11,"6":11,"7":5,"8":5,"9":5,"10":5,"11":5,"12":5,"13":5,"14":5,"15":5,"16":5,"17":0,"18":5,"19":5,"20":5,"21":5,"22":5,"23":5,"24":5,"25":0,"26":2,"27":2,"28":2,"29":0,"30":0,"31":2,"32":2,"33":2,"34":2,"35":2,"36":0,"37":2,"38":15,"39":2,"40":0,"41":2,"42":0,"43":5,"44":5,"45":5,"46":2,"47":2,"48":5,"49":2,"50":2,"51":5,"52":5,"53":5,"54":5,"55":5,"56":4,"57":4,"58":0,"59":0,"60":3,"61":1,"62":15,"63":15,"64":15,"65":0,"66":0,"67":0,"68":15,"69":15,"70":0,"71":0,"72":0,"73":0,"74":0,"75":0,"76":0,"77":0,"78":0,"79":2,"80":2,"81":2,"82":2,"83":1,"84":1,"85":1,"86":1,"87":1,"88":1,"89":1,"90":1,"91":2,"92":1,"93":0,"94":0,"95":1,"96":1,"97":0,"98":0,"99":1,"100":1,"101":2,"102":0,"103":0,"104":0,"105":0,"106":0,"107":0,"108":0,"109":0,"110":0,"111":0,"112":0,"113":0,"114":0,"115":0,"116":15,"117":15,"118":15,"119":15,"120":15,"121":15,"122":0,"123":0,"124":0,"125":15,"126":15,"127":15,"128":15,"129":0,"130":0,"131":0,"132":15,"133":0,"134":0,"135":0,"136":15,"137":15,"138":3,"139":12,"140":6,"141":6,"142":3,"143":3,"144":0,"145":3,"146":0,"147":3,"148":0,"149":3,"150":3,"151":0,"152":0,"153":15,"154":0,"155":0,"156":4,"157":4,"158":0,"159":4,"160":4,"161":0,"162":0,"163":0,"164":0,"165":4,"166":4,"167":1,"168":4,"169":1,"170":1,"171":1,"172":1,"173":1,"174":1,"175":1,"176":3,"177":3,"178":0,"179":3,"180":3,"181":9,"182":3,"183":3,"184":3,"185":3,"186":3,"187":3,"188":6,"189":2,"190":4,"191":0,"192":0,"193":4,"194":4,"195":4,"196":2,"197":2,"198":2,"199":0,"200":0,"201":0,"202":3,"203":3,"204":2,"205":2,"206":2,"207":3,"208":3,"209":0,"210":0,"211":3,"212":0,"213":3,"214":0,"215":0,"216":0,"217":0,"218":0,"219":0,"220":0,"221":0,"222":0,"223":0,"224":0,"225":0,"226":0,"227":0,"228":0,"229":0,"230":0,"231":0,"232":0,"233":0,"234":0,"235":0,"236":0,"237":0,"238":0,"239":0,"240":16,"241":0,"242":16,"243":16,"244":12,"245":16,"246":4,"247":16,"248":0,"249":16,"250":16,"251":16,"252":16,"253":16,"254":0,"255":0,"256":0,"257":6,"258":2,"259":2,"260":2,"261":2,"262":0,"263":2,"264":0,"265":0,"266":0,"267":0,"268":0,"269":0,"270":0,"271":0,"272":0,"273":0,"274":15,"275":0,"276":15,"277":15,"278":15,"279":0,"280":0,"281":0,"282":0,"283":4,"284":4,"285":4,"286":4,"287":4,"288":4,"289":0,"290":0,"291":0,"292":0,"293":0,"294":0,"295":0,"296":0,"297":0,"298":0,"299":0,"300":0,"301":0,"302":11},"f":{"0":5,"1":0,"2":2,"3":15,"4":0,"5":5,"6":4,"7":4,"8":0,"9":3,"10":1,"11":15,"12":0,"13":2,"14":1,"15":2,"16":0,"17":0,"18":0,"19":0,"20":0,"21":15,"22":4,"23":0,"24":9,"25":6,"26":3,"27":3,"28":0,"29":0,"30":0,"31":16,"32":6,"33":2,"34":0,"35":0,"36":15,"37":4},"b":{"0":[5,0],"1":[5,0],"2":[0],"3":[5,0],"4":[5],"5":[5,0],"6":[5,3],"7":[2],"8":[0],"9":[2],"10":[0],"11":[0],"12":[5],"13":[2],"14":[2],"15":[5],"16":[0,0],"17":[0],"18":[0],"19":[0],"20":[0],"21":[0,0],"22":[2],"23":[1],"24":[1],"25":[1],"26":[1],"27":[0],"28":[0,0],"29":[0],"30":[0],"31":[0,0],"32":[0],"33":[0,0,0],"34":[15],"35":[0],"36":[0],"37":[15],"38":[0,0],"39":[0],"40":[15,15],"41":[0],"42":[3,12],"43":[6,6],"44":[3,3],"45":[0,3],"46":[0,0],"47":[0,3],"48":[3,3,3,3],"49":[0,3],"50":[3,0],"51":[0,0],"52":[0],"53":[4,4],"54":[4,4],"55":[0],"56":[0,0],"57":[0],"58":[1],"59":[1],"60":[1],"61":[1,0],"62":[3,3],"63":[3],"64":[3],"65":[3,3],"66":[2],"67":[0],"68":[2],"69":[2,0],"70":[0,0],"71":[2],"72":[2],"73":[0],"74":[0],"75":[0],"76":[0],"77":[0],"78":[0,0],"79":[0,0,0,0,0],"80":[0,0],"81":[4],"82":[0],"83":[12],"84":[16,16],"85":[4],"86":[0],"87":[0,0],"88":[2],"89":[2,2],"90":[0],"91":[0],"92":[0,0],"93":[0,0],"94":[0,0],"95":[0,0],"96":[0],"97":[0,0],"98":[0],"99":[4],"100":[4,4],"101":[4,0],"102":[4],"103":[4],"104":[0],"105":[0],"106":[0],"107":[0,0],"108":[0],"109":[0]}}
,"/Users/plebdev/Desktop/code/snstr/src/nip46/client.ts": {"path":"/Users/plebdev/Desktop/code/snstr/src/nip46/client.ts","statementMap":{"0":{"start":{"line":1,"column":0},"end":{"line":1,"column":39}},"1":{"start":{"line":2,"column":0},"end":{"line":2,"column":50}},"2":{"start":{"line":3,"column":0},"end":{"line":3,"column":44}},"3":{"start":{"line":4,"column":0},"end":{"line":4,"column":76}},"4":{"start":{"line":6,"column":0},"end":{"line":6,"column":51}},"5":{"start":{"line":7,"column":0},"end":{"line":7,"column":59}},"6":{"start":{"line":8,"column":0},"end":{"line":8,"column":null}},"7":{"start":{"line":24,"column":24},"end":{"line":24,"column":29}},"8":{"start":{"line":28,"column":10},"end":{"line":28,"column":52}},"9":{"start":{"line":29,"column":10},"end":{"line":29,"column":45}},"10":{"start":{"line":30,"column":10},"end":{"line":30,"column":43}},"11":{"start":{"line":31,"column":10},"end":{"line":38,"column":6}},"12":{"start":{"line":41,"column":10},"end":{"line":41,"column":28}},"13":{"start":{"line":42,"column":10},"end":{"line":42,"column":38}},"14":{"start":{"line":44,"column":10},"end":{"line":49,"column":7}},"15":{"start":{"line":52,"column":4},"end":{"line":61,"column":6}},"16":{"start":{"line":62,"column":4},"end":{"line":62,"column":48}},"17":{"start":{"line":63,"column":4},"end":{"line":63,"column":27}},"18":{"start":{"line":64,"column":4},"end":{"line":64,"column":40}},"19":{"start":{"line":71,"column":4},"end":{"line":71,"column":77}},"20":{"start":{"line":71,"column":20},"end":{"line":71,"column":77}},"21":{"start":{"line":73,"column":4},"end":{"line":80,"column":5}},"22":{"start":{"line":74,"column":6},"end":{"line":78,"column":10}},"23":{"start":{"line":75,"column":8},"end":{"line":78,"column":10}},"24":{"start":{"line":79,"column":6},"end":{"line":79,"column":43}},"25":{"start":{"line":82,"column":4},"end":{"line":84,"column":5}},"26":{"start":{"line":83,"column":6},"end":{"line":83,"column":71}},"27":{"start":{"line":86,"column":32},"end":{"line":89,"column":6}},"28":{"start":{"line":92,"column":4},"end":{"line":94,"column":5}},"29":{"start":{"line":93,"column":6},"end":{"line":93,"column":43}},"30":{"start":{"line":96,"column":4},"end":{"line":105,"column":5}},"31":{"start":{"line":97,"column":6},"end":{"line":100,"column":8}},"32":{"start":{"line":101,"column":6},"end":{"line":104,"column":8}},"33":{"start":{"line":107,"column":4},"end":{"line":109,"column":9}},"34":{"start":{"line":108,"column":6},"end":{"line":108,"column":32}},"35":{"start":{"line":111,"column":4},"end":{"line":112,"column":78}},"36":{"start":{"line":112,"column":6},"end":{"line":112,"column":78}},"37":{"start":{"line":119,"column":4},"end":{"line":122,"column":5}},"38":{"start":{"line":120,"column":6},"end":{"line":120,"column":43}},"39":{"start":{"line":121,"column":6},"end":{"line":121,"column":24}},"40":{"start":{"line":124,"column":4},"end":{"line":124,"column":44}},"41":{"start":{"line":126,"column":4},"end":{"line":126,"column":27}},"42":{"start":{"line":127,"column":4},"end":{"line":127,"column":29}},"43":{"start":{"line":128,"column":4},"end":{"line":128,"column":27}},"44":{"start":{"line":130,"column":4},"end":{"line":133,"column":7}},"45":{"start":{"line":131,"column":6},"end":{"line":131,"column":36}},"46":{"start":{"line":132,"column":6},"end":{"line":132,"column":70}},"47":{"start":{"line":134,"column":4},"end":{"line":134,"column":33}},"48":{"start":{"line":137,"column":4},"end":{"line":139,"column":7}},"49":{"start":{"line":138,"column":6},"end":{"line":138,"column":38}},"50":{"start":{"line":140,"column":4},"end":{"line":140,"column":39}},"51":{"start":{"line":143,"column":4},"end":{"line":146,"column":5}},"52":{"start":{"line":144,"column":6},"end":{"line":144,"column":30}},"53":{"start":{"line":145,"column":6},"end":{"line":145,"column":29}},"54":{"start":{"line":154,"column":4},"end":{"line":158,"column":8}},"55":{"start":{"line":155,"column":6},"end":{"line":158,"column":8}},"56":{"start":{"line":159,"column":4},"end":{"line":322,"column":5}},"57":{"start":{"line":161,"column":6},"end":{"line":168,"column":7}},"58":{"start":{"line":162,"column":8},"end":{"line":162,"column":53}},"59":{"start":{"line":163,"column":8},"end":{"line":167,"column":12}},"60":{"start":{"line":164,"column":10},"end":{"line":167,"column":12}},"61":{"start":{"line":171,"column":6},"end":{"line":175,"column":10}},"62":{"start":{"line":172,"column":8},"end":{"line":175,"column":10}},"63":{"start":{"line":176,"column":6},"end":{"line":176,"column":41}},"64":{"start":{"line":177,"column":6},"end":{"line":177,"column":72}},"65":{"start":{"line":177,"column":22},"end":{"line":177,"column":72}},"66":{"start":{"line":180,"column":29},"end":{"line":180,"column":68}},"67":{"start":{"line":181,"column":6},"end":{"line":181,"column":48}},"68":{"start":{"line":182,"column":6},"end":{"line":193,"column":7}},"69":{"start":{"line":183,"column":8},"end":{"line":183,"column":72}},"70":{"start":{"line":184,"column":8},"end":{"line":192,"column":10}},"71":{"start":{"line":196,"column":6},"end":{"line":207,"column":7}},"72":{"start":{"line":197,"column":8},"end":{"line":201,"column":12}},"73":{"start":{"line":198,"column":10},"end":{"line":201,"column":12}},"74":{"start":{"line":202,"column":8},"end":{"line":202,"column":52}},"75":{"start":{"line":203,"column":8},"end":{"line":203,"column":54}},"76":{"start":{"line":204,"column":8},"end":{"line":204,"column":43}},"77":{"start":{"line":205,"column":8},"end":{"line":206,"column":70}},"78":{"start":{"line":206,"column":10},"end":{"line":206,"column":70}},"79":{"start":{"line":210,"column":6},"end":{"line":210,"column":37}},"80":{"start":{"line":213,"column":6},"end":{"line":214,"column":72}},"81":{"start":{"line":214,"column":8},"end":{"line":214,"column":72}},"82":{"start":{"line":215,"column":20},"end":{"line":220,"column":17}},"83":{"start":{"line":221,"column":6},"end":{"line":222,"column":69}},"84":{"start":{"line":222,"column":8},"end":{"line":222,"column":69}},"85":{"start":{"line":224,"column":23},"end":{"line":228,"column":8}},"86":{"start":{"line":230,"column":6},"end":{"line":234,"column":10}},"87":{"start":{"line":231,"column":8},"end":{"line":234,"column":10}},"88":{"start":{"line":237,"column":6},"end":{"line":289,"column":7}},"89":{"start":{"line":238,"column":8},"end":{"line":242,"column":12}},"90":{"start":{"line":239,"column":10},"end":{"line":242,"column":12}},"91":{"start":{"line":244,"column":28},"end":{"line":244,"column":67}},"92":{"start":{"line":245,"column":8},"end":{"line":266,"column":11}},"93":{"start":{"line":246,"column":10},"end":{"line":248,"column":26}},"94":{"start":{"line":247,"column":12},"end":{"line":247,"column":80}},"95":{"start":{"line":251,"column":32},"end":{"line":265,"column":18}},"96":{"start":{"line":252,"column":12},"end":{"line":264,"column":13}},"97":{"start":{"line":253,"column":14},"end":{"line":256,"column":15}},"98":{"start":{"line":254,"column":16},"end":{"line":254,"column":45}},"99":{"start":{"line":255,"column":16},"end":{"line":255,"column":26}},"100":{"start":{"line":259,"column":14},"end":{"line":259,"column":40}},"101":{"start":{"line":260,"column":14},"end":{"line":260,"column":43}},"102":{"start":{"line":261,"column":14},"end":{"line":261,"column":24}},"103":{"start":{"line":269,"column":8},"end":{"line":274,"column":9}},"104":{"start":{"line":270,"column":10},"end":{"line":270,"column":77}},"105":{"start":{"line":271,"column":10},"end":{"line":273,"column":12}},"106":{"start":{"line":277,"column":8},"end":{"line":284,"column":9}},"107":{"start":{"line":278,"column":10},"end":{"line":280,"column":11}},"108":{"start":{"line":279,"column":12},"end":{"line":279,"column":83}},"109":{"start":{"line":281,"column":10},"end":{"line":283,"column":12}},"110":{"start":{"line":287,"column":8},"end":{"line":287,"column":30}},"111":{"start":{"line":288,"column":8},"end":{"line":288,"column":76}},"112":{"start":{"line":288,"column":24},"end":{"line":288,"column":76}},"113":{"start":{"line":293,"column":6},"end":{"line":308,"column":7}},"114":{"start":{"line":294,"column":8},"end":{"line":294,"column":78}},"115":{"start":{"line":294,"column":24},"end":{"line":294,"column":78}},"116":{"start":{"line":295,"column":8},"end":{"line":295,"column":52}},"117":{"start":{"line":296,"column":8},"end":{"line":297,"column":70}},"118":{"start":{"line":297,"column":10},"end":{"line":297,"column":70}},"119":{"start":{"line":300,"column":10},"end":{"line":300,"column":64}},"120":{"start":{"line":301,"column":8},"end":{"line":304,"column":10}},"121":{"start":{"line":305,"column":8},"end":{"line":307,"column":10}},"122":{"start":{"line":310,"column":6},"end":{"line":310,"column":39}},"123":{"start":{"line":312,"column":6},"end":{"line":312,"column":63}},"124":{"start":{"line":314,"column":6},"end":{"line":314,"column":27}},"125":{"start":{"line":315,"column":6},"end":{"line":321,"column":7}},"126":{"start":{"line":316,"column":8},"end":{"line":316,"column":20}},"127":{"start":{"line":319,"column":10},"end":{"line":319,"column":64}},"128":{"start":{"line":320,"column":8},"end":{"line":320,"column":77}},"129":{"start":{"line":331,"column":4},"end":{"line":343,"column":5}},"130":{"start":{"line":332,"column":6},"end":{"line":342,"column":7}},"131":{"start":{"line":333,"column":25},"end":{"line":333,"column":75}},"132":{"start":{"line":334,"column":8},"end":{"line":336,"column":9}},"133":{"start":{"line":335,"column":10},"end":{"line":335,"column":71}},"134":{"start":{"line":338,"column":8},"end":{"line":340,"column":9}},"135":{"start":{"line":339,"column":10},"end":{"line":339,"column":81}},"136":{"start":{"line":345,"column":4},"end":{"line":345,"column":25}},"137":{"start":{"line":352,"column":4},"end":{"line":354,"column":5}},"138":{"start":{"line":353,"column":6},"end":{"line":353,"column":61}},"139":{"start":{"line":356,"column":21},"end":{"line":358,"column":6}},"140":{"start":{"line":360,"column":4},"end":{"line":362,"column":5}},"141":{"start":{"line":361,"column":6},"end":{"line":361,"column":71}},"142":{"start":{"line":364,"column":4},"end":{"line":368,"column":5}},"143":{"start":{"line":365,"column":6},"end":{"line":367,"column":8}},"144":{"start":{"line":370,"column":4},"end":{"line":370,"column":40}},"145":{"start":{"line":377,"column":4},"end":{"line":379,"column":5}},"146":{"start":{"line":378,"column":6},"end":{"line":378,"column":61}},"147":{"start":{"line":381,"column":21},"end":{"line":381,"column":75}},"148":{"start":{"line":382,"column":4},"end":{"line":386,"column":5}},"149":{"start":{"line":383,"column":6},"end":{"line":385,"column":8}},"150":{"start":{"line":387,"column":4},"end":{"line":387,"column":28}},"151":{"start":{"line":394,"column":4},"end":{"line":396,"column":5}},"152":{"start":{"line":395,"column":6},"end":{"line":395,"column":61}},"153":{"start":{"line":398,"column":21},"end":{"line":398,"column":65}},"154":{"start":{"line":399,"column":4},"end":{"line":401,"column":5}},"155":{"start":{"line":400,"column":6},"end":{"line":400,"column":71}},"156":{"start":{"line":402,"column":4},"end":{"line":402,"column":28}},"157":{"start":{"line":412,"column":4},"end":{"line":414,"column":5}},"158":{"start":{"line":413,"column":6},"end":{"line":413,"column":71}},"159":{"start":{"line":416,"column":21},"end":{"line":419,"column":6}},"160":{"start":{"line":421,"column":4},"end":{"line":425,"column":5}},"161":{"start":{"line":422,"column":6},"end":{"line":424,"column":8}},"162":{"start":{"line":427,"column":4},"end":{"line":427,"column":28}},"163":{"start":{"line":437,"column":4},"end":{"line":439,"column":5}},"164":{"start":{"line":438,"column":6},"end":{"line":438,"column":71}},"165":{"start":{"line":441,"column":21},"end":{"line":444,"column":6}},"166":{"start":{"line":446,"column":4},"end":{"line":450,"column":5}},"167":{"start":{"line":447,"column":6},"end":{"line":449,"column":8}},"168":{"start":{"line":452,"column":4},"end":{"line":452,"column":28}},"169":{"start":{"line":459,"column":4},"end":{"line":461,"column":5}},"170":{"start":{"line":460,"column":6},"end":{"line":460,"column":71}},"171":{"start":{"line":463,"column":21},"end":{"line":463,"column":71}},"172":{"start":{"line":465,"column":4},"end":{"line":467,"column":5}},"173":{"start":{"line":466,"column":6},"end":{"line":466,"column":67}},"174":{"start":{"line":469,"column":4},"end":{"line":469,"column":40}},"175":{"start":{"line":479,"column":4},"end":{"line":481,"column":5}},"176":{"start":{"line":480,"column":6},"end":{"line":480,"column":71}},"177":{"start":{"line":483,"column":21},"end":{"line":486,"column":6}},"178":{"start":{"line":488,"column":4},"end":{"line":490,"column":5}},"179":{"start":{"line":489,"column":6},"end":{"line":489,"column":84}},"180":{"start":{"line":492,"column":4},"end":{"line":492,"column":28}},"181":{"start":{"line":502,"column":4},"end":{"line":504,"column":5}},"182":{"start":{"line":503,"column":6},"end":{"line":503,"column":71}},"183":{"start":{"line":506,"column":21},"end":{"line":509,"column":6}},"184":{"start":{"line":511,"column":4},"end":{"line":513,"column":5}},"185":{"start":{"line":512,"column":6},"end":{"line":512,"column":84}},"186":{"start":{"line":515,"column":4},"end":{"line":515,"column":28}},"187":{"start":{"line":525,"column":4},"end":{"line":528,"column":5}},"188":{"start":{"line":526,"column":6},"end":{"line":526,"column":61}},"189":{"start":{"line":527,"column":6},"end":{"line":527,"column":76}},"190":{"start":{"line":530,"column":4},"end":{"line":532,"column":5}},"191":{"start":{"line":531,"column":6},"end":{"line":531,"column":63}},"192":{"start":{"line":535,"column":15},"end":{"line":535,"column":58}},"193":{"start":{"line":536,"column":4},"end":{"line":536,"column":66}},"194":{"start":{"line":536,"column":20},"end":{"line":536,"column":66}},"195":{"start":{"line":538,"column":34},"end":{"line":542,"column":6}},"196":{"start":{"line":544,"column":4},"end":{"line":600,"column":7}},"197":{"start":{"line":546,"column":22},"end":{"line":552,"column":49}},"198":{"start":{"line":547,"column":8},"end":{"line":551,"column":9}},"199":{"start":{"line":548,"column":10},"end":{"line":548,"column":73}},"200":{"start":{"line":549,"column":10},"end":{"line":549,"column":42}},"201":{"start":{"line":550,"column":10},"end":{"line":550,"column":72}},"202":{"start":{"line":554,"column":6},"end":{"line":559,"column":10}},"203":{"start":{"line":555,"column":8},"end":{"line":559,"column":10}},"204":{"start":{"line":562,"column":6},"end":{"line":583,"column":9}},"205":{"start":{"line":565,"column":10},"end":{"line":571,"column":11}},"206":{"start":{"line":566,"column":12},"end":{"line":567,"column":67}},"207":{"start":{"line":567,"column":14},"end":{"line":567,"column":67}},"208":{"start":{"line":568,"column":12},"end":{"line":568,"column":34}},"209":{"start":{"line":569,"column":12},"end":{"line":569,"column":44}},"210":{"start":{"line":570,"column":12},"end":{"line":570,"column":30}},"211":{"start":{"line":575,"column":10},"end":{"line":580,"column":11}},"212":{"start":{"line":576,"column":12},"end":{"line":576,"column":74}},"213":{"start":{"line":577,"column":12},"end":{"line":577,"column":34}},"214":{"start":{"line":578,"column":12},"end":{"line":578,"column":44}},"215":{"start":{"line":579,"column":12},"end":{"line":579,"column":26}},"216":{"start":{"line":586,"column":6},"end":{"line":587,"column":69}},"217":{"start":{"line":587,"column":8},"end":{"line":587,"column":69}},"218":{"start":{"line":588,"column":6},"end":{"line":599,"column":9}},"219":{"start":{"line":589,"column":8},"end":{"line":598,"column":9}},"220":{"start":{"line":590,"column":10},"end":{"line":590,"column":76}},"221":{"start":{"line":591,"column":10},"end":{"line":591,"column":32}},"222":{"start":{"line":592,"column":10},"end":{"line":592,"column":42}},"223":{"start":{"line":593,"column":10},"end":{"line":597,"column":12}},"224":{"start":{"line":607,"column":4},"end":{"line":609,"column":5}},"225":{"start":{"line":608,"column":6},"end":{"line":608,"column":64}},"226":{"start":{"line":611,"column":20},"end":{"line":611,"column":43}},"227":{"start":{"line":614,"column":4},"end":{"line":618,"column":5}},"228":{"start":{"line":615,"column":6},"end":{"line":617,"column":8}},"229":{"start":{"line":621,"column":4},"end":{"line":630,"column":5}},"230":{"start":{"line":622,"column":6},"end":{"line":626,"column":8}},"231":{"start":{"line":628,"column":27},"end":{"line":628,"column":81}},"232":{"start":{"line":629,"column":6},"end":{"line":629,"column":82}},"233":{"start":{"line":633,"column":30},"end":{"line":641,"column":6}},"234":{"start":{"line":644,"column":4},"end":{"line":655,"column":5}},"235":{"start":{"line":645,"column":6},"end":{"line":654,"column":8}},"236":{"start":{"line":657,"column":24},"end":{"line":659,"column":null}},"237":{"start":{"line":661,"column":4},"end":{"line":661,"column":47}},"238":{"start":{"line":663,"column":4},"end":{"line":665,"column":5}},"239":{"start":{"line":664,"column":6},"end":{"line":664,"column":67}},"240":{"start":{"line":672,"column":4},"end":{"line":680,"column":5}},"241":{"start":{"line":673,"column":6},"end":{"line":679,"column":9}},"242":{"start":{"line":682,"column":4},"end":{"line":781,"column":5}},"243":{"start":{"line":684,"column":6},"end":{"line":690,"column":7}},"244":{"start":{"line":685,"column":8},"end":{"line":688,"column":12}},"245":{"start":{"line":686,"column":10},"end":{"line":688,"column":12}},"246":{"start":{"line":689,"column":8},"end":{"line":689,"column":15}},"247":{"start":{"line":693,"column":6},"end":{"line":702,"column":7}},"248":{"start":{"line":694,"column":8},"end":{"line":700,"column":12}},"249":{"start":{"line":695,"column":10},"end":{"line":700,"column":12}},"250":{"start":{"line":701,"column":8},"end":{"line":701,"column":15}},"251":{"start":{"line":705,"column":6},"end":{"line":706,"column":69}},"252":{"start":{"line":706,"column":8},"end":{"line":706,"column":69}},"253":{"start":{"line":707,"column":28},"end":{"line":709,"column":null}},"254":{"start":{"line":711,"column":6},"end":{"line":719,"column":7}},"255":{"start":{"line":713,"column":8},"end":{"line":717,"column":12}},"256":{"start":{"line":714,"column":10},"end":{"line":717,"column":12}},"257":{"start":{"line":718,"column":8},"end":{"line":718,"column":15}},"258":{"start":{"line":721,"column":6},"end":{"line":725,"column":10}},"259":{"start":{"line":722,"column":8},"end":{"line":725,"column":10}},"260":{"start":{"line":726,"column":19},"end":{"line":726,"column":37}},"261":{"start":{"line":727,"column":6},"end":{"line":727,"column":74}},"262":{"start":{"line":727,"column":22},"end":{"line":727,"column":74}},"263":{"start":{"line":729,"column":38},"end":{"line":729,"column":54}},"264":{"start":{"line":730,"column":6},"end":{"line":734,"column":10}},"265":{"start":{"line":731,"column":8},"end":{"line":734,"column":10}},"266":{"start":{"line":737,"column":6},"end":{"line":751,"column":7}},"267":{"start":{"line":738,"column":8},"end":{"line":739,"column":78}},"268":{"start":{"line":739,"column":10},"end":{"line":739,"column":78}},"269":{"start":{"line":742,"column":31},"end":{"line":742,"column":68}},"270":{"start":{"line":743,"column":8},"end":{"line":747,"column":9}},"271":{"start":{"line":744,"column":10},"end":{"line":744,"column":43}},"272":{"start":{"line":745,"column":10},"end":{"line":745,"column":47}},"273":{"start":{"line":746,"column":10},"end":{"line":746,"column":51}},"274":{"start":{"line":749,"column":8},"end":{"line":749,"column":43}},"275":{"start":{"line":750,"column":8},"end":{"line":750,"column":15}},"276":{"start":{"line":754,"column":29},"end":{"line":754,"column":66}},"277":{"start":{"line":755,"column":6},"end":{"line":763,"column":7}},"278":{"start":{"line":757,"column":8},"end":{"line":761,"column":12}},"279":{"start":{"line":758,"column":10},"end":{"line":761,"column":12}},"280":{"start":{"line":762,"column":8},"end":{"line":762,"column":15}},"281":{"start":{"line":765,"column":6},"end":{"line":769,"column":10}},"282":{"start":{"line":766,"column":8},"end":{"line":769,"column":10}},"283":{"start":{"line":772,"column":6},"end":{"line":772,"column":43}},"284":{"start":{"line":773,"column":6},"end":{"line":773,"column":47}},"285":{"start":{"line":776,"column":6},"end":{"line":776,"column":39}},"286":{"start":{"line":779,"column":8},"end":{"line":779,"column":62}},"287":{"start":{"line":780,"column":6},"end":{"line":780,"column":77}},"288":{"start":{"line":792,"column":4},"end":{"line":798,"column":5}},"289":{"start":{"line":793,"column":6},"end":{"line":797,"column":8}},"290":{"start":{"line":801,"column":4},"end":{"line":819,"column":5}},"291":{"start":{"line":802,"column":24},"end":{"line":805,"column":null}},"292":{"start":{"line":807,"column":6},"end":{"line":811,"column":8}},"293":{"start":{"line":813,"column":27},"end":{"line":813,"column":81}},"294":{"start":{"line":814,"column":6},"end":{"line":818,"column":8}},"295":{"start":{"line":827,"column":4},"end":{"line":830,"column":5}},"296":{"start":{"line":828,"column":6},"end":{"line":828,"column":70}},"297":{"start":{"line":829,"column":6},"end":{"line":829,"column":13}},"298":{"start":{"line":833,"column":4},"end":{"line":836,"column":5}},"299":{"start":{"line":834,"column":6},"end":{"line":834,"column":100}},"300":{"start":{"line":835,"column":6},"end":{"line":835,"column":13}},"301":{"start":{"line":838,"column":4},"end":{"line":840,"column":5}},"302":{"start":{"line":839,"column":6},"end":{"line":839,"column":88}},"303":{"start":{"line":843,"column":24},"end":{"line":843,"column":58}},"304":{"start":{"line":844,"column":22},"end":{"line":846,"column":19}},"305":{"start":{"line":845,"column":6},"end":{"line":845,"column":42}},"306":{"start":{"line":849,"column":4},"end":{"line":854,"column":7}},"307":{"start":{"line":857,"column":4},"end":{"line":866,"column":5}},"308":{"start":{"line":858,"column":6},"end":{"line":863,"column":7}},"309":{"start":{"line":859,"column":8},"end":{"line":859,"column":91}},"310":{"start":{"line":862,"column":8},"end":{"line":862,"column":44}},"311":{"start":{"line":865,"column":6},"end":{"line":865,"column":143}},"312":{"start":{"line":874,"column":4},"end":{"line":891,"column":5}},"313":{"start":{"line":875,"column":24},"end":{"line":875,"column":36}},"314":{"start":{"line":878,"column":6},"end":{"line":881,"column":7}},"315":{"start":{"line":880,"column":8},"end":{"line":880,"column":21}},"316":{"start":{"line":884,"column":6},"end":{"line":886,"column":7}},"317":{"start":{"line":885,"column":8},"end":{"line":885,"column":77}},"318":{"start":{"line":888,"column":6},"end":{"line":888,"column":18}},"319":{"start":{"line":890,"column":6},"end":{"line":890,"column":19}},"320":{"start":{"line":899,"column":4},"end":{"line":899,"column":33}},"321":{"start":{"line":899,"column":26},"end":{"line":899,"column":33}},"322":{"start":{"line":901,"column":26},"end":{"line":912,"column":12}},"323":{"start":{"line":902,"column":6},"end":{"line":911,"column":7}},"324":{"start":{"line":903,"column":8},"end":{"line":903,"column":37}},"325":{"start":{"line":905,"column":8},"end":{"line":910,"column":17}},"326":{"start":{"line":906,"column":10},"end":{"line":909,"column":11}},"327":{"start":{"line":907,"column":12},"end":{"line":907,"column":81}},"328":{"start":{"line":908,"column":12},"end":{"line":908,"column":46}},"329":{"start":{"line":915,"column":4},"end":{"line":917,"column":43}},"330":{"start":{"line":916,"column":6},"end":{"line":916,"column":35}},"331":{"start":{"line":925,"column":22},"end":{"line":925,"column":63}},"332":{"start":{"line":926,"column":4},"end":{"line":941,"column":5}},"333":{"start":{"line":927,"column":6},"end":{"line":927,"column":38}},"334":{"start":{"line":928,"column":6},"end":{"line":928,"column":51}},"335":{"start":{"line":930,"column":6},"end":{"line":932,"column":7}},"336":{"start":{"line":931,"column":8},"end":{"line":931,"column":87}},"337":{"start":{"line":935,"column":29},"end":{"line":935,"column":64}},"338":{"start":{"line":936,"column":6},"end":{"line":940,"column":7}},"339":{"start":{"line":937,"column":8},"end":{"line":937,"column":45}},"340":{"start":{"line":938,"column":8},"end":{"line":938,"column":47}},"341":{"start":{"line":939,"column":8},"end":{"line":939,"column":91}},"342":{"start":{"line":944,"column":4},"end":{"line":947,"column":5}},"343":{"start":{"line":945,"column":6},"end":{"line":945,"column":30}},"344":{"start":{"line":946,"column":6},"end":{"line":946,"column":29}},"345":{"start":{"line":957,"column":4},"end":{"line":959,"column":5}},"346":{"start":{"line":958,"column":6},"end":{"line":958,"column":70}},"347":{"start":{"line":961,"column":19},"end":{"line":961,"column":40}},"348":{"start":{"line":964,"column":4},"end":{"line":966,"column":5}},"349":{"start":{"line":965,"column":6},"end":{"line":965,"column":71}},"350":{"start":{"line":965,"column":40},"end":{"line":965,"column":69}},"351":{"start":{"line":970,"column":6},"end":{"line":970,"column":67}},"352":{"start":{"line":971,"column":4},"end":{"line":971,"column":36}},"353":{"start":{"line":974,"column":4},"end":{"line":974,"column":58}},"354":{"start":{"line":974,"column":22},"end":{"line":974,"column":58}},"355":{"start":{"line":975,"column":4},"end":{"line":975,"column":55}},"356":{"start":{"line":975,"column":21},"end":{"line":975,"column":55}},"357":{"start":{"line":976,"column":4},"end":{"line":976,"column":61}},"358":{"start":{"line":976,"column":23},"end":{"line":976,"column":61}},"359":{"start":{"line":979,"column":4},"end":{"line":981,"column":5}},"360":{"start":{"line":980,"column":6},"end":{"line":980,"column":60}},"361":{"start":{"line":983,"column":4},"end":{"line":983,"column":65}},"362":{"start":{"line":26,"column":0},"end":{"line":26,"column":13}}},"fnMap":{"0":{"name":"(anonymous_0)","decl":{"start":{"line":51,"column":2},"end":{"line":51,"column":14}},"loc":{"start":{"line":51,"column":46},"end":{"line":65,"column":3}}},"1":{"name":"(anonymous_1)","decl":{"start":{"line":70,"column":10},"end":{"line":70,"column":15}},"loc":{"start":{"line":70,"column":33},"end":{"line":113,"column":3}}},"2":{"name":"(anonymous_2)","decl":{"start":
[...]
53},"end":{"line":213,"column":3}}},"8":{"name":"(anonymous_8)","decl":{"start":{"line":218,"column":2},"end":{"line":218,"column":8}},"loc":{"start":{"line":218,"column":37},"end":{"line":220,"column":3}}},"9":{"name":"(anonymous_9)","decl":{"start":{"line":225,"column":2},"end":{"line":225,"column":8}},"loc":{"start":{"line":225,"column":40},"end":{"line":248,"column":3}}},"10":{"name":"(anonymous_10)","decl":{"start":{"line":253,"column":2},"end":{"line":253,"column":8}},"loc":{"start":{"line":253,"column":37},"end":{"line":293,"column":3}}},"11":{"name":"(anonymous_11)","decl":{"start":{"line":298,"column":2},"end":{"line":298,"column":8}},"loc":{"start":{"line":298,"column":46},"end":{"line":329,"column":3}}},"12":{"name":"(anonymous_12)","decl":{"start":{"line":334,"column":2},"end":{"line":334,"column":8}},"loc":{"start":{"line":334,"column":58},"end":{"line":390,"column":3}}},"13":{"name":"(anonymous_13)","decl":{"start":{"line":395,"column":2},"end":{"line":395,"column":8}},"loc":{"start":{"line":395,"column":48},"end":{"line":412,"column":3}}},"14":{"name":"(anonymous_14)","decl":{"start":{"line":417,"column":2},"end":{"line":417,"column":8}},"loc":{"start":{"line":417,"column":63},"end":{"line":426,"column":3}}},"15":{"name":"(anonymous_15)","decl":{"start":{"line":431,"column":2},"end":{"line":431,"column":8}},"loc":{"start":{"line":431,"column":73},"end":{"line":441,"column":3}}},"16":{"name":"(anonymous_16)","decl":{"start":{"line":451,"column":2},"end":{"line":451,"column":8}},"loc":{"start":{"line":451,"column":61},"end":{"line":473,"column":3}}},"17":{"name":"(anonymous_17)","decl":{"start":{"line":478,"column":2},"end":{"line":478,"column":8}},"loc":{"start":{"line":478,"column":99},"end":{"line":489,"column":3}}}},"branchMap":{"0":{"loc":{"start":{"line":19,"column":4},"end":{"line":21,"column":5}},"type":"if","locations":[{"start":{"line":19,"column":4},"end":{"line":21,"column":5}}]},"1":{"loc":{"start":{"line":19,"column":8},"end":{"line":19,"column":47}},"type":"binary-expr","locations":[{"start":{"line":19,"column":8},"end":{"line":19,"column":16}},{"start":{"line":19,"column":20},"end":{"line":19,"column":47}}]},"2":{"loc":{"start":{"line":24,"column":4},"end":{"line":26,"column":5}},"type":"if","locations":[{"start":{"line":24,"column":4},"end":{"line":26,"column":5}}]},"3":{"loc":{"start":{"line":34,"column":27},"end":{"line":34,"column":96}},"type":"cond-expr","locations":[{"start":{"line":34,"column":52},"end":{"line":34,"column":65}},{"start":{"line":34,"column":68},"end":{"line":34,"column":96}}]},"4":{"loc":{"start":{"line":54,"column":4},"end":{"line":56,"column":5}},"type":"if","locations":[{"start":{"line":54,"column":4},"end":{"line":56,"column":5}}]},"5":{"loc":{"start":{"line":54,"column":8},"end":{"line":54,"column":43}},"type":"binary-expr","locations":[{"start":{"line":54,"column":8},"end":{"line":54,"column":14}},{"start":{"line":54,"column":18},"end":{"line":54,"column":43}}]},"6":{"loc":{"start":{"line":63,"column":6},"end":{"line":65,"column":7}},"type":"if","locations":[{"start":{"line":63,"column":6},"end":{"line":65,"column":7}}]},"7":{"loc":{"start":{"line":69,"column":4},"end":{"line":73,"column":5}},"type":"if","locations":[{"start":{"line":69,"column":4},"end":{"line":73,"column":5}}]},"8":{"loc":{"start":{"line":69,"column":8},"end":{"line":71,"column":47}},"type":"binary-expr","locations":[{"start":{"line":69,"column":8},"end":{"line":69,"column":41}},{"start":{"line":70,"column":8},"end":{"line":70,"column":44}},{"start":{"line":71,"column":8},"end":{"line":71,"column":47}}]},"9":{"loc":{"start":{"line":76,"column":4},"end":{"line":78,"column":5}},"type":"if","locations":[{"start":{"line":76,"column":4},"end":{"line":78,"column":5}}]},"10":{"loc":{"start":{"line":76,"column":8},"end":{"line":76,"column":50}},"type":"binary-expr","locations":[{"start":{"line":76,"column":8},"end":{"line":76,"column":25}},{"start":{"line":76,"column":29},"end":{"line":76,"column":50}}]},"11":{"loc":{"start":{"line":83,"column":4},"end":{"line":85,"column":5}},"type":"if","locations":[{"start":{"line":83,"column":4},"end":{"line":85,"column":5}}]},"12":{"loc":{"start":{"line":88,"column":4},"end":{"line":90,"column":5}},"type":"if","locations":[{"start":{"line":88,"column":4},"end":{"line":90,"column":5}}]},"13":{"loc":{"start":{"line":88,"column":8},"end":{"line":88,"column":68}},"type":"binary-expr","locations":[{"start":{"line":88,"column":8},"end":{"line":88,"column":21}},{"start":{"line":88,"column":25},"end":{"line":88,"column":68}}]},"14":{"loc":{"start":{"line":99,"column":4},"end":{"line":101,"column":5}},"type":"if","locations":[{"start":{"line":99,"column":4},"end":{"line":101,"column":5}}]},"15":{"loc":{"start":{"line":104,"column":4},"end":{"line":106,"column":5}},"type":"if","locations":[{"start":{"line":104,"column":4},"end":{"line":106,"column":5}}]},"16":{"loc":{"start":{"line":109,"column":6},"end":{"line":111,"column":7}},"type":"if","locations":[{"start":{"line":109,"column":6},"end":{"line":111,"column":7}}]},"17":{"loc":{"start":{"line":109,"column":10},"end":{"line":109,"column":49}},"type":"binary-expr","locations":[{"start":{"line":109,"column":10},"end":{"line":109,"column":29}},{"start":{"line":109,"column":33},"end":{"line":109,"column":49}}]},"18":{"loc":{"start":{"line":115,"column":8},"end":{"line":117,"column":9}},"type":"if","locations":[{"start":{"line":115,"column":8},"end":{"line":117,"column":9}}]},"19":{"loc":{"start":{"line":120,"column":8},"end":{"line":122,"column":9}},"type":"if","locations":[{"start":{"line":120,"column":8},"end":{"line":122,"column":9}}]},"20":{"loc":{"start":{"line":133,"column":4},"end":{"line":135,"column":5}},"type":"if","locations":[{"start":{"line":133,"column":4},"end":{"line":135,"column":5}}]},"21":{"loc":{"start":{"line":133,"column":8},"end":{"line":133,"column":45}},"type":"binary-expr","locations":[{"start":{"line":133,"column":8},"end":{"line":133,"column":15}},{"start":{"line":133,"column":19},"end":{"line":133,"column":45}}]},"22":{"loc":{"start":{"line":145,"column":4},"end":{"line":147,"column":5}},"type":"if","locations":[{"start":{"line":145,"column":4},"end":{"line":147,"column":5}}]},"23":{"loc":{"start":{"line":145,"column":8},"end":{"line":145,"column":47}},"type":"binary-expr","locations":[{"start":{"line":145,"column":8},"end":{"line":145,"column":16}},{"start":{"line":145,"column":20},"end":{"line":145,"column":47}}]},"24":{"loc":{"start":{"line":157,"column":4},"end":{"line":159,"column":5}},"type":"if","locations":[{"start":{"line":157,"column":4},"end":{"line":159,"column":5}}]},"25":{"loc":{"start":{"line":157,"column":8},"end":{"line":157,"column":51}},"type":"binary-expr","locations":[{"start":{"line":157,"column":8},"end":{"line":157,"column":18}},{"start":{"line":157,"column":22},"end":{"line":157,"column":51}}]},"26":{"loc":{"start":{"line":169,"column":4},"end":{"line":171,"column":5}},"type":"if","locations":[{"start":{"line":169,"column":4},"end":{"line":171,"column":5}}]},"27":{"loc":{"start":{"line":169,"column":8},"end":{"line":169,"column":53}},"type":"binary-expr","locations":[{"start":{"line":169,"column":8},"end":{"line":169,"column":19}},{"start":{"line":169,"column":23},"end":{"line":169,"column":53}}]},"28":{"loc":{"start":{"line":181,"column":4},"end":{"line":183,"column":5}},"type":"if","locations":[{"start":{"line":181,"column":4},"end":{"line":183,"column":5}}]},"29":{"loc":{"start":{"line":181,"column":8},"end":{"line":181,"column":47}},"type":"binary-expr","locations":[{"start":{"line":181,"column":8},"end":{"line":181,"column":16}},{"start":{"line":181,"column":20},"end":{"line":181,"column":47}}]},"30":{"loc":{"start":{"line":186,"column":4},"end":{"line":188,"column":5}},"type":"if","locations":[{"start":{"line":186,"column":4},"end":{"line":188,"column":5}}]},"31":{"loc":{"start":{"line":186,"column":8},"end":{"line":186,"column":72}},"type":"binary-expr","locations":[{"start":{"line":186,"column":8},"end":{"line":186,"column":19}},{"start":{"line":186,"column":23},"end":{"line":186,"column":38}},{"start":{"line":186,"column":42},"end":{"line":186,"column":72}}]},"32":{"loc":{"start":{"line":191,"column":4},"end":{"line":195,"column":5}},"type":"if","locations":[{"start":{"line":191,"column":4},"end":{"line":195,"column":5}}]},"33":{"loc":{"start":{"line":191,"column":8},"end":{"line":193,"column":56}},"type":"binary-expr","locations":[{"start":{"line":191,"column":8},"end":{"line":191,"column":38}},{"start":{"line":192,"column":8},"end":{"line":192,"column":31}},{"start":{"line":193,"column":8},"end":{"line":193,"column":56}}]},"34":{"loc":{"start":{"line":198,"column":4},"end":{"line":200,"column":5}},"type":"if","locations":[{"start":{"line":198,"column":4},"end":{"line":200,"column":5}}]},"35":{"loc":{"start":{"line":203,"column":4},"end":{"line":205,"column":5}},"type":"if","locations":[{"start":{"line":203,"column":4},"end":{"line":205,"column":5}}]},"36":{"loc":{"start":{"line":208,"column":4},"end":{"line":210,"column":5}},"type":"if","locations":[{"start":{"line":208,"column":4},"end":{"line":210,"column":5}}]},"37":{"loc":{"start":{"line":208,"column":8},"end":{"line":208,"column":72}},"type":"binary-expr","locations":[{"start":{"line":208,"column":8},"end":{"line":208,"column":22}},{"start":{"line":208,"column":26},"end":{"line":208,"column":72}}]},"38":{"loc":{"start":{"line":226,"column":4},"end":{"line":228,"column":5}},"type":"if","locations":[{"start":{"line":226,"column":4},"end":{"line":228,"column":5}}]},"39":{"loc":{"start":{"line":231,"column":4},"end":{"line":233,"column":5}},"type":"if","locations":[{"start":{"line":231,"column":4},"end":{"line":233,"column":5}}]},"40":{"loc":{"start":{"line":237,"column":6},"end":{"line":239,"column":7}},"type":"if","locations":[{"start":{"line":237,"column":6},"end":{"line":239,"column":7}}]},"41":{"loc":{"start":{"line":242,"column":6},"end":{"line":244,"column":7}},"type":"if","locations":[{"start":{"line":242,"column":6},"end":{"line":244,"column":7}}]},"42":{"loc":{"start":{"line":254,"column":4},"end":{"line":256,"column":5}},"type":"if","locations":[{"start":{"line":254,"column":4},"end":{"line":256,"column":5}}]},"43":{"loc":{"start":{"line":254,"column":8},"end":{"line":254,"column":39}},"type":"binary-expr","locations":[{"start":{"line":254,"column":8},"end":{"line":254,"column":12}},{"start":{"line":254,"column":16},"end":{"line":254,"column":39}}]},"44":{"loc":{"start":{"line":262,"column":6},"end":{"line":264,"column":7}},"type":"if","locations":[{"start":{"line":262,"column":6},"end":{"line":264,"column":7}}]},"45":{"loc":{"start":{"line":262,"column":10},"end":{"line":262,"column":65}},"type":"binary-expr","locations":[{"start":{"line":262,"column":10},"end":{"line":262,"column":35}},{"start":{"line":262,"column":39},"end":{"line":262,"column":65}}]},"46":{"loc":{"start":{"line":267,"column":6},"end":{"line":269,"column":7}},"type":"if","locations":[{"start":{"line":267,"column":6},"end":{"line":269,"column":7}}]},"47":{"loc":{"start":{"line":267,"column":10},"end":{"line":267,"column":77}},"type":"binary-expr","locations":[{"start":{"line":267,"column":10},"end":{"line":267,"column":47}},{"start":{"line":267,"column":51},"end":{"line":267,"column":77}}]},"48":{"loc":{"start":{"line":272,"column":6},"end":{"line":274,"column":7}},"type":"if","locations":[{"start":{"line":272,"column":6},"end":{"line":274,"column":7}}]},"49":{"loc":{"start":{"line":272,"column":10},"end":{"line":272,"column":56}},"type":"binary-expr","locations":[{"start":{"line":272,"column":10},"end":{"line":272,"column":26}},{"start":{"line":272,"column":30},"end":{"line":272,"column":56}}]},"50":{"loc":{"start":{"line":279,"column":27},"end":{"line":279,"column":95}},"type":"cond-expr","locations":[{"start":{"line":279,"column":52},"end":{"line":279,"column":65}},{"start":{"line":279,"column":68},"end":{"line":279,"column":95}}]},"51":{"loc":{"start":{"line":299,"column":4},"end":{"line":301,"column":5}},"type":"if","locations":[{"start":{"line":299,"column":4},"end":{"line":301,"column":5}}]},"52":{"loc":{"start":{"line":299,"column":8},"end":{"line":299,"column":53}},"type":"binary-expr","locations":[{"start":{"line":299,"column":8},"end":{"line":299,"column":19}},{"start":{"line":299,"column":23},"end":{"line":299,"column":53}}]},"53":{"loc":{"start":{"line":317,"column":4},"end":{"line":319,"column":5}},"type":"if","locations":[{"start":{"line":317,"column":4},"end":{"line":319,"column":5}}]},"54":{"loc":{"start":{"line":323,"column":4},"end":{"line":326,"column":5}},"type":"if","locations":[{"start":{"line":323,"column":4},"end":{"line":326,"column":5}}]},"55":{"loc":{"start":{"line":325,"column":13},"end":{"line":325,"column":39}},"type":"binary-expr","locations":[{"start":{"line":325,"column":13},"end":{"line":325,"column":22}},{"start":{"line":325,"column":26},"end":{"line":325,"column":39}}]},"56":{"loc":{"start":{"line":335,"column":4},"end":{"line":337,"column":5}},"type":"if","locations":[{"start":{"line":335,"column":4},"end":{"line":337,"column":5}}]},"57":{"loc":{"start":{"line":335,"column":8},"end":{"line":335,"column":65}},"type":"binary-expr","locations":[{"start":{"line":335,"column":8},"end":{"line":335,"column":25}},{"start":{"line":335,"column":29},"end":{"line":335,"column":65}}]},"58":{"loc":{"start":{"line":340,"column":4},"end":{"line":343,"column":5}},"type":"if","locations":[{"start":{"line":340,"column":4},"end":{"line":343,"column":5}}]},"59":{"loc":{"start":{"line":340,"column":8},"end":{"line":341,"column":55}},"type":"binary-expr","locations":[{"start":{"line":340,"column":8},"end":{"line":340,"column":49}},{"start":{"line":341,"column":8},"end":{"line":341,"column":55}}]},"60":{"loc":{"start":{"line":350,"column":6},"end":{"line":352,"column":7}},"type":"if","locations":[{"start":{"line":350,"column":6},"end":{"line":352,"column":7}}]},"61":{"loc":{"start":{"line":357,"column":8},"end":{"line":359,"column":9}},"type":"if","locations":[{"start":{"line":357,"column":8},"end":{"line":359,"column":9}}]},"62":{"loc":{"start":{"line":364,"column":6},"end":{"line":371,"column":7}},"type":"if","locations":[{"start":{"line":364,"column":6},"end":{"line":371,"column":7}}]},"63":{"loc":{"start":{"line":367,"column":10},"end":{"line":369,"column":11}},"type":"if","locations":[{"start":{"line":367,"column":10},"end":{"line":369,"column":11}}]},"64":{"loc":{"start":{"line":376,"column":27},"end":{"line":376,"column":95}},"type":"cond-expr","locations":[{"start":{"line":376,"column":52},"end":{"line":376,"column":65}},{"start":{"line":376,"column":68},"end":{"line":376,"column":95}}]},"65":{"loc":{"start":{"line":396,"column":4},"end":{"line":398,"column":5}},"type":"if","locations":[{"start":{"line":396,"column":4},"end":{"line":398,"column":5}}]},"66":{"loc":{"start":{"line":396,"column":8},"end":{"line":396,"column":53}},"type":"binary-expr","locations":[{"start":{"line":396,"column":8},"end":{"line":396,"column":19}},{"start":{"line":396,"column":23},"end":{"line":396,"column":53}}]},"67":{"loc":{"start":{"line":401,"column":4},"end":{"line":403,"column":5}},"type":"if","locations":[{"start":{"line":401,"column":4},"end":{"line":403,"column":5}}]},"68":{"loc":{"start":{"line":409,"column":27},"end":{"line":409,"column":91}},"type":"cond-expr","locations":[{"start":{"line":409,"column":52},"end":{"line":409,"column":65}},{"start":{"line":409,"column":68},"end":{"line":409,"column":91}}]},"69":{"loc":{"start":{"line":417,"column":39},"end":{"line":417,"column":63}},"type":"default-arg","locations":[{"start":{"line":417,"column":59},"end":{"line":417,"column":63}}]},"70":{"loc":{"start":{"line":418,"column":4},"end":{"line":420,"column":5}},"type":"if","locations":[{"start":{"line":418,"column":4},"end":{"line":420,"column":5}}]},"71":{"loc":{"start":{"line":418,"column":8},"end":{"line":418,"column":43}},"type":"binary-expr","locations":[{"start":{"line":418,"column":8},"end":{"line":418,"column":14}},{"start":{"line":418,"column":18},"end":{"line":418,"column":43}}]},"72":{"loc":{"start":{"line":431,"column":46},"end":{"line":431,"column":73}},"type":"default-arg","locations":[{"start":{"line":431,"column":70},"end":{"line":431,"column":73}}]},"73":{"loc":{"start":{"line":432,"column":4},"end":{"line":434,"column":5}},"type":"if","locations":[{"start":{"line":432,"column":4},"end":{"line":434,"column":5}}]},"74":{"loc":{"start":{"line":432,"column":8},"end":{"line":432,"column":55}},"type":"binary-expr","locations":[{"start":{"line":432,"column":8},"end":{"line":432,"column":37}},{"start":{"line":432,"column":41},"end":{"line":432,"column":55}}]},"75":{"loc":{"start":{"line":440,"column":11},"end":{"line":440,"column":43}},"type":"binary-expr","locations":[{"start":{"line":440,"column":11},"end":{"line":440,"column":19}},{"start":{"line":440,"column":23},"end":{"line":440,"column":43}}]},"76":{"loc":{"start":{"line":451,"column":37},"end":{"line":451,"column":61}},"type":"default-arg","locations":[{"start":{"line":451,"column":56},"end":{"line":451,"column":61}}]},"77":{"loc":{"start":{"line":465,"column":4},"end":{"line":469,"column":5}},"type":"if","locations":[{"start":{"line":465,"column":4},"end":{"line":469,"column":5}}]},"78":{"loc":{"start":{"line":468,"column":13},"end":{"line":468,"column":50}},"type":"cond-expr","locations":[{"start":{"line":468,"column":22},"end":{"line":468,"column":29}},{"start":{"line":468,"column":32},"end":{"line":468,"column":50}}]},"79":{"loc":{"start":{"line":478,"column":75},"end":{"line":478,"column":99}},"type":"default-arg","locations":[{"start":{"line":478,"column":97},"end":{"line":478,"column":99}}]},"80":{"loc":{"start":{"line":483,"column":6},"end":{"line":485,"column":7}},"type":"if","locations":[{"start":{"line":483,"column":6},"end":{"line":485,"column":7}}]}},"s":{"0":11,"1":0,"2":0,"3":0,"4":0,"5":0,"6":0,"7":0,"8":0,"9":0,"10":0,"11":0,"12":0,"13":0,"14":0,"15":0,"16":0,"17":0,"18":0,"19":0,"20":0,"21":0,"22":0,"23":0,"24":0,"25":0,"26":0,"27":0,"28":0,"29":0,"30":0,"31":0,"32":0,"33":0,"34":0,"35":0,"36":0,"37":0,"38":0,"39":0,"40":0,"41":0,"42":97,"43":3,"44":94,"45":7,"46":1,"47":6,"48":7,"49":1,"50":6,"51":0,"52":0,"53":0,"54":0,"55":0,"56":0,"57":0,"58":0,"59":0,"60":0,"61":0,"62":0,"63":0,"64":0,"65":0,"66":0,"67":0,"68":0,"69":0,"70":0,"71":0,"72":0,"73":0,"74":0,"75":0,"76":0,"77":0,"78":74,"79":0,"80":74,"81":74,"82":73,"83":1,"84":72,"85":0,"86":72,"87":0,"88":72,"89":1,"90":1,"91":1,"92":6,"93":0,"94":6,"95":6,"96":3,"97":3,"98":3,"99":2,"100":2,"101":1,"102":0,"103":0,"104":0,"105":0,"106":0,"107":0,"108":0,"109":0,"110":0,"111":0,"112":0,"113":0,"114":0,"115":0,"116":0,"117":0,"118":0,"119":0,"120":0,"121":0,"122":0,"123":0,"124":0,"125":3,"126":0,"127":3,"128":1,"129":2,"130":2,"131":1,"132":1,"133":1,"134":3,"135":0,"136":3,"137":3,"138":0,"139":3,"140":3,"141":3,"142":11,"143":11,"144":11,"145":11,"146":11,"147":11,"148":11,"149":1,"150":1,"151":0,"152":0,"153":0,"154":1,"155":1,"156":1,"157":0,"158":0,"159":1,"160":11},"f":{"0":0,"1":0,"2":0,"3":97,"4":7,"5":7,"6":0,"7":0,"8":0,"9":0,"10":74,"11":6,"12":0,"13":3,"14":3,"15":3,"16":1,"17":1},"b":{"0":[0],"1":[0,0],"2":[0],"3":[0,0],"4":[0],"5":[0,0],"6":[0],"7":[0],"8":[0,0,0],"9":[0],"10":[0,0],"11":[0],"12":[0],"13":[0,0],"14":[0],"15":[0],"16":[0],"17":[0,0],"18":[0],"19":[0],"20":[3],"21":[97,94],"22":[1],"23":[7,6],"24":[1],"25":[7,6],"26":[0],"27":[0,0],"28":[0],"29":[0,0],"30":[0],"31":[0,0,0],"32":[0],"33":[0,0,0],"34":[0],"35":[0],"36":[0],"37":[0,0],"38":[0],"39":[0],"40":[0],"41":[0],"42":[0],"43":[74,74],"44":[1],"45":[73,1],"46":[0],"47":[72,0],"48":[0],"49":[72,72],"50":[0,1],"51":[0],"52":[6,6],"53":[3],"54":[2],"55":[2,2],"56":[0],"57":[0,0],"58":[0],"59":[0,0],"60":[0],"61":[0],"62":[0],"63":[0],"64":[0,0],"65":[0],"66":[3,3],"67":[1],"68":[1,0],"69":[0],"70":[0],"71":[3,3],"72":[0],"73":[0],"74":[3,3],"75":[3,2],"76":[0],"77":[0],"78":[0,0],"79":[1],"80":[0]}}
}
