TN:
SF:src/nip46/bunker.ts
FN:38,(anonymous_0)
FN:84,(anonymous_1)
FN:88,(anonymous_2)
FN:113,(anonymous_3)
FN:123,(anonymous_4)
FN:126,(anonymous_5)
FN:152,(anonymous_6)
FN:159,(anonymous_7)
FN:166,(anonymous_8)
FN:178,(anonymous_9)
FN:187,(anonymous_10)
FN:195,(anonymous_11)
FN:217,(anonymous_12)
FN:239,(anonymous_13)
FN:248,(anonymous_14)
FN:268,(anonymous_15)
FN:275,(anonymous_16)
FN:285,(anonymous_17)
FN:304,(anonymous_18)
FN:310,(anonymous_19)
FN:319,(anonymous_20)
FN:339,(anonymous_21)
FN:448,(anonymous_22)
FN:524,(anonymous_23)
FN:528,(anonymous_24)
FN:555,(anonymous_25)
FN:618,(anonymous_26)
FN:630,(anonymous_27)
FN:644,(anonymous_28)
FN:649,(anonymous_29)
FN:660,(anonymous_30)
FN:762,(anonymous_31)
FN:821,(anonymous_32)
FN:825,(anonymous_33)
FN:848,(anonymous_34)
FN:865,(anonymous_35)
FN:892,(anonymous_36)
FN:932,(anonymous_37)
FNF:38
FNH:23
FNDA:5,(anonymous_0)
FNDA:0,(anonymous_1)
FNDA:2,(anonymous_2)
FNDA:15,(anonymous_3)
FNDA:0,(anonymous_4)
FNDA:5,(anonymous_5)
FNDA:4,(anonymous_6)
FNDA:4,(anonymous_7)
FNDA:0,(anonymous_8)
FNDA:3,(anonymous_9)
FNDA:1,(anonymous_10)
FNDA:15,(anonymous_11)
FNDA:0,(anonymous_12)
FNDA:2,(anonymous_13)
FNDA:1,(anonymous_14)
FNDA:2,(anonymous_15)
FNDA:0,(anonymous_16)
FNDA:0,(anonymous_17)
FNDA:0,(anonymous_18)
FNDA:0,(anonymous_19)
FNDA:0,(anonymous_20)
FNDA:15,(anonymous_21)
FNDA:4,(anonymous_22)
FNDA:0,(anonymous_23)
FNDA:9,(anonymous_24)
FNDA:6,(anonymous_25)
FNDA:3,(anonymous_26)
FNDA:3,(anonymous_27)
FNDA:0,(anonymous_28)
FNDA:0,(anonymous_29)
FNDA:0,(anonymous_30)
FNDA:16,(anonymous_31)
FNDA:6,(anonymous_32)
FNDA:2,(anonymous_33)
FNDA:0,(anonymous_34)
FNDA:0,(anonymous_35)
FNDA:15,(anonymous_36)
FNDA:4,(anonymous_37)
DA:1,11
DA:2,11
DA:3,11
DA:5,11
DA:6,11
DA:7,11
DA:23,11
DA:25,11
DA:34,5
DA:35,5
DA:36,5
DA:39,5
DA:40,5
DA:41,5
DA:42,5
DA:43,5
DA:44,5
DA:47,5
DA:48,0
DA:52,5
DA:59,5
DA:64,5
DA:65,5
DA:69,5
DA:73,5
DA:74,5
DA:85,0
DA:89,2
DA:91,2
DA:92,0
DA:93,0
DA:97,2
DA:98,2
DA:99,2
DA:102,2
DA:108,2
DA:109,0
DA:113,2
DA:114,15
DA:118,2
DA:119,0
DA:123,2
DA:127,5
DA:130,5
DA:131,2
DA:132,2
DA:135,5
DA:136,2
DA:137,2
DA:140,5
DA:141,5
DA:144,5
DA:145,5
DA:146,5
DA:153,4
DA:160,4
DA:167,0
DA:168,0
DA:181,3
DA:188,1
DA:196,15
DA:197,15
DA:199,15
DA:201,0
DA:202,0
DA:204,0
DA:208,15
DA:210,15
DA:218,0
DA:219,0
DA:221,0
DA:222,0
DA:223,0
DA:224,0
DA:225,0
DA:229,0
DA:230,0
DA:240,2
DA:241,2
DA:245,2
DA:248,2
DA:249,1
DA:251,1
DA:253,1
DA:255,1
DA:262,1
DA:263,1
DA:264,1
DA:268,1
DA:269,2
DA:274,1
DA:275,0
DA:276,0
DA:281,1
DA:284,1
DA:287,0
DA:288,0
DA:296,1
DA:297,1
DA:301,2
DA:305,0
DA:306,0
DA:307,0
DA:310,0
DA:311,0
DA:313,0
DA:314,0
DA:319,0
DA:320,0
DA:321,0
DA:322,0
DA:327,0
DA:329,0
DA:330,0
DA:340,15
DA:341,15
DA:349,15
DA:351,15
DA:353,15
DA:355,15
DA:356,0
DA:357,0
DA:361,0
DA:366,15
DA:367,15
DA:368,15
DA:369,15
DA:375,0
DA:376,0
DA:380,0
DA:384,15
DA:385,0
DA:386,0
DA:388,0
DA:395,15
DA:397,15
DA:398,3
DA:399,12
DA:400,6
DA:401,6
DA:402,3
DA:403,3
DA:404,0
DA:408,3
DA:414,0
DA:415,3
DA:416,0
DA:420,3
DA:421,3
DA:423,0
DA:424,0
DA:431,15
DA:440,0
DA:441,0
DA:453,4
DA:454,4
DA:455,0
DA:464,4
DA:467,4
DA:468,0
DA:470,0
DA:474,0
DA:475,0
DA:484,4
DA:485,4
DA:486,1
DA:490,4
DA:492,1
DA:493,1
DA:500,1
DA:503,1
DA:504,1
DA:505,1
DA:509,1
DA:518,3
DA:524,3
DA:527,3
DA:528,3
DA:529,9
DA:534,3
DA:535,3
DA:537,3
DA:538,3
DA:539,3
DA:546,3
DA:559,6
DA:560,2
DA:566,4
DA:567,0
DA:568,0
DA:574,4
DA:576,4
DA:581,4
DA:584,2
DA:591,2
DA:600,2
DA:606,0
DA:607,0
DA:608,0
DA:621,3
DA:635,3
DA:636,2
DA:637,2
DA:638,2
DA:643,3
DA:644,3
DA:645,0
DA:646,0
DA:649,3
DA:651,3
DA:664,0
DA:665,0
DA:672,0
DA:673,0
DA:680,0
DA:681,0
DA:682,0
DA:688,0
DA:689,0
DA:690,0
DA:692,0
DA:693,0
DA:702,0
DA:704,0
DA:709,0
DA:712,0
DA:717,0
DA:720,0
DA:725,0
DA:728,0
DA:733,0
DA:736,0
DA:744,0
DA:750,0
DA:751,0
DA:752,0
DA:769,16
DA:770,0
DA:774,16
DA:776,16
DA:777,12
DA:780,16
DA:781,4
DA:784,16
DA:785,0
DA:788,16
DA:790,16
DA:791,16
DA:798,16
DA:810,16
DA:813,0
DA:814,0
DA:815,0
DA:822,6
DA:831,2
DA:836,2
DA:837,2
DA:841,2
DA:842,0
DA:845,2
DA:851,0
DA:853,0
DA:854,0
DA:858,0
DA:865,0
DA:878,0
DA:879,0
DA:882,0
DA:883,0
DA:884,0
DA:896,15
DA:897,0
DA:905,15
DA:906,15
DA:911,15
DA:917,0
DA:918,0
DA:919,0
DA:920,0
DA:934,4
DA:935,4
DA:936,4
DA:937,4
DA:938,4
DA:940,4
DA:944,0
DA:945,0
DA:946,0
DA:950,0
DA:951,0
DA:955,0
DA:959,0
DA:963,0
DA:964,0
DA:965,0
DA:966,0
DA:967,0
DA:972,0
LF:298
LH:172
BRDA:40,0,0,5
BRDA:40,0,1,0
BRDA:44,1,0,5
BRDA:44,1,1,0
BRDA:47,2,0,0
BRDA:60,3,0,5
BRDA:60,3,1,0
BRDA:64,4,0,5
BRDA:71,5,0,5
BRDA:71,5,1,0
BRDA:76,6,0,5
BRDA:76,6,1,3
BRDA:89,7,0,2
BRDA:91,8,0,0
BRDA:98,9,0,2
BRDA:108,10,0,0
BRDA:118,11,0,0
BRDA:127,12,0,5
BRDA:130,13,0,2
BRDA:135,14,0,2
BRDA:140,15,0,5
BRDA:168,16,0,0
BRDA:168,16,1,0
BRDA:199,17,0,0
BRDA:201,18,0,0
BRDA:223,19,0,0
BRDA:229,20,0,0
BRDA:229,21,0,0
BRDA:229,21,1,0
BRDA:240,22,0,2
BRDA:249,23,0,1
BRDA:253,24,0,1
BRDA:262,25,0,1
BRDA:263,26,0,1
BRDA:274,27,0,0
BRDA:287,28,0,0
BRDA:287,28,1,0
BRDA:311,29,0,0
BRDA:320,30,0,0
BRDA:320,31,0,0
BRDA:320,31,1,0
BRDA:329,32,0,0
BRDA:329,33,0,0
BRDA:329,33,1,0
BRDA:329,33,2,0
BRDA:340,34,0,15
BRDA:355,35,0,0
BRDA:356,36,0,0
BRDA:368,37,0,15
BRDA:375,38,0,0
BRDA:375,38,1,0
BRDA:384,39,0,0
BRDA:384,40,0,15
BRDA:384,40,1,15
BRDA:385,41,0,0
BRDA:397,42,0,3
BRDA:397,42,1,12
BRDA:399,43,0,6
BRDA:399,43,1,6
BRDA:401,44,0,3
BRDA:401,44,1,3
BRDA:403,45,0,0
BRDA:403,45,1,3
BRDA:406,46,0,0
BRDA:406,46,1,0
BRDA:408,47,0,0
BRDA:408,47,1,3
BRDA:409,48,0,3
BRDA:409,48,1,3
BRDA:409,48,2,3
BRDA:409,48,3,3
BRDA:415,49,0,0
BRDA:415,49,1,3
BRDA:420,50,0,3
BRDA:420,50,1,0
BRDA:440,51,0,0
BRDA:440,51,1,0
BRDA:454,52,0,0
BRDA:454,53,0,4
BRDA:454,53,1,4
BRDA:464,54,0,4
BRDA:464,54,1,4
BRDA:467,55,0,0
BRDA:468,56,0,0
BRDA:468,56,1,0
BRDA:474,57,0,0
BRDA:485,58,0,1
BRDA:490,59,0,1
BRDA:504,60,0,1
BRDA:512,61,0,1
BRDA:512,61,1,0
BRDA:518,62,0,3
BRDA:518,62,1,3
BRDA:527,63,0,3
BRDA:537,64,0,3
BRDA:548,65,0,3
BRDA:548,65,1,3
BRDA:559,66,0,2
BRDA:566,67,0,0
BRDA:581,68,0,2
BRDA:595,69,0,2
BRDA:595,69,1,0
BRDA:606,70,0,0
BRDA:606,70,1,0
BRDA:635,71,0,2
BRDA:637,72,0,2
BRDA:645,73,0,0
BRDA:664,74,0,0
BRDA:672,75,0,0
BRDA:680,76,0,0
BRDA:692,77,0,0
BRDA:692,78,0,0
BRDA:692,78,1,0
BRDA:702,79,0,0
BRDA:702,79,1,0
BRDA:702,79,2,0
BRDA:702,79,3,0
BRDA:702,79,4,0
BRDA:750,80,0,0
BRDA:750,80,1,0
BRDA:765,81,0,4
BRDA:769,82,0,0
BRDA:776,83,0,12
BRDA:776,84,0,16
BRDA:776,84,1,16
BRDA:780,85,0,4
BRDA:784,86,0,0
BRDA:813,87,0,0
BRDA:813,87,1,0
BRDA:836,88,0,2
BRDA:836,89,0,2
BRDA:836,89,1,2
BRDA:841,90,0,0
BRDA:853,91,0,0
BRDA:853,92,0,0
BRDA:853,92,1,0
BRDA:864,93,0,0
BRDA:864,93,1,0
BRDA:867,94,0,0
BRDA:867,94,1,0
BRDA:882,95,0,0
BRDA:882,95,1,0
BRDA:896,96,0,0
BRDA:917,97,0,0
BRDA:917,97,1,0
BRDA:918,98,0,0
BRDA:934,99,0,4
BRDA:934,100,0,4
BRDA:934,100,1,4
BRDA:935,101,0,4
BRDA:935,101,1,0
BRDA:936,102,0,4
BRDA:937,103,0,4
BRDA:945,104,0,0
BRDA:950,105,0,0
BRDA:955,106,0,0
BRDA:956,107,0,0
BRDA:956,107,1,0
BRDA:964,108,0,0
BRDA:966,109,0,0
BRF:160
BRH:69
end_of_record
TN:
SF:src/nip46/client.ts
FN:51,(anonymous_0)
FN:70,(anonymous_1)
FN:107,(anonymous_2)
FN:118,(anonymous_3)
FN:130,(anonymous_4)
FN:137,(anonymous_5)
FN:153,(anonymous_6)
FN:245,(anonymous_7)
FN:246,(anonymous_8)
FN:251,(anonymous_9)
FN:329,(anonymous_10)
FN:351,(anonymous_11)
FN:376,(anonymous_12)
FN:393,(anonymous_13)
FN:408,(anonymous_14)
FN:433,(anonymous_15)
FN:458,(anonymous_16)
FN:475,(anonymous_17)
FN:498,(anonymous_18)
FN:521,(anonymous_19)
FN:544,(anonymous_20)
FN:546,(anonymous_21)
FN:563,(anonymous_22)
FN:573,(anonymous_23)
FN:588,(anonymous_24)
FN:606,(anonymous_25)
FN:671,(anonymous_26)
FN:788,(anonymous_27)
FN:826,(anonymous_28)
FN:844,(anonymous_29)
FN:873,(anonymous_30)
FN:898,(anonymous_31)
FN:901,(anonymous_32)
FN:905,(anonymous_33)
FN:915,(anonymous_34)
FN:924,(anonymous_35)
FN:953,(anonymous_36)
FN:965,(anonymous_37)
FNF:38
FNH:2
FNDA:0,(anonymous_0)
FNDA:0,(anonymous_1)
FNDA:0,(anonymous_2)
FNDA:0,(anonymous_3)
FNDA:0,(anonymous_4)
FNDA:0,(anonymous_5)
FNDA:0,(anonymous_6)
FNDA:0,(anonymous_7)
FNDA:0,(anonymous_8)
FNDA:0,(anonymous_9)
FNDA:0,(anonymous_10)
FNDA:0,(anonymous_11)
FNDA:0,(anonymous_12)
FNDA:0,(anonymous_13)
FNDA:0,(anonymous_14)
FNDA:0,(anonymous_15)
FNDA:0,(anonymous_16)
FNDA:0,(anonymous_17)
FNDA:0,(anonymous_18)
FNDA:0,(anonymous_19)
FNDA:0,(anonymous_20)
FNDA:0,(anonymous_21)
FNDA:0,(anonymous_22)
FNDA:0,(anonymous_23)
FNDA:0,(anonymous_24)
FNDA:0,(anonymous_25)
FNDA:0,(anonymous_26)
FNDA:0,(anonymous_27)
FNDA:0,(anonymous_28)
FNDA:0,(anonymous_29)
FNDA:0,(anonymous_30)
FNDA:0,(anonymous_31)
FNDA:0,(anonymous_32)
FNDA:0,(anonymous_33)
FNDA:0,(anonymous_34)
FNDA:0,(anonymous_35)
FNDA:4,(anonymous_36)
FNDA:3,(anonymous_37)
DA:1,11
DA:2,11
DA:3,11
DA:4,11
DA:6,11
DA:7,11
DA:8,11
DA:24,11
DA:26,11
DA:28,0
DA:29,0
DA:30,0
DA:31,0
DA:41,0
DA:42,0
DA:44,0
DA:52,0
DA:62,0
DA:63,0
DA:64,0
DA:71,0
DA:73,0
DA:74,0
DA:75,0
DA:79,0
DA:82,0
DA:83,0
DA:86,0
DA:92,0
DA:93,0
DA:96,0
DA:97,0
DA:101,0
DA:107,0
DA:108,0
DA:111,0
DA:112,0
DA:119,0
DA:120,0
DA:121,0
DA:124,0
DA:126,0
DA:127,0
DA:128,0
DA:130,0
DA:131,0
DA:132,0
DA:134,0
DA:137,0
DA:138,0
DA:140,0
DA:143,0
DA:144,0
DA:145,0
DA:154,0
DA:155,0
DA:159,0
DA:161,0
DA:162,0
DA:163,0
DA:164,0
DA:171,0
DA:172,0
DA:176,0
DA:177,0
DA:180,0
DA:181,0
DA:182,0
DA:183,0
DA:184,0
DA:196,0
DA:197,0
DA:198,0
DA:202,0
DA:203,0
DA:204,0
DA:205,0
DA:206,0
DA:210,0
DA:213,0
DA:214,0
DA:215,0
DA:221,0
DA:222,0
DA:224,0
DA:230,0
DA:231,0
DA:237,0
DA:238,0
DA:239,0
DA:244,0
DA:245,0
DA:246,0
DA:247,0
DA:251,0
DA:252,0
DA:253,0
DA:254,0
DA:255,0
DA:259,0
DA:260,0
DA:261,0
DA:269,0
DA:270,0
DA:271,0
DA:277,0
DA:278,0
DA:279,0
DA:281,0
DA:287,0
DA:288,0
DA:293,0
DA:294,0
DA:295,0
DA:296,0
DA:297,0
DA:300,0
DA:301,0
DA:305,0
DA:310,0
DA:312,0
DA:314,0
DA:315,0
DA:316,0
DA:319,0
DA:320,0
DA:331,0
DA:332,0
DA:333,0
DA:334,0
DA:335,0
DA:338,0
DA:339,0
DA:345,0
DA:352,0
DA:353,0
DA:356,0
DA:360,0
DA:361,0
DA:364,0
DA:365,0
DA:370,0
DA:377,0
DA:378,0
DA:381,0
DA:382,0
DA:383,0
DA:387,0
DA:394,0
DA:395,0
DA:398,0
DA:399,0
DA:400,0
DA:402,0
DA:412,0
DA:413,0
DA:416,0
DA:421,0
DA:422,0
DA:427,0
DA:437,0
DA:438,0
DA:441,0
DA:446,0
DA:447,0
DA:452,0
DA:459,0
DA:460,0
DA:463,0
DA:465,0
DA:466,0
DA:469,0
DA:479,0
DA:480,0
DA:483,0
DA:488,0
DA:489,0
DA:492,0
DA:502,0
DA:503,0
DA:506,0
DA:511,0
DA:512,0
DA:515,0
DA:525,0
DA:526,0
DA:527,0
DA:530,0
DA:531,0
DA:535,0
DA:536,0
DA:538,0
DA:544,0
DA:546,0
DA:547,0
DA:548,0
DA:549,0
DA:550,0
DA:554,0
DA:555,0
DA:562,0
DA:565,0
DA:566,0
DA:567,0
DA:568,0
DA:569,0
DA:570,0
DA:575,0
DA:576,0
DA:577,0
DA:578,0
DA:579,0
DA:586,0
DA:587,0
DA:588,0
DA:589,0
DA:590,0
DA:591,0
DA:592,0
DA:593,0
DA:607,0
DA:608,0
DA:611,0
DA:614,0
DA:615,0
DA:621,0
DA:622,0
DA:628,0
DA:629,0
DA:633,0
DA:644,0
DA:645,0
DA:657,0
DA:661,0
DA:663,0
DA:664,0
DA:672,0
DA:673,0
DA:682,0
DA:684,0
DA:685,0
DA:686,0
DA:689,0
DA:693,0
DA:694,0
DA:695,0
DA:701,0
DA:705,0
DA:706,0
DA:707,0
DA:711,0
DA:713,0
DA:714,0
DA:718,0
DA:721,0
DA:722,0
DA:726,0
DA:727,0
DA:729,0
DA:730,0
DA:731,0
DA:737,0
DA:738,0
DA:739,0
DA:742,0
DA:743,0
DA:744,0
DA:745,0
DA:746,0
DA:749,0
DA:750,0
DA:754,0
DA:755,0
DA:757,0
DA:758,0
DA:762,0
DA:765,0
DA:766,0
DA:772,0
DA:773,0
DA:776,0
DA:779,0
DA:780,0
DA:792,0
DA:793,0
DA:801,0
DA:802,0
DA:807,0
DA:813,0
DA:814,0
DA:827,0
DA:828,0
DA:829,0
DA:833,0
DA:834,0
DA:835,0
DA:838,0
DA:839,0
DA:843,0
DA:844,0
DA:845,0
DA:849,0
DA:857,0
DA:858,0
DA:859,0
DA:862,0
DA:865,0
DA:874,0
DA:875,0
DA:878,0
DA:880,0
DA:884,0
DA:885,0
DA:888,0
DA:890,0
DA:899,0
DA:901,0
DA:902,0
DA:903,0
DA:905,0
DA:906,0
DA:907,0
DA:908,0
DA:915,0
DA:916,0
DA:925,0
DA:926,0
DA:927,0
DA:928,0
DA:930,0
DA:931,0
DA:935,0
DA:936,0
DA:937,0
DA:938,0
DA:939,0
DA:944,0
DA:945,0
DA:946,0
DA:957,4
DA:958,1
DA:961,3
DA:964,3
DA:965,3
DA:970,3
DA:971,3
DA:974,3
DA:975,3
DA:976,3
DA:979,3
DA:980,2
DA:983,3
LF:352
LH:22
BRDA:51,0,0,0
BRDA:64,1,0,0
BRDA:64,1,1,0
BRDA:71,2,0,0
BRDA:73,3,0,0
BRDA:74,4,0,0
BRDA:82,5,0,0
BRDA:92,6,0,0
BRDA:96,7,0,0
BRDA:111,8,0,0
BRDA:119,9,0,0
BRDA:143,10,0,0
BRDA:143,11,0,0
BRDA:143,11,1,0
BRDA:154,12,0,0
BRDA:161,13,0,0
BRDA:163,14,0,0
BRDA:171,15,0,0
BRDA:177,16,0,0
BRDA:182,17,0,0
BRDA:196,18,0,0
BRDA:197,19,0,0
BRDA:205,20,0,0
BRDA:213,21,0,0
BRDA:217,22,0,0
BRDA:217,22,1,0
BRDA:218,23,0,0
BRDA:218,23,1,0
BRDA:221,24,0,0
BRDA:226,25,0,0
BRDA:226,25,1,0
BRDA:226,25,2,0
BRDA:230,26,0,0
BRDA:237,27,0,0
BRDA:237,27,1,0
BRDA:238,28,0,0
BRDA:244,29,0,0
BRDA:244,29,1,0
BRDA:253,30,0,0
BRDA:269,31,0,0
BRDA:277,32,0,0
BRDA:277,33,0,0
BRDA:277,33,1,0
BRDA:277,33,2,0
BRDA:277,34,0,0
BRDA:277,34,1,0
BRDA:277,34,2,0
BRDA:278,35,0,0
BRDA:288,36,0,0
BRDA:294,37,0,0
BRDA:296,38,0,0
BRDA:300,39,0,0
BRDA:300,39,1,0
BRDA:315,40,0,0
BRDA:315,40,1,0
BRDA:319,41,0,0
BRDA:319,41,1,0
BRDA:331,42,0,0
BRDA:331,43,0,0
BRDA:331,43,1,0
BRDA:331,43,2,0
BRDA:334,44,0,0
BRDA:338,45,0,0
BRDA:352,46,0,0
BRDA:352,47,0,0
BRDA:352,47,1,0
BRDA:352,47,2,0
BRDA:360,48,0,0
BRDA:364,49,0,0
BRDA:377,50,0,0
BRDA:377,51,0,0
BRDA:377,51,1,0
BRDA:377,51,2,0
BRDA:382,52,0,0
BRDA:394,53,0,0
BRDA:394,54,0,0
BRDA:394,54,1,0
BRDA:394,54,2,0
BRDA:399,55,0,0
BRDA:412,56,0,0
BRDA:412,57,0,0
BRDA:412,57,1,0
BRDA:412,57,2,0
BRDA:421,58,0,0
BRDA:437,59,0,0
BRDA:437,60,0,0
BRDA:437,60,1,0
BRDA:437,60,2,0
BRDA:446,61,0,0
BRDA:459,62,0,0
BRDA:459,63,0,0
BRDA:459,63,1,0
BRDA:459,63,2,0
BRDA:465,64,0,0
BRDA:479,65,0,0
BRDA:479,66,0,0
BRDA:479,66,1,0
BRDA:479,66,2,0
BRDA:488,67,0,0
BRDA:502,68,0,0
BRDA:502,69,0,0
BRDA:502,69,1,0
BRDA:502,69,2,0
BRDA:511,70,0,0
BRDA:525,71,0,0
BRDA:530,72,0,0
BRDA:530,73,0,0
BRDA:530,73,1,0
BRDA:536,74,0,0
BRDA:547,75,0,0
BRDA:552,76,0,0
BRDA:552,76,1,0
BRDA:554,77,0,0
BRDA:557,78,0,0
BRDA:557,78,1,0
BRDA:565,79,0,0
BRDA:566,80,0,0
BRDA:575,81,0,0
BRDA:586,82,0,0
BRDA:589,83,0,0
BRDA:594,84,0,0
BRDA:594,84,1,0
BRDA:607,85,0,0
BRDA:607,86,0,0
BRDA:607,86,1,0
BRDA:614,87,0,0
BRDA:628,88,0,0
BRDA:628,88,1,0
BRDA:644,89,0,0
BRDA:663,90,0,0
BRDA:672,91,0,0
BRDA:684,92,0,0
BRDA:685,93,0,0
BRDA:693,94,0,0
BRDA:693,95,0,0
BRDA:693,95,1,0
BRDA:694,96,0,0
BRDA:705,97,0,0
BRDA:711,98,0,0
BRDA:713,99,0,0
BRDA:721,100,0,0
BRDA:727,101,0,0
BRDA:730,102,0,0
BRDA:737,103,0,0
BRDA:738,104,0,0
BRDA:743,105,0,0
BRDA:755,106,0,0
BRDA:757,107,0,0
BRDA:765,108,0,0
BRDA:779,109,0,0
BRDA:779,109,1,0
BRDA:792,110,0,0
BRDA:813,111,0,0
BRDA:813,111,1,0
BRDA:827,112,0,0
BRDA:833,113,0,0
BRDA:838,114,0,0
BRDA:843,115,0,0
BRDA:843,115,1,0
BRDA:857,116,0,0
BRDA:857,116,1,0
BRDA:858,117,0,0
BRDA:858,118,0,0
BRDA:858,118,1,0
BRDA:878,119,0,0
BRDA:878,120,0,0
BRDA:878,120,1,0
BRDA:879,121,0,0
BRDA:879,121,1,0
BRDA:884,122,0,0
BRDA:884,123,0,0
BRDA:884,123,1,0
BRDA:899,124,0,0
BRDA:902,125,0,0
BRDA:906,126,0,0
BRDA:917,127,0,0
BRDA:917,127,1,0
BRDA:926,128,0,0
BRDA:930,129,0,0
BRDA:936,130,0,0
BRDA:944,131,0,0
BRDA:944,132,0,0
BRDA:944,132,1,0
BRDA:955,133,0,2
BRDA:957,134,0,1
BRDA:964,135,0,2
BRDA:964,136,0,3
BRDA:964,136,1,2
BRDA:970,137,0,3
BRDA:970,137,1,2
BRDA:974,138,0,2
BRDA:975,139,0,1
BRDA:976,140,0,1
BRDA:979,141,0,2
BRDA:979,142,0,3
BRDA:979,142,1,2
BRF:196
BRH:13
end_of_record
TN:
SF:src/nip46/index.ts
FN:36,(anonymous_4)
FN:37,(anonymous_5)
FN:40,(anonymous_6)
FN:41,(anonymous_7)
FN:44,(anonymous_8)
FN:44,(anonymous_9)
FN:47,(anonymous_10)
FN:48,(anonymous_11)
FN:49,(anonymous_12)
FN:50,(anonymous_13)
FN:52,(anonymous_14)
FN:52,(anonymous_15)
FN:53,(anonymous_16)
FN:53,(anonymous_17)
FN:56,(anonymous_18)
FNF:15
FNH:5
FNDA:4,(anonymous_4)
FNDA:5,(anonymous_5)
FNDA:90,(anonymous_6)
FNDA:79,(anonymous_7)
FNDA:0,(anonymous_8)
FNDA:106,(anonymous_9)
FNDA:0,(anonymous_10)
FNDA:0,(anonymous_11)
FNDA:0,(anonymous_12)
FNDA:0,(anonymous_13)
FNDA:0,(anonymous_14)
FNDA:0,(anonymous_15)
FNDA:0,(anonymous_16)
FNDA:0,(anonymous_17)
FNDA:0,(anonymous_18)
DA:33,11
DA:36,15
DA:37,16
DA:40,101
DA:41,90
DA:44,117
DA:46,11
DA:47,11
DA:48,11
DA:49,11
DA:50,11
DA:52,11
DA:53,11
DA:56,11
LF:14
LH:14
BRF:0
BRH:0
end_of_record
TN:
SF:src/nip46/simple-bunker.ts
FN:56,(anonymous_0)
FN:85,(anonymous_1)
FN:110,(anonymous_2)
FN:132,(anonymous_3)
FN:159,(anonymous_4)
FN:170,(anonymous_5)
FN:177,(anonymous_6)
FN:184,(anonymous_7)
FN:191,(anonymous_8)
FN:203,(anonymous_9)
FN:214,(anonymous_10)
FN:343,(anonymous_11)
FN:384,(anonymous_12)
FN:404,(anonymous_13)
FN:479,(anonymous_14)
FN:533,(anonymous_15)
FN:587,(anonymous_16)
FN:641,(anonymous_17)
FN:695,(anonymous_18)
FN:734,(anonymous_19)
FN:763,(anonymous_20)
FN:809,(anonymous_21)
FN:816,(anonymous_22)
FNF:23
FNH:20
FNDA:79,(anonymous_0)
FNDA:79,(anonymous_1)
FNDA:1508,(anonymous_2)
FNDA:86,(anonymous_3)
FNDA:62,(anonymous_4)
FNDA:78,(anonymous_5)
FNDA:78,(anonymous_6)
FNDA:76,(anonymous_7)
FNDA:6,(anonymous_8)
FNDA:0,(anonymous_9)
FNDA:1508,(anonymous_10)
FNDA:293,(anonymous_11)
FNDA:0,(anonymous_12)
FNDA:253,(anonymous_13)
FNDA:57,(anonymous_14)
FNDA:29,(anonymous_15)
FNDA:18,(anonymous_16)
FNDA:19,(anonymous_17)
FNDA:4,(anonymous_18)
FNDA:269,(anonymous_19)
FNDA:1508,(anonymous_20)
FNDA:1215,(anonymous_21)
FNDA:0,(anonymous_22)
DA:2,11
DA:3,11
DA:4,11
DA:5,11
DA:6,11
DA:7,11
DA:17,11
DA:18,11
DA:22,11
DA:36,11
DA:62,79
DA:63,79
DA:64,79
DA:65,79
DA:66,79
DA:67,79
DA:68,79
DA:69,79
DA:70,79
DA:74,79
DA:76,79
DA:87,79
DA:88,0
DA:91,79
DA:92,0
DA:96,79
DA:97,0
DA:100,79
DA:102,79
DA:105,79
DA:110,79
DA:111,1508
DA:113,79
DA:115,79
DA:118,79
DA:121,0
DA:122,0
DA:123,0
DA:133,86
DA:134,79
DA:135,79
DA:139,79
DA:142,86
DA:143,86
DA:144,86
DA:147,0
DA:148,0
DA:153,86
DA:160,62
DA:171,78
DA:178,78
DA:185,76
DA:192,6
DA:193,6
DA:194,6
DA:195,6
DA:197,0
DA:204,0
DA:205,0
DA:206,0
DA:208,0
DA:215,1508
DA:216,1508
DA:219,1508
DA:220,0
DA:221,0
DA:225,1508
DA:226,1508
DA:232,1508
DA:235,1508
DA:236,1508
DA:238,1508
DA:245,1508
DA:247,293
DA:248,293
DA:251,332
DA:252,170
DA:254,162
DA:255,162
DA:260,332
DA:263,234
DA:264,146
DA:266,88
DA:267,88
DA:269,234
DA:272,253
DA:273,253
DA:276,57
DA:277,57
DA:280,29
DA:281,29
DA:284,18
DA:285,18
DA:288,19
DA:289,19
DA:292,4
DA:293,4
DA:296,269
DA:297,269
DA:300,0
DA:307,1508
DA:310,0
DA:311,0
DA:314,0
DA:318,0
DA:322,0
DA:323,0
DA:325,0
DA:327,0
DA:331,0
DA:334,0
DA:335,0
DA:348,293
DA:349,0
DA:357,293
DA:360,293
DA:361,0
DA:364,0
DA:371,293
DA:372,0
DA:373,0
DA:377,293
DA:383,293
DA:384,0
DA:385,0
DA:390,293
DA:392,293
DA:393,293
DA:398,293
DA:409,253
DA:410,183
DA:414,70
DA:415,0
DA:419,70
DA:420,0
DA:423,70
DA:425,70
DA:428,70
DA:429,70
DA:431,70
DA:436,2
DA:442,68
DA:445,68
DA:454,68
DA:457,68
DA:462,60
DA:465,60
DA:468,8
DA:469,8
DA:481,57
DA:482,32
DA:486,25
DA:487,0
DA:491,25
DA:493,25
DA:494,0
DA:497,25
DA:498,0
DA:504,25
DA:505,25
DA:507,25
DA:508,1
DA:514,24
DA:516,17
DA:521,7
DA:522,7
DA:523,7
DA:535,29
DA:536,18
DA:540,11
DA:541,0
DA:545,11
DA:547,11
DA:548,0
DA:551,11
DA:552,0
DA:558,11
DA:559,11
DA:561,11
DA:562,0
DA:568,11
DA:570,11
DA:575,0
DA:576,0
DA:577,0
DA:589,18
DA:590,13
DA:594,5
DA:595,0
DA:599,5
DA:601,5
DA:602,0
DA:605,5
DA:606,0
DA:612,5
DA:613,5
DA:615,5
DA:616,0
DA:622,5
DA:624,5
DA:629,0
DA:630,0
DA:631,0
DA:643,19
DA:644,14
DA:648,5
DA:649,0
DA:653,5
DA:655,5
DA:656,0
DA:659,5
DA:660,0
DA:666,5
DA:667,5
DA:669,5
DA:670,0
DA:676,5
DA:678,5
DA:683,0
DA:684,0
DA:685,0
DA:697,4
DA:698,3
DA:702,1
DA:704,1
DA:705,0
DA:708,1
DA:709,0
DA:715,1
DA:717,1
DA:722,0
DA:723,0
DA:724,0
DA:736,269
DA:737,202
DA:740,67
DA:742,67
DA:744,67
DA:746,67
DA:751,0
DA:752,0
DA:753,0
DA:767,1508
DA:768,1508
DA:774,1508
DA:781,1508
DA:790,1508
DA:796,1508
DA:798,1484
DA:801,0
DA:802,0
DA:810,1215
DA:817,0
LF:253
LH:182
BRDA:60,0,0,0
BRDA:65,1,0,79
BRDA:65,1,1,21
BRDA:67,2,0,79
BRDA:67,2,1,79
BRDA:70,3,0,79
BRDA:70,3,1,27
BRDA:74,4,0,79
BRDA:74,4,1,27
BRDA:74,5,0,0
BRDA:74,5,1,27
BRDA:87,6,0,0
BRDA:91,7,0,0
BRDA:96,8,0,0
BRDA:121,9,0,0
BRDA:121,9,1,0
BRDA:123,10,0,0
BRDA:123,10,1,0
BRDA:133,11,0,79
BRDA:147,12,0,0
BRDA:147,12,1,0
BRDA:193,13,0,6
BRDA:205,14,0,0
BRDA:219,15,0,0
BRDA:245,16,0,293
BRDA:245,16,1,332
BRDA:245,16,2,234
BRDA:245,16,3,253
BRDA:245,16,4,57
BRDA:245,16,5,29
BRDA:245,16,6,18
BRDA:245,16,7,19
BRDA:245,16,8,4
BRDA:245,16,9,269
BRDA:245,16,10,0
BRDA:251,17,0,170
BRDA:251,17,1,162
BRDA:263,18,0,146
BRDA:263,18,1,88
BRDA:310,19,0,0
BRDA:310,19,1,0
BRDA:322,20,0,0
BRDA:322,20,1,0
BRDA:334,21,0,0
BRDA:334,21,1,0
BRDA:348,22,0,0
BRDA:348,23,0,293
BRDA:348,23,1,293
BRDA:360,24,0,0
BRDA:371,25,0,0
BRDA:371,26,0,293
BRDA:371,26,1,0
BRDA:383,27,0,0
BRDA:383,28,0,293
BRDA:383,28,1,0
BRDA:398,29,0,293
BRDA:398,29,1,293
BRDA:409,30,0,183
BRDA:414,31,0,0
BRDA:419,32,0,0
BRDA:431,33,0,2
BRDA:432,34,0,70
BRDA:432,34,1,70
BRDA:432,34,2,4
BRDA:449,35,0,68
BRDA:449,35,1,0
BRDA:468,36,0,8
BRDA:468,36,1,0
BRDA:481,37,0,32
BRDA:486,38,0,0
BRDA:493,39,0,0
BRDA:497,40,0,0
BRDA:507,41,0,1
BRDA:507,42,0,25
BRDA:507,42,1,25
BRDA:521,43,0,7
BRDA:521,43,1,0
BRDA:535,44,0,18
BRDA:540,45,0,0
BRDA:547,46,0,0
BRDA:551,47,0,0
BRDA:561,48,0,0
BRDA:561,49,0,11
BRDA:561,49,1,11
BRDA:575,50,0,0
BRDA:575,50,1,0
BRDA:589,51,0,13
BRDA:594,52,0,0
BRDA:601,53,0,0
BRDA:605,54,0,0
BRDA:615,55,0,0
BRDA:615,56,0,5
BRDA:615,56,1,5
BRDA:629,57,0,0
BRDA:629,57,1,0
BRDA:643,58,0,14
BRDA:648,59,0,0
BRDA:655,60,0,0
BRDA:659,61,0,0
BRDA:669,62,0,0
BRDA:669,63,0,5
BRDA:669,63,1,5
BRDA:683,64,0,0
BRDA:683,64,1,0
BRDA:697,65,0,3
BRDA:704,66,0,0
BRDA:708,67,0,0
BRDA:722,68,0,0
BRDA:722,68,1,0
BRDA:736,69,0,202
BRDA:751,70,0,0
BRDA:751,70,1,0
BRDA:801,71,0,0
BRDA:801,71,1,0
BRF:114
BRH:54
end_of_record
TN:
SF:src/nip46/simple-client.ts
FN:48,(anonymous_0)
FN:73,(anonymous_1)
FN:83,(anonymous_2)
FN:102,(anonymous_3)
FN:111,(anonymous_4)
FN:177,(anonymous_5)
FN:185,(anonymous_6)
FN:193,(anonymous_7)
FN:195,(anonymous_8)
FN:201,(anonymous_9)
FN:220,(anonymous_10)
FN:237,(anonymous_11)
FN:253,(anonymous_12)
FN:269,(anonymous_13)
FN:285,(anonymous_14)
FN:301,(anonymous_15)
FN:309,(anonymous_16)
FN:358,(anonymous_17)
FN:368,(anonymous_18)
FN:372,(anonymous_19)
FN:395,(anonymous_20)
FN:401,(anonymous_21)
FN:429,(anonymous_22)
FN:433,(anonymous_23)
FN:449,(anonymous_24)
FN:479,(anonymous_25)
FN:533,(anonymous_26)
FNF:27
FNH:26
FNDA:90,(anonymous_0)
FNDA:97,(anonymous_1)
FNDA:72,(anonymous_2)
FNDA:75,(anonymous_3)
FNDA:296,(anonymous_4)
FNDA:74,(anonymous_5)
FNDA:52,(anonymous_6)
FNDA:49,(anonymous_7)
FNDA:46,(anonymous_8)
FNDA:48,(anonymous_9)
FNDA:46,(anonymous_10)
FNDA:15,(anonymous_11)
FNDA:7,(anonymous_12)
FNDA:5,(anonymous_13)
FNDA:5,(anonymous_14)
FNDA:1,(anonymous_15)
FNDA:142,(anonymous_16)
FNDA:142,(anonymous_17)
FNDA:352,(anonymous_18)
FNDA:352,(anonymous_19)
FNDA:27,(anonymous_20)
FNDA:298,(anonymous_21)
FNDA:336,(anonymous_22)
FNDA:336,(anonymous_23)
FNDA:11,(anonymous_24)
FNDA:296,(anonymous_25)
FNDA:0,(anonymous_26)
DA:2,11
DA:3,11
DA:4,11
DA:5,11
DA:6,11
DA:7,11
DA:8,11
DA:9,11
DA:10,11
DA:31,11
DA:37,90
DA:49,90
DA:50,90
DA:51,90
DA:52,90
DA:53,90
DA:54,90
DA:55,90
DA:59,90
DA:61,90
DA:74,97
DA:76,97
DA:77,75
DA:78,75
DA:81,75
DA:82,72
DA:83,72
DA:84,72
DA:85,72
DA:87,0
DA:93,75
DA:94,75
DA:99,75
DA:102,75
DA:103,75
DA:106,75
DA:111,75
DA:112,296
DA:114,75
DA:115,75
DA:121,75
DA:122,0
DA:125,75
DA:131,75
DA:132,64
DA:136,64
DA:137,0
DA:140,64
DA:142,0
DA:143,0
DA:144,0
DA:149,64
DA:150,64
DA:151,64
DA:152,64
DA:155,0
DA:156,0
DA:157,0
DA:163,33
DA:164,33
DA:165,33
DA:168,0
DA:169,0
DA:178,74
DA:179,71
DA:187,52
DA:188,3
DA:191,49
DA:193,49
DA:194,49
DA:195,46
DA:200,49
DA:201,48
DA:205,49
DA:208,1
DA:209,0
DA:211,1
DA:221,46
DA:226,36
DA:227,0
DA:231,36
DA:238,15
DA:243,7
DA:244,0
DA:247,7
DA:254,7
DA:259,7
DA:260,0
DA:263,7
DA:270,5
DA:275,5
DA:276,0
DA:279,5
DA:286,5
DA:291,5
DA:292,0
DA:295,5
DA:302,1
DA:303,1
DA:311,142
DA:312,75
DA:313,75
DA:314,41
DA:317,34
DA:322,142
DA:323,72
DA:324,72
DA:328,72
DA:332,142
DA:333,2
DA:334,2
DA:342,142
DA:344,142
DA:346,142
DA:348,0
DA:349,0
DA:354,142
DA:355,142
DA:358,142
DA:372,352
DA:374,352
DA:375,3
DA:376,3
DA:379,349
DA:380,4
DA:381,4
DA:385,345
DA:391,345
DA:392,345
DA:395,345
DA:396,27
DA:397,27
DA:401,345
DA:402,298
DA:403,298
DA:404,13
DA:406,285
DA:411,345
DA:412,345
DA:419,336
DA:428,336
DA:431,336
DA:434,336
DA:435,11
DA:436,11
DA:437,11
DA:438,9
DA:439,9
DA:440,9
DA:444,11
DA:450,11
DA:451,11
DA:453,11
DA:454,11
DA:461,9
DA:462,9
DA:464,9
DA:465,9
DA:480,296
DA:483,296
DA:484,0
DA:487,0
DA:491,296
DA:492,0
DA:493,0
DA:496,296
DA:498,296
DA:503,296
DA:506,296
DA:509,296
DA:510,296
DA:511,296
DA:514,296
DA:517,296
DA:519,0
DA:525,0
DA:526,0
DA:534,0
LF:178
LH:151
BRDA:48,0,0,0
BRDA:54,1,0,90
BRDA:54,1,1,5
BRDA:55,2,0,90
BRDA:55,2,1,34
BRDA:59,3,0,90
BRDA:59,3,1,36
BRDA:59,4,0,2
BRDA:59,4,1,34
BRDA:81,5,0,72
BRDA:81,6,0,75
BRDA:81,6,1,75
BRDA:87,7,0,0
BRDA:87,7,1,0
BRDA:121,8,0,0
BRDA:127,9,0,75
BRDA:127,9,1,75
BRDA:128,10,0,75
BRDA:128,10,1,75
BRDA:136,11,0,0
BRDA:140,12,0,0
BRDA:143,13,0,0
BRDA:143,14,0,0
BRDA:143,14,1,0
BRDA:155,15,0,0
BRDA:155,15,1,0
BRDA:164,16,0,33
BRDA:164,16,1,0
BRDA:168,17,0,0
BRDA:168,17,1,0
BRDA:187,18,0,3
BRDA:187,19,0,52
BRDA:187,19,1,49
BRDA:208,20,0,0
BRDA:226,21,0,0
BRDA:243,22,0,0
BRDA:259,23,0,0
BRDA:275,24,0,0
BRDA:291,25,0,0
BRDA:311,26,0,75
BRDA:311,27,0,142
BRDA:311,27,1,75
BRDA:317,28,0,34
BRDA:317,28,1,0
BRDA:322,29,0,72
BRDA:348,30,0,0
BRDA:348,30,1,0
BRDA:374,31,0,3
BRDA:379,32,0,4
BRDA:403,33,0,13
BRDA:403,33,1,285
BRDA:434,34,0,11
BRDA:436,35,0,11
BRDA:438,36,0,9
BRDA:438,37,0,9
BRDA:438,37,1,9
BRDA:453,38,0,11
BRDA:453,38,1,0
BRDA:464,39,0,9
BRDA:464,39,1,0
BRDA:483,40,0,0
BRDA:483,41,0,296
BRDA:483,41,1,296
BRDA:491,42,0,0
BRDA:510,43,0,296
BRDA:510,43,1,0
BRDA:525,44,0,0
BRDA:525,44,1,0
BRF:68
BRH:38
end_of_record
TN:
SF:src/nip46/types.ts
FN:24,(anonymous_0)
FN:62,(anonymous_1)
FN:188,(anonymous_2)
FN:195,(anonymous_3)
FN:202,(anonymous_4)
FN:209,(anonymous_5)
FN:216,(anonymous_6)
FN:223,(anonymous_7)
FN:230,(anonymous_8)
FN:237,(anonymous_9)
FN:244,(anonymous_10)
FN:257,(anonymous_11)
FN:273,(anonymous_12)
FN:283,(anonymous_13)
FNF:14
FNH:9
FNDA:11,(anonymous_0)
FNDA:11,(anonymous_1)
FNDA:157,(anonymous_2)
FNDA:55,(anonymous_3)
FNDA:73,(anonymous_4)
FNDA:0,(anonymous_5)
FNDA:9,(anonymous_6)
FNDA:0,(anonymous_7)
FNDA:0,(anonymous_8)
FNDA:7,(anonymous_9)
FNDA:0,(anonymous_10)
FNDA:1,(anonymous_11)
FNDA:0,(anonymous_12)
FNDA:1,(anonymous_13)
DA:24,11
DA:26,11
DA:27,11
DA:28,11
DA:29,11
DA:30,11
DA:33,11
DA:34,11
DA:37,11
DA:38,11
DA:41,11
DA:42,11
DA:45,11
DA:46,11
DA:47,11
DA:62,11
DA:63,11
DA:64,11
DA:65,11
DA:66,11
DA:67,11
DA:68,11
DA:69,11
DA:70,11
DA:71,11
DA:72,11
DA:187,11
DA:189,157
DA:190,157
DA:194,11
DA:196,55
DA:197,55
DA:201,11
DA:203,73
DA:204,73
DA:208,11
DA:210,0
DA:211,0
DA:215,11
DA:217,9
DA:218,9
DA:222,11
DA:224,0
DA:225,0
DA:229,11
DA:231,0
DA:232,0
DA:236,11
DA:238,7
DA:239,7
DA:243,11
DA:245,0
DA:246,0
DA:253,11
DA:263,1
DA:264,1
DA:274,0
DA:284,1
DA:300,1
LF:59
LH:50
BRDA:24,0,0,11
BRDA:24,0,1,11
BRDA:62,1,0,11
BRDA:62,1,1,11
BRDA:300,2,0,1
BRDA:300,2,1,0
BRF:6
BRH:5
end_of_record
TN:
SF:src/nip46/utils/connection.ts
FN:10,buildConnectionString
FN:12,(anonymous_1)
FN:27,parseConnectionString
FN:63,(anonymous_3)
FN:80,(anonymous_4)
FN:95,(anonymous_5)
FN:95,(anonymous_6)
FNF:7
FNH:7
FNDA:64,buildConnectionString
FNDA:64,(anonymous_1)
FNDA:109,parseConnectionString
FNDA:291,(anonymous_3)
FNDA:74,(anonymous_4)
FNDA:6,(anonymous_5)
FNDA:6,(anonymous_6)
DA:10,11
DA:11,64
DA:12,64
DA:13,64
DA:14,0
DA:16,64
DA:17,64
DA:20,11
DA:22,11
DA:27,11
DA:29,109
DA:30,2
DA:34,107
DA:35,1
DA:39,106
DA:40,5
DA:46,101
DA:47,4
DA:51,97
DA:52,97
DA:53,97
DA:58,97
DA:59,97
DA:60,97
DA:63,291
DA:64,97
DA:66,97
DA:69,97
DA:70,15
DA:75,82
DA:76,82
DA:79,82
DA:80,82
DA:82,74
DA:86,82
DA:87,82
DA:88,2
DA:92,80
DA:94,80
DA:95,6
DA:96,6
DA:101,80
DA:102,80
DA:103,80
DA:104,80
DA:106,80
DA:107,1
DA:109,80
DA:111,1
DA:112,1
DA:113,0
DA:118,80
DA:120,1
DA:121,1
DA:122,1
DA:128,80
DA:130,2
DA:131,2
DA:133,0
DA:134,0
LF:60
LH:56
BRDA:13,0,0,0
BRDA:17,1,0,64
BRDA:17,1,1,0
BRDA:29,2,0,2
BRDA:29,3,0,109
BRDA:29,3,1,107
BRDA:34,4,0,1
BRDA:39,5,0,5
BRDA:39,6,0,106
BRDA:39,6,1,6
BRDA:46,7,0,4
BRDA:46,8,0,101
BRDA:46,8,1,99
BRDA:46,8,2,99
BRDA:46,8,3,98
BRDA:51,9,0,96
BRDA:51,9,1,1
BRDA:52,10,0,96
BRDA:52,10,1,1
BRDA:64,11,0,90
BRDA:64,11,1,7
BRDA:66,12,0,7
BRDA:66,12,1,90
BRDA:69,13,0,15
BRDA:86,14,0,82
BRDA:86,14,1,79
BRDA:87,15,0,2
BRDA:87,16,0,82
BRDA:87,16,1,3
BRDA:87,16,2,2
BRDA:94,17,0,2
BRDA:106,18,0,1
BRDA:109,19,0,1
BRDA:118,20,0,1
BRDA:130,21,0,2
BRDA:130,22,0,2
BRDA:130,22,1,0
BRDA:133,23,0,0
BRDA:133,23,1,0
BRF:39
BRH:34
end_of_record
TN:
SF:src/nip46/utils/logger.ts
FN:5,(anonymous_0)
FN:28,(anonymous_1)
FN:34,(anonymous_2)
FN:48,(anonymous_3)
FN:54,(anonymous_4)
FN:60,(anonymous_5)
FN:66,(anonymous_6)
FN:72,(anonymous_7)
FN:78,(anonymous_8)
FNF:9
FNH:8
FNDA:11,(anonymous_0)
FNDA:169,(anonymous_1)
FNDA:6200,(anonymous_2)
FNDA:7,(anonymous_3)
FNDA:34,(anonymous_4)
FNDA:2172,(anonymous_5)
FNDA:8314,(anonymous_6)
FNDA:345,(anonymous_7)
FNDA:0,(anonymous_8)
DA:5,11
DA:6,11
DA:7,11
DA:8,11
DA:9,11
DA:10,11
DA:11,11
DA:23,11
DA:29,169
DA:30,169
DA:31,169
DA:35,6200
DA:37,6200
DA:38,0
DA:41,6200
DA:42,6200
DA:45,6200
DA:49,7
DA:50,7
DA:55,34
DA:56,34
DA:61,2172
DA:62,2172
DA:67,8314
DA:68,3987
DA:73,345
DA:74,0
DA:79,0
LF:28
LH:25
BRDA:5,0,0,11
BRDA:5,0,1,11
BRDA:28,1,0,0
BRDA:29,2,0,169
BRDA:29,2,1,0
BRDA:30,3,0,169
BRDA:30,3,1,0
BRDA:31,4,0,169
BRDA:31,4,1,169
BRDA:37,5,0,0
BRDA:41,6,0,6200
BRDA:49,7,0,7
BRDA:55,8,0,34
BRDA:61,9,0,2172
BRDA:67,10,0,3987
BRDA:73,11,0,0
BRF:16
BRH:11
end_of_record
TN:
SF:src/nip46/utils/request-response.ts
FN:50,(anonymous_0)
FN:12,generateRequestId
FN:20,createRequest
FN:34,createSuccessResponse
FN:44,createErrorResponse
FNF:5
FNH:3
FNDA:0,(anonymous_0)
FNDA:345,generateRequestId
FNDA:0,createRequest
FNDA:603,createSuccessResponse
FNDA:791,createErrorResponse
DA:6,11
DA:12,11
DA:13,345
DA:14,345
DA:20,11
DA:24,0
DA:34,11
DA:38,603
DA:44,11
DA:45,791
DA:50,11
LF:11
LH:10
BRF:0
BRH:0
end_of_record
TN:
SF:src/nip46/utils/validator.ts
FN:18,(anonymous_0)
FN:53,(anonymous_1)
FN:98,(anonymous_2)
FN:132,(anonymous_3)
FN:144,(anonymous_4)
FN:156,(anonymous_5)
FN:168,(anonymous_6)
FN:180,(anonymous_7)
FN:218,(anonymous_8)
FN:225,(anonymous_9)
FN:253,(anonymous_10)
FN:298,(anonymous_11)
FN:334,(anonymous_12)
FN:395,(anonymous_13)
FN:417,(anonymous_14)
FN:431,(anonymous_15)
FN:451,(anonymous_16)
FN:478,(anonymous_17)
FNF:18
FNH:10
FNDA:0,(anonymous_0)
FNDA:0,(anonymous_1)
FNDA:0,(anonymous_2)
FNDA:97,(anonymous_3)
FNDA:7,(anonymous_4)
FNDA:7,(anonymous_5)
FNDA:0,(anonymous_6)
FNDA:0,(anonymous_7)
FNDA:0,(anonymous_8)
FNDA:0,(anonymous_9)
FNDA:74,(anonymous_10)
FNDA:6,(anonymous_11)
FNDA:0,(anonymous_12)
FNDA:3,(anonymous_13)
FNDA:3,(anonymous_14)
FNDA:3,(anonymous_15)
FNDA:1,(anonymous_16)
FNDA:1,(anonymous_17)
DA:1,11
DA:6,11
DA:8,11
DA:9,11
DA:10,11
DA:11,11
DA:12,11
DA:13,11
DA:19,0
DA:20,0
DA:24,0
DA:25,0
DA:29,0
DA:30,0
DA:31,0
DA:34,0
DA:35,0
DA:46,0
DA:54,0
DA:55,0
DA:58,0
DA:61,0
DA:62,0
DA:63,0
DA:64,0
DA:69,0
DA:72,0
DA:76,0
DA:77,0
DA:81,0
DA:82,0
DA:83,0
DA:84,0
DA:88,0
DA:89,0
DA:92,0
DA:99,0
DA:100,0
DA:104,0
DA:105,0
DA:108,0
DA:109,0
DA:110,0
DA:114,0
DA:115,0
DA:116,0
DA:120,0
DA:121,0
DA:126,0
DA:133,97
DA:134,3
DA:138,94
DA:145,7
DA:146,1
DA:150,6
DA:157,7
DA:158,1
DA:162,6
DA:169,0
DA:170,0
DA:174,0
DA:181,0
DA:182,0
DA:186,0
DA:187,0
DA:191,0
DA:194,0
DA:198,0
DA:199,0
DA:203,0
DA:204,0
DA:208,0
DA:209,0
DA:212,0
DA:219,0
DA:226,0
DA:227,0
DA:231,0
DA:232,0
DA:236,0
DA:237,0
DA:238,0
DA:242,0
DA:243,0
DA:247,0
DA:254,74
DA:255,0
DA:258,74
DA:259,74
DA:262,73
DA:263,1
DA:267,72
DA:268,0
DA:272,72
DA:273,0
DA:276,72
DA:279,1
DA:280,1
DA:291,1
DA:299,6
DA:300,0
DA:303,6
DA:317,6
DA:318,3
DA:322,3
DA:323,3
DA:324,2
DA:325,2
DA:328,1
DA:335,0
DA:336,0
DA:340,0
DA:342,0
DA:345,0
DA:346,0
DA:349,0
DA:350,0
DA:351,0
DA:355,0
DA:356,0
DA:357,0
DA:358,0
DA:363,0
DA:364,0
DA:365,0
DA:366,0
DA:367,0
DA:368,0
DA:373,0
DA:376,0
DA:377,0
DA:388,0
DA:396,3
DA:397,0
DA:401,3
DA:402,1
DA:405,2
DA:406,2
DA:407,1
DA:409,1
DA:410,1
DA:418,3
DA:419,0
DA:422,3
DA:432,3
DA:433,0
DA:436,3
DA:437,3
DA:440,3
DA:447,11
DA:452,1
DA:465,1
DA:466,0
DA:467,0
DA:468,0
DA:472,1
DA:479,1
DA:482,1
DA:483,0
DA:484,0
DA:488,1
LF:161
LH:58
BRDA:19,0,0,0
BRDA:19,1,0,0
BRDA:19,1,1,0
BRDA:24,2,0,0
BRDA:34,3,0,0
BRDA:34,3,1,0
BRDA:54,4,0,0
BRDA:54,5,0,0
BRDA:54,5,1,0
BRDA:63,6,0,0
BRDA:69,7,0,0
BRDA:69,8,0,0
BRDA:69,8,1,0
BRDA:69,8,2,0
BRDA:76,9,0,0
BRDA:76,10,0,0
BRDA:76,10,1,0
BRDA:83,11,0,0
BRDA:88,12,0,0
BRDA:88,13,0,0
BRDA:88,13,1,0
BRDA:99,14,0,0
BRDA:104,15,0,0
BRDA:109,16,0,0
BRDA:109,17,0,0
BRDA:109,17,1,0
BRDA:115,18,0,0
BRDA:120,19,0,0
BRDA:133,20,0,3
BRDA:133,21,0,97
BRDA:133,21,1,94
BRDA:145,22,0,1
BRDA:145,23,0,7
BRDA:145,23,1,6
BRDA:157,24,0,1
BRDA:157,25,0,7
BRDA:157,25,1,6
BRDA:169,26,0,0
BRDA:169,27,0,0
BRDA:169,27,1,0
BRDA:181,28,0,0
BRDA:181,29,0,0
BRDA:181,29,1,0
BRDA:186,30,0,0
BRDA:186,31,0,0
BRDA:186,31,1,0
BRDA:186,31,2,0
BRDA:191,32,0,0
BRDA:191,33,0,0
BRDA:191,33,1,0
BRDA:191,33,2,0
BRDA:198,34,0,0
BRDA:203,35,0,0
BRDA:208,36,0,0
BRDA:208,37,0,0
BRDA:208,37,1,0
BRDA:226,38,0,0
BRDA:231,39,0,0
BRDA:237,40,0,0
BRDA:242,41,0,0
BRDA:254,42,0,0
BRDA:254,43,0,74
BRDA:254,43,1,74
BRDA:262,44,0,1
BRDA:262,45,0,73
BRDA:262,45,1,1
BRDA:267,46,0,0
BRDA:267,47,0,72
BRDA:267,47,1,0
BRDA:272,48,0,0
BRDA:272,49,0,72
BRDA:272,49,1,72
BRDA:279,50,0,0
BRDA:279,50,1,1
BRDA:299,51,0,0
BRDA:299,52,0,6
BRDA:299,52,1,6
BRDA:317,53,0,3
BRDA:323,54,0,2
BRDA:325,55,0,2
BRDA:325,55,1,2
BRDA:335,56,0,0
BRDA:335,57,0,0
BRDA:335,57,1,0
BRDA:340,58,0,0
BRDA:340,59,0,0
BRDA:340,59,1,0
BRDA:350,60,0,0
BRDA:357,61,0,0
BRDA:364,62,0,0
BRDA:367,63,0,0
BRDA:376,64,0,0
BRDA:376,64,1,0
BRDA:396,65,0,0
BRDA:396,66,0,3
BRDA:396,66,1,3
BRDA:401,67,0,1
BRDA:409,68,0,1
BRDA:409,68,1,0
BRDA:417,69,0,0
BRDA:418,70,0,0
BRDA:418,71,0,3
BRDA:418,71,1,3
BRDA:431,72,0,0
BRDA:432,73,0,0
BRDA:432,74,0,3
BRDA:432,74,1,3
BRDA:440,75,0,3
BRDA:440,75,1,2
BRDA:451,76,0,0
BRDA:465,77,0,0
BRDA:468,78,0,0
BRDA:468,78,1,0
BRDA:478,79,0,1
BRDA:483,80,0,0
BRF:115
BRH:35
end_of_record
